CRITICAL - 2020-12-06 10:26:14 --> Invalid file: _panel/header.php
#0 /var/www/html/localfarm-master/vendor/codeigniter4/framework/system/View/View.php(228): CodeIgniter\Exceptions\FrameworkException::forInvalidFile()
#1 /var/www/html/localfarm-master/vendor/codeigniter4/framework/system/Common.php(1119): CodeIgniter\View\View->render()
#2 /var/www/html/localfarm-master/app/Controllers/Panel.php(7): view()
#3 /var/www/html/localfarm-master/vendor/codeigniter4/framework/system/CodeIgniter.php(918): App\Controllers\Panel->index()
#4 /var/www/html/localfarm-master/vendor/codeigniter4/framework/system/CodeIgniter.php(404): CodeIgniter\CodeIgniter->runController()
#5 /var/www/html/localfarm-master/vendor/codeigniter4/framework/system/CodeIgniter.php(312): CodeIgniter\CodeIgniter->handleRequest()
#6 /var/www/html/localfarm-master/public/index.php(45): CodeIgniter\CodeIgniter->run()
#7 /var/www/html/localfarm-master/vendor/codeigniter4/framework/system/Commands/Server/rewrite.php(34): require_once('/var/www/html/l...')
#8 {main}
CRITICAL - 2020-12-06 10:44:29 --> Call to undefined function App\Controllers\checkSession()
#0 /var/www/html/localfarm-master/vendor/codeigniter4/framework/system/CodeIgniter.php(918): App\Controllers\Panel->index()
#1 /var/www/html/localfarm-master/vendor/codeigniter4/framework/system/CodeIgniter.php(404): CodeIgniter\CodeIgniter->runController()
#2 /var/www/html/localfarm-master/vendor/codeigniter4/framework/system/CodeIgniter.php(312): CodeIgniter\CodeIgniter->handleRequest()
#3 /var/www/html/localfarm-master/public/index.php(45): CodeIgniter\CodeIgniter->run()
#4 /var/www/html/localfarm-master/vendor/codeigniter4/framework/system/Commands/Server/rewrite.php(34): require_once('/var/www/html/l...')
#5 {main}
CRITICAL - 2020-12-06 10:45:11 --> Undefined variable: Panel
#0 /var/www/html/localfarm-master/app/Controllers/Panel.php(17): CodeIgniter\Debug\Exceptions->errorHandler()
#1 /var/www/html/localfarm-master/vendor/codeigniter4/framework/system/CodeIgniter.php(918): App\Controllers\Panel->index()
#2 /var/www/html/localfarm-master/vendor/codeigniter4/framework/system/CodeIgniter.php(404): CodeIgniter\CodeIgniter->runController()
#3 /var/www/html/localfarm-master/vendor/codeigniter4/framework/system/CodeIgniter.php(312): CodeIgniter\CodeIgniter->handleRequest()
#4 /var/www/html/localfarm-master/public/index.php(45): CodeIgniter\CodeIgniter->run()
#5 /var/www/html/localfarm-master/vendor/codeigniter4/framework/system/Commands/Server/rewrite.php(34): require_once('/var/www/html/l...')
#6 {main}
CRITICAL - 2020-12-06 10:45:11 --> Undefined variable: Panel
#0 /var/www/html/localfarm-master/app/Controllers/Panel.php(17): CodeIgniter\Debug\Exceptions->errorHandler()
#1 /var/www/html/localfarm-master/vendor/codeigniter4/framework/system/CodeIgniter.php(918): App\Controllers\Panel->index()
#2 /var/www/html/localfarm-master/vendor/codeigniter4/framework/system/CodeIgniter.php(404): CodeIgniter\CodeIgniter->runController()
#3 /var/www/html/localfarm-master/vendor/codeigniter4/framework/system/CodeIgniter.php(312): CodeIgniter\CodeIgniter->handleRequest()
#4 /var/www/html/localfarm-master/public/index.php(45): CodeIgniter\CodeIgniter->run()
#5 /var/www/html/localfarm-master/vendor/codeigniter4/framework/system/Commands/Server/rewrite.php(34): require_once('/var/www/html/l...')
#6 {main}
CRITICAL - 2020-12-06 10:45:58 --> Undefined property: App\Controllers\Panel::$checkSession
#0 /var/www/html/localfarm-master/app/Controllers/Panel.php(17): CodeIgniter\Debug\Exceptions->errorHandler()
#1 /var/www/html/localfarm-master/vendor/codeigniter4/framework/system/CodeIgniter.php(918): App\Controllers\Panel->index()
#2 /var/www/html/localfarm-master/vendor/codeigniter4/framework/system/CodeIgniter.php(404): CodeIgniter\CodeIgniter->runController()
#3 /var/www/html/localfarm-master/vendor/codeigniter4/framework/system/CodeIgniter.php(312): CodeIgniter\CodeIgniter->handleRequest()
#4 /var/www/html/localfarm-master/public/index.php(45): CodeIgniter\CodeIgniter->run()
#5 /var/www/html/localfarm-master/vendor/codeigniter4/framework/system/Commands/Server/rewrite.php(34): require_once('/var/www/html/l...')
#6 {main}
CRITICAL - 2020-12-06 10:45:59 --> Undefined property: App\Controllers\Panel::$checkSession
#0 /var/www/html/localfarm-master/app/Controllers/Panel.php(17): CodeIgniter\Debug\Exceptions->errorHandler()
#1 /var/www/html/localfarm-master/vendor/codeigniter4/framework/system/CodeIgniter.php(918): App\Controllers\Panel->index()
#2 /var/www/html/localfarm-master/vendor/codeigniter4/framework/system/CodeIgniter.php(404): CodeIgniter\CodeIgniter->runController()
#3 /var/www/html/localfarm-master/vendor/codeigniter4/framework/system/CodeIgniter.php(312): CodeIgniter\CodeIgniter->handleRequest()
#4 /var/www/html/localfarm-master/public/index.php(45): CodeIgniter\CodeIgniter->run()
#5 /var/www/html/localfarm-master/vendor/codeigniter4/framework/system/Commands/Server/rewrite.php(34): require_once('/var/www/html/l...')
#6 {main}
CRITICAL - 2020-12-06 10:46:00 --> Undefined property: App\Controllers\Panel::$checkSession
#0 /var/www/html/localfarm-master/app/Controllers/Panel.php(17): CodeIgniter\Debug\Exceptions->errorHandler()
#1 /var/www/html/localfarm-master/vendor/codeigniter4/framework/system/CodeIgniter.php(918): App\Controllers\Panel->index()
#2 /var/www/html/localfarm-master/vendor/codeigniter4/framework/system/CodeIgniter.php(404): CodeIgniter\CodeIgniter->runController()
#3 /var/www/html/localfarm-master/vendor/codeigniter4/framework/system/CodeIgniter.php(312): CodeIgniter\CodeIgniter->handleRequest()
#4 /var/www/html/localfarm-master/public/index.php(45): CodeIgniter\CodeIgniter->run()
#5 /var/www/html/localfarm-master/vendor/codeigniter4/framework/system/Commands/Server/rewrite.php(34): require_once('/var/www/html/l...')
#6 {main}
CRITICAL - 2020-12-06 10:46:18 --> Too few arguments to function App\Controllers\Panel::checkSession(), 0 passed in /var/www/html/localfarm-master/app/Controllers/Panel.php on line 17 and exactly 1 expected
#0 /var/www/html/localfarm-master/app/Controllers/Panel.php(17): App\Controllers\Panel->checkSession()
#1 /var/www/html/localfarm-master/vendor/codeigniter4/framework/system/CodeIgniter.php(918): App\Controllers\Panel->index()
#2 /var/www/html/localfarm-master/vendor/codeigniter4/framework/system/CodeIgniter.php(404): CodeIgniter\CodeIgniter->runController()
#3 /var/www/html/localfarm-master/vendor/codeigniter4/framework/system/CodeIgniter.php(312): CodeIgniter\CodeIgniter->handleRequest()
#4 /var/www/html/localfarm-master/public/index.php(45): CodeIgniter\CodeIgniter->run()
#5 /var/www/html/localfarm-master/vendor/codeigniter4/framework/system/Commands/Server/rewrite.php(34): require_once('/var/www/html/l...')
#6 {main}
CRITICAL - 2020-12-06 10:46:19 --> Too few arguments to function App\Controllers\Panel::checkSession(), 0 passed in /var/www/html/localfarm-master/app/Controllers/Panel.php on line 17 and exactly 1 expected
#0 /var/www/html/localfarm-master/app/Controllers/Panel.php(17): App\Controllers\Panel->checkSession()
#1 /var/www/html/localfarm-master/vendor/codeigniter4/framework/system/CodeIgniter.php(918): App\Controllers\Panel->index()
#2 /var/www/html/localfarm-master/vendor/codeigniter4/framework/system/CodeIgniter.php(404): CodeIgniter\CodeIgniter->runController()
#3 /var/www/html/localfarm-master/vendor/codeigniter4/framework/system/CodeIgniter.php(312): CodeIgniter\CodeIgniter->handleRequest()
#4 /var/www/html/localfarm-master/public/index.php(45): CodeIgniter\CodeIgniter->run()
#5 /var/www/html/localfarm-master/vendor/codeigniter4/framework/system/Commands/Server/rewrite.php(34): require_once('/var/www/html/l...')
#6 {main}
CRITICAL - 2020-12-06 10:46:21 --> Too few arguments to function App\Controllers\Panel::checkSession(), 0 passed in /var/www/html/localfarm-master/app/Controllers/Panel.php on line 17 and exactly 1 expected
#0 /var/www/html/localfarm-master/app/Controllers/Panel.php(17): App\Controllers\Panel->checkSession()
#1 /var/www/html/localfarm-master/vendor/codeigniter4/framework/system/CodeIgniter.php(918): App\Controllers\Panel->index()
#2 /var/www/html/localfarm-master/vendor/codeigniter4/framework/system/CodeIgniter.php(404): CodeIgniter\CodeIgniter->runController()
#3 /var/www/html/localfarm-master/vendor/codeigniter4/framework/system/CodeIgniter.php(312): CodeIgniter\CodeIgniter->handleRequest()
#4 /var/www/html/localfarm-master/public/index.php(45): CodeIgniter\CodeIgniter->run()
#5 /var/www/html/localfarm-master/vendor/codeigniter4/framework/system/Commands/Server/rewrite.php(34): require_once('/var/www/html/l...')
#6 {main}
CRITICAL - 2020-12-06 10:56:30 --> Invalid file: _panel/header.php
#0 /var/www/html/localfarm-master/vendor/codeigniter4/framework/system/View/View.php(228): CodeIgniter\Exceptions\FrameworkException::forInvalidFile()
#1 /var/www/html/localfarm-master/vendor/codeigniter4/framework/system/Common.php(1119): CodeIgniter\View\View->render()
#2 /var/www/html/localfarm-master/app/Controllers/Panel.php(22): view()
#3 /var/www/html/localfarm-master/vendor/codeigniter4/framework/system/CodeIgniter.php(918): App\Controllers\Panel->index()
#4 /var/www/html/localfarm-master/vendor/codeigniter4/framework/system/CodeIgniter.php(404): CodeIgniter\CodeIgniter->runController()
#5 /var/www/html/localfarm-master/vendor/codeigniter4/framework/system/CodeIgniter.php(312): CodeIgniter\CodeIgniter->handleRequest()
#6 /var/www/html/localfarm-master/public/index.php(45): CodeIgniter\CodeIgniter->run()
#7 /var/www/html/localfarm-master/vendor/codeigniter4/framework/system/Commands/Server/rewrite.php(34): require_once('/var/www/html/l...')
#8 {main}
CRITICAL - 2020-12-06 10:56:31 --> Invalid file: _panel/header.php
#0 /var/www/html/localfarm-master/vendor/codeigniter4/framework/system/View/View.php(228): CodeIgniter\Exceptions\FrameworkException::forInvalidFile()
#1 /var/www/html/localfarm-master/vendor/codeigniter4/framework/system/Common.php(1119): CodeIgniter\View\View->render()
#2 /var/www/html/localfarm-master/app/Controllers/Panel.php(22): view()
#3 /var/www/html/localfarm-master/vendor/codeigniter4/framework/system/CodeIgniter.php(918): App\Controllers\Panel->index()
#4 /var/www/html/localfarm-master/vendor/codeigniter4/framework/system/CodeIgniter.php(404): CodeIgniter\CodeIgniter->runController()
#5 /var/www/html/localfarm-master/vendor/codeigniter4/framework/system/CodeIgniter.php(312): CodeIgniter\CodeIgniter->handleRequest()
#6 /var/www/html/localfarm-master/public/index.php(45): CodeIgniter\CodeIgniter->run()
#7 /var/www/html/localfarm-master/vendor/codeigniter4/framework/system/Commands/Server/rewrite.php(34): require_once('/var/www/html/l...')
#8 {main}
CRITICAL - 2020-12-06 10:56:32 --> Invalid file: _panel/header.php
#0 /var/www/html/localfarm-master/vendor/codeigniter4/framework/system/View/View.php(228): CodeIgniter\Exceptions\FrameworkException::forInvalidFile()
#1 /var/www/html/localfarm-master/vendor/codeigniter4/framework/system/Common.php(1119): CodeIgniter\View\View->render()
#2 /var/www/html/localfarm-master/app/Controllers/Panel.php(22): view()
#3 /var/www/html/localfarm-master/vendor/codeigniter4/framework/system/CodeIgniter.php(918): App\Controllers\Panel->index()
#4 /var/www/html/localfarm-master/vendor/codeigniter4/framework/system/CodeIgniter.php(404): CodeIgniter\CodeIgniter->runController()
#5 /var/www/html/localfarm-master/vendor/codeigniter4/framework/system/CodeIgniter.php(312): CodeIgniter\CodeIgniter->handleRequest()
#6 /var/www/html/localfarm-master/public/index.php(45): CodeIgniter\CodeIgniter->run()
#7 /var/www/html/localfarm-master/vendor/codeigniter4/framework/system/Commands/Server/rewrite.php(34): require_once('/var/www/html/l...')
#8 {main}
CRITICAL - 2020-12-06 10:56:32 --> Invalid file: _panel/header.php
#0 /var/www/html/localfarm-master/vendor/codeigniter4/framework/system/View/View.php(228): CodeIgniter\Exceptions\FrameworkException::forInvalidFile()
#1 /var/www/html/localfarm-master/vendor/codeigniter4/framework/system/Common.php(1119): CodeIgniter\View\View->render()
#2 /var/www/html/localfarm-master/app/Controllers/Panel.php(22): view()
#3 /var/www/html/localfarm-master/vendor/codeigniter4/framework/system/CodeIgniter.php(918): App\Controllers\Panel->index()
#4 /var/www/html/localfarm-master/vendor/codeigniter4/framework/system/CodeIgniter.php(404): CodeIgniter\CodeIgniter->runController()
#5 /var/www/html/localfarm-master/vendor/codeigniter4/framework/system/CodeIgniter.php(312): CodeIgniter\CodeIgniter->handleRequest()
#6 /var/www/html/localfarm-master/public/index.php(45): CodeIgniter\CodeIgniter->run()
#7 /var/www/html/localfarm-master/vendor/codeigniter4/framework/system/Commands/Server/rewrite.php(34): require_once('/var/www/html/l...')
#8 {main}
CRITICAL - 2020-12-06 10:56:33 --> Invalid file: _panel/header.php
#0 /var/www/html/localfarm-master/vendor/codeigniter4/framework/system/View/View.php(228): CodeIgniter\Exceptions\FrameworkException::forInvalidFile()
#1 /var/www/html/localfarm-master/vendor/codeigniter4/framework/system/Common.php(1119): CodeIgniter\View\View->render()
#2 /var/www/html/localfarm-master/app/Controllers/Panel.php(22): view()
#3 /var/www/html/localfarm-master/vendor/codeigniter4/framework/system/CodeIgniter.php(918): App\Controllers\Panel->index()
#4 /var/www/html/localfarm-master/vendor/codeigniter4/framework/system/CodeIgniter.php(404): CodeIgniter\CodeIgniter->runController()
#5 /var/www/html/localfarm-master/vendor/codeigniter4/framework/system/CodeIgniter.php(312): CodeIgniter\CodeIgniter->handleRequest()
#6 /var/www/html/localfarm-master/public/index.php(45): CodeIgniter\CodeIgniter->run()
#7 /var/www/html/localfarm-master/vendor/codeigniter4/framework/system/Commands/Server/rewrite.php(34): require_once('/var/www/html/l...')
#8 {main}
CRITICAL - 2020-12-06 10:56:33 --> Invalid file: _panel/header.php
#0 /var/www/html/localfarm-master/vendor/codeigniter4/framework/system/View/View.php(228): CodeIgniter\Exceptions\FrameworkException::forInvalidFile()
#1 /var/www/html/localfarm-master/vendor/codeigniter4/framework/system/Common.php(1119): CodeIgniter\View\View->render()
#2 /var/www/html/localfarm-master/app/Controllers/Panel.php(22): view()
#3 /var/www/html/localfarm-master/vendor/codeigniter4/framework/system/CodeIgniter.php(918): App\Controllers\Panel->index()
#4 /var/www/html/localfarm-master/vendor/codeigniter4/framework/system/CodeIgniter.php(404): CodeIgniter\CodeIgniter->runController()
#5 /var/www/html/localfarm-master/vendor/codeigniter4/framework/system/CodeIgniter.php(312): CodeIgniter\CodeIgniter->handleRequest()
#6 /var/www/html/localfarm-master/public/index.php(45): CodeIgniter\CodeIgniter->run()
#7 /var/www/html/localfarm-master/vendor/codeigniter4/framework/system/Commands/Server/rewrite.php(34): require_once('/var/www/html/l...')
#8 {main}
CRITICAL - 2020-12-06 10:56:33 --> Invalid file: _panel/header.php
#0 /var/www/html/localfarm-master/vendor/codeigniter4/framework/system/View/View.php(228): CodeIgniter\Exceptions\FrameworkException::forInvalidFile()
#1 /var/www/html/localfarm-master/vendor/codeigniter4/framework/system/Common.php(1119): CodeIgniter\View\View->render()
#2 /var/www/html/localfarm-master/app/Controllers/Panel.php(22): view()
#3 /var/www/html/localfarm-master/vendor/codeigniter4/framework/system/CodeIgniter.php(918): App\Controllers\Panel->index()
#4 /var/www/html/localfarm-master/vendor/codeigniter4/framework/system/CodeIgniter.php(404): CodeIgniter\CodeIgniter->runController()
#5 /var/www/html/localfarm-master/vendor/codeigniter4/framework/system/CodeIgniter.php(312): CodeIgniter\CodeIgniter->handleRequest()
#6 /var/www/html/localfarm-master/public/index.php(45): CodeIgniter\CodeIgniter->run()
#7 /var/www/html/localfarm-master/vendor/codeigniter4/framework/system/Commands/Server/rewrite.php(34): require_once('/var/www/html/l...')
#8 {main}
CRITICAL - 2020-12-06 10:56:35 --> Invalid file: _panel/header.php
#0 /var/www/html/localfarm-master/vendor/codeigniter4/framework/system/View/View.php(228): CodeIgniter\Exceptions\FrameworkException::forInvalidFile()
#1 /var/www/html/localfarm-master/vendor/codeigniter4/framework/system/Common.php(1119): CodeIgniter\View\View->render()
#2 /var/www/html/localfarm-master/app/Controllers/Panel.php(22): view()
#3 /var/www/html/localfarm-master/vendor/codeigniter4/framework/system/CodeIgniter.php(918): App\Controllers\Panel->index()
#4 /var/www/html/localfarm-master/vendor/codeigniter4/framework/system/CodeIgniter.php(404): CodeIgniter\CodeIgniter->runController()
#5 /var/www/html/localfarm-master/vendor/codeigniter4/framework/system/CodeIgniter.php(312): CodeIgniter\CodeIgniter->handleRequest()
#6 /var/www/html/localfarm-master/public/index.php(45): CodeIgniter\CodeIgniter->run()
#7 /var/www/html/localfarm-master/vendor/codeigniter4/framework/system/Commands/Server/rewrite.php(34): require_once('/var/www/html/l...')
#8 {main}
CRITICAL - 2020-12-06 10:56:35 --> Invalid file: _panel/header.php
#0 /var/www/html/localfarm-master/vendor/codeigniter4/framework/system/View/View.php(228): CodeIgniter\Exceptions\FrameworkException::forInvalidFile()
#1 /var/www/html/localfarm-master/vendor/codeigniter4/framework/system/Common.php(1119): CodeIgniter\View\View->render()
#2 /var/www/html/localfarm-master/app/Controllers/Panel.php(22): view()
#3 /var/www/html/localfarm-master/vendor/codeigniter4/framework/system/CodeIgniter.php(918): App\Controllers\Panel->index()
#4 /var/www/html/localfarm-master/vendor/codeigniter4/framework/system/CodeIgniter.php(404): CodeIgniter\CodeIgniter->runController()
#5 /var/www/html/localfarm-master/vendor/codeigniter4/framework/system/CodeIgniter.php(312): CodeIgniter\CodeIgniter->handleRequest()
#6 /var/www/html/localfarm-master/public/index.php(45): CodeIgniter\CodeIgniter->run()
#7 /var/www/html/localfarm-master/vendor/codeigniter4/framework/system/Commands/Server/rewrite.php(34): require_once('/var/www/html/l...')
#8 {main}
CRITICAL - 2020-12-06 10:56:35 --> Invalid file: _panel/header.php
#0 /var/www/html/localfarm-master/vendor/codeigniter4/framework/system/View/View.php(228): CodeIgniter\Exceptions\FrameworkException::forInvalidFile()
#1 /var/www/html/localfarm-master/vendor/codeigniter4/framework/system/Common.php(1119): CodeIgniter\View\View->render()
#2 /var/www/html/localfarm-master/app/Controllers/Panel.php(22): view()
#3 /var/www/html/localfarm-master/vendor/codeigniter4/framework/system/CodeIgniter.php(918): App\Controllers\Panel->index()
#4 /var/www/html/localfarm-master/vendor/codeigniter4/framework/system/CodeIgniter.php(404): CodeIgniter\CodeIgniter->runController()
#5 /var/www/html/localfarm-master/vendor/codeigniter4/framework/system/CodeIgniter.php(312): CodeIgniter\CodeIgniter->handleRequest()
#6 /var/www/html/localfarm-master/public/index.php(45): CodeIgniter\CodeIgniter->run()
#7 /var/www/html/localfarm-master/vendor/codeigniter4/framework/system/Commands/Server/rewrite.php(34): require_once('/var/www/html/l...')
#8 {main}
CRITICAL - 2020-12-06 10:56:36 --> Invalid file: _panel/header.php
#0 /var/www/html/localfarm-master/vendor/codeigniter4/framework/system/View/View.php(228): CodeIgniter\Exceptions\FrameworkException::forInvalidFile()
#1 /var/www/html/localfarm-master/vendor/codeigniter4/framework/system/Common.php(1119): CodeIgniter\View\View->render()
#2 /var/www/html/localfarm-master/app/Controllers/Panel.php(22): view()
#3 /var/www/html/localfarm-master/vendor/codeigniter4/framework/system/CodeIgniter.php(918): App\Controllers\Panel->index()
#4 /var/www/html/localfarm-master/vendor/codeigniter4/framework/system/CodeIgniter.php(404): CodeIgniter\CodeIgniter->runController()
#5 /var/www/html/localfarm-master/vendor/codeigniter4/framework/system/CodeIgniter.php(312): CodeIgniter\CodeIgniter->handleRequest()
#6 /var/www/html/localfarm-master/public/index.php(45): CodeIgniter\CodeIgniter->run()
#7 /var/www/html/localfarm-master/vendor/codeigniter4/framework/system/Commands/Server/rewrite.php(34): require_once('/var/www/html/l...')
#8 {main}
CRITICAL - 2020-12-06 10:56:37 --> Invalid file: _panel/header.php
#0 /var/www/html/localfarm-master/vendor/codeigniter4/framework/system/View/View.php(228): CodeIgniter\Exceptions\FrameworkException::forInvalidFile()
#1 /var/www/html/localfarm-master/vendor/codeigniter4/framework/system/Common.php(1119): CodeIgniter\View\View->render()
#2 /var/www/html/localfarm-master/app/Controllers/Panel.php(22): view()
#3 /var/www/html/localfarm-master/vendor/codeigniter4/framework/system/CodeIgniter.php(918): App\Controllers\Panel->index()
#4 /var/www/html/localfarm-master/vendor/codeigniter4/framework/system/CodeIgniter.php(404): CodeIgniter\CodeIgniter->runController()
#5 /var/www/html/localfarm-master/vendor/codeigniter4/framework/system/CodeIgniter.php(312): CodeIgniter\CodeIgniter->handleRequest()
#6 /var/www/html/localfarm-master/public/index.php(45): CodeIgniter\CodeIgniter->run()
#7 /var/www/html/localfarm-master/vendor/codeigniter4/framework/system/Commands/Server/rewrite.php(34): require_once('/var/www/html/l...')
#8 {main}
CRITICAL - 2020-12-06 10:56:37 --> Invalid file: _panel/header.php
#0 /var/www/html/localfarm-master/vendor/codeigniter4/framework/system/View/View.php(228): CodeIgniter\Exceptions\FrameworkException::forInvalidFile()
#1 /var/www/html/localfarm-master/vendor/codeigniter4/framework/system/Common.php(1119): CodeIgniter\View\View->render()
#2 /var/www/html/localfarm-master/app/Controllers/Panel.php(22): view()
#3 /var/www/html/localfarm-master/vendor/codeigniter4/framework/system/CodeIgniter.php(918): App\Controllers\Panel->index()
#4 /var/www/html/localfarm-master/vendor/codeigniter4/framework/system/CodeIgniter.php(404): CodeIgniter\CodeIgniter->runController()
#5 /var/www/html/localfarm-master/vendor/codeigniter4/framework/system/CodeIgniter.php(312): CodeIgniter\CodeIgniter->handleRequest()
#6 /var/www/html/localfarm-master/public/index.php(45): CodeIgniter\CodeIgniter->run()
#7 /var/www/html/localfarm-master/vendor/codeigniter4/framework/system/Commands/Server/rewrite.php(34): require_once('/var/www/html/l...')
#8 {main}
CRITICAL - 2020-12-06 10:56:37 --> Invalid file: _panel/header.php
#0 /var/www/html/localfarm-master/vendor/codeigniter4/framework/system/View/View.php(228): CodeIgniter\Exceptions\FrameworkException::forInvalidFile()
#1 /var/www/html/localfarm-master/vendor/codeigniter4/framework/system/Common.php(1119): CodeIgniter\View\View->render()
#2 /var/www/html/localfarm-master/app/Controllers/Panel.php(22): view()
#3 /var/www/html/localfarm-master/vendor/codeigniter4/framework/system/CodeIgniter.php(918): App\Controllers\Panel->index()
#4 /var/www/html/localfarm-master/vendor/codeigniter4/framework/system/CodeIgniter.php(404): CodeIgniter\CodeIgniter->runController()
#5 /var/www/html/localfarm-master/vendor/codeigniter4/framework/system/CodeIgniter.php(312): CodeIgniter\CodeIgniter->handleRequest()
#6 /var/www/html/localfarm-master/public/index.php(45): CodeIgniter\CodeIgniter->run()
#7 /var/www/html/localfarm-master/vendor/codeigniter4/framework/system/Commands/Server/rewrite.php(34): require_once('/var/www/html/l...')
#8 {main}
CRITICAL - 2020-12-06 10:59:08 --> Invalid file: _panel/v_signin.php
#0 /var/www/html/localfarm-master/vendor/codeigniter4/framework/system/View/View.php(228): CodeIgniter\Exceptions\FrameworkException::forInvalidFile()
#1 /var/www/html/localfarm-master/vendor/codeigniter4/framework/system/Common.php(1119): CodeIgniter\View\View->render()
#2 /var/www/html/localfarm-master/app/Controllers/Panel.php(20): view()
#3 /var/www/html/localfarm-master/vendor/codeigniter4/framework/system/CodeIgniter.php(918): App\Controllers\Panel->index()
#4 /var/www/html/localfarm-master/vendor/codeigniter4/framework/system/CodeIgniter.php(404): CodeIgniter\CodeIgniter->runController()
#5 /var/www/html/localfarm-master/vendor/codeigniter4/framework/system/CodeIgniter.php(312): CodeIgniter\CodeIgniter->handleRequest()
#6 /var/www/html/localfarm-master/public/index.php(45): CodeIgniter\CodeIgniter->run()
#7 /var/www/html/localfarm-master/vendor/codeigniter4/framework/system/Commands/Server/rewrite.php(34): require_once('/var/www/html/l...')
#8 {main}
CRITICAL - 2020-12-06 10:59:08 --> Invalid file: _panel/v_signin.php
#0 /var/www/html/localfarm-master/vendor/codeigniter4/framework/system/View/View.php(228): CodeIgniter\Exceptions\FrameworkException::forInvalidFile()
#1 /var/www/html/localfarm-master/vendor/codeigniter4/framework/system/Common.php(1119): CodeIgniter\View\View->render()
#2 /var/www/html/localfarm-master/app/Controllers/Panel.php(20): view()
#3 /var/www/html/localfarm-master/vendor/codeigniter4/framework/system/CodeIgniter.php(918): App\Controllers\Panel->index()
#4 /var/www/html/localfarm-master/vendor/codeigniter4/framework/system/CodeIgniter.php(404): CodeIgniter\CodeIgniter->runController()
#5 /var/www/html/localfarm-master/vendor/codeigniter4/framework/system/CodeIgniter.php(312): CodeIgniter\CodeIgniter->handleRequest()
#6 /var/www/html/localfarm-master/public/index.php(45): CodeIgniter\CodeIgniter->run()
#7 /var/www/html/localfarm-master/vendor/codeigniter4/framework/system/Commands/Server/rewrite.php(34): require_once('/var/www/html/l...')
#8 {main}
CRITICAL - 2020-12-06 10:59:09 --> Invalid file: _panel/v_signin.php
#0 /var/www/html/localfarm-master/vendor/codeigniter4/framework/system/View/View.php(228): CodeIgniter\Exceptions\FrameworkException::forInvalidFile()
#1 /var/www/html/localfarm-master/vendor/codeigniter4/framework/system/Common.php(1119): CodeIgniter\View\View->render()
#2 /var/www/html/localfarm-master/app/Controllers/Panel.php(20): view()
#3 /var/www/html/localfarm-master/vendor/codeigniter4/framework/system/CodeIgniter.php(918): App\Controllers\Panel->index()
#4 /var/www/html/localfarm-master/vendor/codeigniter4/framework/system/CodeIgniter.php(404): CodeIgniter\CodeIgniter->runController()
#5 /var/www/html/localfarm-master/vendor/codeigniter4/framework/system/CodeIgniter.php(312): CodeIgniter\CodeIgniter->handleRequest()
#6 /var/www/html/localfarm-master/public/index.php(45): CodeIgniter\CodeIgniter->run()
#7 /var/www/html/localfarm-master/vendor/codeigniter4/framework/system/Commands/Server/rewrite.php(34): require_once('/var/www/html/l...')
#8 {main}
CRITICAL - 2020-12-06 10:59:09 --> Invalid file: _panel/v_signin.php
#0 /var/www/html/localfarm-master/vendor/codeigniter4/framework/system/View/View.php(228): CodeIgniter\Exceptions\FrameworkException::forInvalidFile()
#1 /var/www/html/localfarm-master/vendor/codeigniter4/framework/system/Common.php(1119): CodeIgniter\View\View->render()
#2 /var/www/html/localfarm-master/app/Controllers/Panel.php(20): view()
#3 /var/www/html/localfarm-master/vendor/codeigniter4/framework/system/CodeIgniter.php(918): App\Controllers\Panel->index()
#4 /var/www/html/localfarm-master/vendor/codeigniter4/framework/system/CodeIgniter.php(404): CodeIgniter\CodeIgniter->runController()
#5 /var/www/html/localfarm-master/vendor/codeigniter4/framework/system/CodeIgniter.php(312): CodeIgniter\CodeIgniter->handleRequest()
#6 /var/www/html/localfarm-master/public/index.php(45): CodeIgniter\CodeIgniter->run()
#7 /var/www/html/localfarm-master/vendor/codeigniter4/framework/system/Commands/Server/rewrite.php(34): require_once('/var/www/html/l...')
#8 {main}
CRITICAL - 2020-12-06 10:59:09 --> Invalid file: _panel/v_signin.php
#0 /var/www/html/localfarm-master/vendor/codeigniter4/framework/system/View/View.php(228): CodeIgniter\Exceptions\FrameworkException::forInvalidFile()
#1 /var/www/html/localfarm-master/vendor/codeigniter4/framework/system/Common.php(1119): CodeIgniter\View\View->render()
#2 /var/www/html/localfarm-master/app/Controllers/Panel.php(20): view()
#3 /var/www/html/localfarm-master/vendor/codeigniter4/framework/system/CodeIgniter.php(918): App\Controllers\Panel->index()
#4 /var/www/html/localfarm-master/vendor/codeigniter4/framework/system/CodeIgniter.php(404): CodeIgniter\CodeIgniter->runController()
#5 /var/www/html/localfarm-master/vendor/codeigniter4/framework/system/CodeIgniter.php(312): CodeIgniter\CodeIgniter->handleRequest()
#6 /var/www/html/localfarm-master/public/index.php(45): CodeIgniter\CodeIgniter->run()
#7 /var/www/html/localfarm-master/vendor/codeigniter4/framework/system/Commands/Server/rewrite.php(34): require_once('/var/www/html/l...')
#8 {main}
CRITICAL - 2020-12-06 10:59:10 --> Invalid file: _panel/v_signin.php
#0 /var/www/html/localfarm-master/vendor/codeigniter4/framework/system/View/View.php(228): CodeIgniter\Exceptions\FrameworkException::forInvalidFile()
#1 /var/www/html/localfarm-master/vendor/codeigniter4/framework/system/Common.php(1119): CodeIgniter\View\View->render()
#2 /var/www/html/localfarm-master/app/Controllers/Panel.php(20): view()
#3 /var/www/html/localfarm-master/vendor/codeigniter4/framework/system/CodeIgniter.php(918): App\Controllers\Panel->index()
#4 /var/www/html/localfarm-master/vendor/codeigniter4/framework/system/CodeIgniter.php(404): CodeIgniter\CodeIgniter->runController()
#5 /var/www/html/localfarm-master/vendor/codeigniter4/framework/system/CodeIgniter.php(312): CodeIgniter\CodeIgniter->handleRequest()
#6 /var/www/html/localfarm-master/public/index.php(45): CodeIgniter\CodeIgniter->run()
#7 /var/www/html/localfarm-master/vendor/codeigniter4/framework/system/Commands/Server/rewrite.php(34): require_once('/var/www/html/l...')
#8 {main}
