CRITICAL - 2020-12-14 00:32:26 --> Undefined offset: 0
#0 /var/www/html/localfarm-master/app/Controllers/Panel.php(61): CodeIgniter\Debug\Exceptions->errorHandler()
#1 /var/www/html/localfarm-master/vendor/codeigniter4/framework/system/CodeIgniter.php(918): App\Controllers\Panel->form()
#2 /var/www/html/localfarm-master/vendor/codeigniter4/framework/system/CodeIgniter.php(404): CodeIgniter\CodeIgniter->runController()
#3 /var/www/html/localfarm-master/vendor/codeigniter4/framework/system/CodeIgniter.php(312): CodeIgniter\CodeIgniter->handleRequest()
#4 /var/www/html/localfarm-master/public/index.php(45): CodeIgniter\CodeIgniter->run()
#5 /var/www/html/localfarm-master/vendor/codeigniter4/framework/system/Commands/Server/rewrite.php(34): require_once('/var/www/html/l...')
#6 {main}
CRITICAL - 2020-12-14 00:32:37 --> Undefined offset: 0
#0 /var/www/html/localfarm-master/app/Controllers/Panel.php(61): CodeIgniter\Debug\Exceptions->errorHandler()
#1 /var/www/html/localfarm-master/vendor/codeigniter4/framework/system/CodeIgniter.php(918): App\Controllers\Panel->form()
#2 /var/www/html/localfarm-master/vendor/codeigniter4/framework/system/CodeIgniter.php(404): CodeIgniter\CodeIgniter->runController()
#3 /var/www/html/localfarm-master/vendor/codeigniter4/framework/system/CodeIgniter.php(312): CodeIgniter\CodeIgniter->handleRequest()
#4 /var/www/html/localfarm-master/public/index.php(45): CodeIgniter\CodeIgniter->run()
#5 /var/www/html/localfarm-master/vendor/codeigniter4/framework/system/Commands/Server/rewrite.php(34): require_once('/var/www/html/l...')
#6 {main}
CRITICAL - 2020-12-14 00:59:41 --> Trying to get property 'kota' of non-object
#0 /var/www/html/localfarm-master/app/Controllers/Panel.php(67): CodeIgniter\Debug\Exceptions->errorHandler()
#1 /var/www/html/localfarm-master/vendor/codeigniter4/framework/system/CodeIgniter.php(918): App\Controllers\Panel->form()
#2 /var/www/html/localfarm-master/vendor/codeigniter4/framework/system/CodeIgniter.php(404): CodeIgniter\CodeIgniter->runController()
#3 /var/www/html/localfarm-master/vendor/codeigniter4/framework/system/CodeIgniter.php(312): CodeIgniter\CodeIgniter->handleRequest()
#4 /var/www/html/localfarm-master/public/index.php(45): CodeIgniter\CodeIgniter->run()
#5 /var/www/html/localfarm-master/vendor/codeigniter4/framework/system/Commands/Server/rewrite.php(34): require_once('/var/www/html/l...')
#6 {main}
CRITICAL - 2020-12-14 00:59:42 --> Trying to get property 'kota' of non-object
#0 /var/www/html/localfarm-master/app/Controllers/Panel.php(67): CodeIgniter\Debug\Exceptions->errorHandler()
#1 /var/www/html/localfarm-master/vendor/codeigniter4/framework/system/CodeIgniter.php(918): App\Controllers\Panel->form()
#2 /var/www/html/localfarm-master/vendor/codeigniter4/framework/system/CodeIgniter.php(404): CodeIgniter\CodeIgniter->runController()
#3 /var/www/html/localfarm-master/vendor/codeigniter4/framework/system/CodeIgniter.php(312): CodeIgniter\CodeIgniter->handleRequest()
#4 /var/www/html/localfarm-master/public/index.php(45): CodeIgniter\CodeIgniter->run()
#5 /var/www/html/localfarm-master/vendor/codeigniter4/framework/system/Commands/Server/rewrite.php(34): require_once('/var/www/html/l...')
#6 {main}
CRITICAL - 2020-12-14 00:59:43 --> Trying to get property 'kota' of non-object
#0 /var/www/html/localfarm-master/app/Controllers/Panel.php(67): CodeIgniter\Debug\Exceptions->errorHandler()
#1 /var/www/html/localfarm-master/vendor/codeigniter4/framework/system/CodeIgniter.php(918): App\Controllers\Panel->form()
#2 /var/www/html/localfarm-master/vendor/codeigniter4/framework/system/CodeIgniter.php(404): CodeIgniter\CodeIgniter->runController()
#3 /var/www/html/localfarm-master/vendor/codeigniter4/framework/system/CodeIgniter.php(312): CodeIgniter\CodeIgniter->handleRequest()
#4 /var/www/html/localfarm-master/public/index.php(45): CodeIgniter\CodeIgniter->run()
#5 /var/www/html/localfarm-master/vendor/codeigniter4/framework/system/Commands/Server/rewrite.php(34): require_once('/var/www/html/l...')
#6 {main}
CRITICAL - 2020-12-14 02:03:59 --> Cannot declare class App\Models\Artikel_Model, because the name is already in use
#0 [internal function]: CodeIgniter\Debug\Exceptions->shutdownHandler()
#1 {main}
CRITICAL - 2020-12-14 02:04:21 --> Undefined variable: status
#0 /var/www/html/localfarm-master/app/Views/_panel/v_signup.php(41): CodeIgniter\Debug\Exceptions->errorHandler()
#1 /var/www/html/localfarm-master/vendor/codeigniter4/framework/system/View/View.php(246): include('/var/www/html/l...')
#2 /var/www/html/localfarm-master/vendor/codeigniter4/framework/system/Common.php(1119): CodeIgniter\View\View->render()
#3 /var/www/html/localfarm-master/app/Controllers/Panel.php(44): view()
#4 /var/www/html/localfarm-master/vendor/codeigniter4/framework/system/CodeIgniter.php(918): App\Controllers\Panel->signUp()
#5 /var/www/html/localfarm-master/vendor/codeigniter4/framework/system/CodeIgniter.php(404): CodeIgniter\CodeIgniter->runController()
#6 /var/www/html/localfarm-master/vendor/codeigniter4/framework/system/CodeIgniter.php(312): CodeIgniter\CodeIgniter->handleRequest()
#7 /var/www/html/localfarm-master/public/index.php(45): CodeIgniter\CodeIgniter->run()
#8 /var/www/html/localfarm-master/vendor/codeigniter4/framework/system/Commands/Server/rewrite.php(34): require_once('/var/www/html/l...')
#9 {main}
CRITICAL - 2020-12-14 02:04:22 --> Undefined variable: status
#0 /var/www/html/localfarm-master/app/Views/_panel/v_signup.php(41): CodeIgniter\Debug\Exceptions->errorHandler()
#1 /var/www/html/localfarm-master/vendor/codeigniter4/framework/system/View/View.php(246): include('/var/www/html/l...')
#2 /var/www/html/localfarm-master/vendor/codeigniter4/framework/system/Common.php(1119): CodeIgniter\View\View->render()
#3 /var/www/html/localfarm-master/app/Controllers/Panel.php(44): view()
#4 /var/www/html/localfarm-master/vendor/codeigniter4/framework/system/CodeIgniter.php(918): App\Controllers\Panel->signUp()
#5 /var/www/html/localfarm-master/vendor/codeigniter4/framework/system/CodeIgniter.php(404): CodeIgniter\CodeIgniter->runController()
#6 /var/www/html/localfarm-master/vendor/codeigniter4/framework/system/CodeIgniter.php(312): CodeIgniter\CodeIgniter->handleRequest()
#7 /var/www/html/localfarm-master/public/index.php(45): CodeIgniter\CodeIgniter->run()
#8 /var/www/html/localfarm-master/vendor/codeigniter4/framework/system/Commands/Server/rewrite.php(34): require_once('/var/www/html/l...')
#9 {main}
CRITICAL - 2020-12-14 02:04:54 --> Undefined variable: status
#0 /var/www/html/localfarm-master/app/Views/_panel/v_signup.php(41): CodeIgniter\Debug\Exceptions->errorHandler()
#1 /var/www/html/localfarm-master/vendor/codeigniter4/framework/system/View/View.php(246): include('/var/www/html/l...')
#2 /var/www/html/localfarm-master/vendor/codeigniter4/framework/system/Common.php(1119): CodeIgniter\View\View->render()
#3 /var/www/html/localfarm-master/app/Controllers/Panel.php(44): view()
#4 /var/www/html/localfarm-master/vendor/codeigniter4/framework/system/CodeIgniter.php(918): App\Controllers\Panel->signUp()
#5 /var/www/html/localfarm-master/vendor/codeigniter4/framework/system/CodeIgniter.php(404): CodeIgniter\CodeIgniter->runController()
#6 /var/www/html/localfarm-master/vendor/codeigniter4/framework/system/CodeIgniter.php(312): CodeIgniter\CodeIgniter->handleRequest()
#7 /var/www/html/localfarm-master/public/index.php(45): CodeIgniter\CodeIgniter->run()
#8 /var/www/html/localfarm-master/vendor/codeigniter4/framework/system/Commands/Server/rewrite.php(34): require_once('/var/www/html/l...')
#9 {main}
CRITICAL - 2020-12-14 02:04:55 --> Undefined variable: status
#0 /var/www/html/localfarm-master/app/Views/_panel/v_signup.php(41): CodeIgniter\Debug\Exceptions->errorHandler()
#1 /var/www/html/localfarm-master/vendor/codeigniter4/framework/system/View/View.php(246): include('/var/www/html/l...')
#2 /var/www/html/localfarm-master/vendor/codeigniter4/framework/system/Common.php(1119): CodeIgniter\View\View->render()
#3 /var/www/html/localfarm-master/app/Controllers/Panel.php(44): view()
#4 /var/www/html/localfarm-master/vendor/codeigniter4/framework/system/CodeIgniter.php(918): App\Controllers\Panel->signUp()
#5 /var/www/html/localfarm-master/vendor/codeigniter4/framework/system/CodeIgniter.php(404): CodeIgniter\CodeIgniter->runController()
#6 /var/www/html/localfarm-master/vendor/codeigniter4/framework/system/CodeIgniter.php(312): CodeIgniter\CodeIgniter->handleRequest()
#7 /var/www/html/localfarm-master/public/index.php(45): CodeIgniter\CodeIgniter->run()
#8 /var/www/html/localfarm-master/vendor/codeigniter4/framework/system/Commands/Server/rewrite.php(34): require_once('/var/www/html/l...')
#9 {main}
CRITICAL - 2020-12-14 02:05:59 --> Undefined variable: status
#0 /var/www/html/localfarm-master/app/Views/_panel/v_signup.php(41): CodeIgniter\Debug\Exceptions->errorHandler()
#1 /var/www/html/localfarm-master/vendor/codeigniter4/framework/system/View/View.php(246): include('/var/www/html/l...')
#2 /var/www/html/localfarm-master/vendor/codeigniter4/framework/system/Common.php(1119): CodeIgniter\View\View->render()
#3 /var/www/html/localfarm-master/app/Controllers/Panel.php(45): view()
#4 /var/www/html/localfarm-master/vendor/codeigniter4/framework/system/CodeIgniter.php(918): App\Controllers\Panel->signUp()
#5 /var/www/html/localfarm-master/vendor/codeigniter4/framework/system/CodeIgniter.php(404): CodeIgniter\CodeIgniter->runController()
#6 /var/www/html/localfarm-master/vendor/codeigniter4/framework/system/CodeIgniter.php(312): CodeIgniter\CodeIgniter->handleRequest()
#7 /var/www/html/localfarm-master/public/index.php(45): CodeIgniter\CodeIgniter->run()
#8 /var/www/html/localfarm-master/vendor/codeigniter4/framework/system/Commands/Server/rewrite.php(34): require_once('/var/www/html/l...')
#9 {main}
CRITICAL - 2020-12-14 02:06:00 --> Undefined variable: status
#0 /var/www/html/localfarm-master/app/Views/_panel/v_signup.php(41): CodeIgniter\Debug\Exceptions->errorHandler()
#1 /var/www/html/localfarm-master/vendor/codeigniter4/framework/system/View/View.php(246): include('/var/www/html/l...')
#2 /var/www/html/localfarm-master/vendor/codeigniter4/framework/system/Common.php(1119): CodeIgniter\View\View->render()
#3 /var/www/html/localfarm-master/app/Controllers/Panel.php(45): view()
#4 /var/www/html/localfarm-master/vendor/codeigniter4/framework/system/CodeIgniter.php(918): App\Controllers\Panel->signUp()
#5 /var/www/html/localfarm-master/vendor/codeigniter4/framework/system/CodeIgniter.php(404): CodeIgniter\CodeIgniter->runController()
#6 /var/www/html/localfarm-master/vendor/codeigniter4/framework/system/CodeIgniter.php(312): CodeIgniter\CodeIgniter->handleRequest()
#7 /var/www/html/localfarm-master/public/index.php(45): CodeIgniter\CodeIgniter->run()
#8 /var/www/html/localfarm-master/vendor/codeigniter4/framework/system/Commands/Server/rewrite.php(34): require_once('/var/www/html/l...')
#9 {main}
CRITICAL - 2020-12-14 02:06:00 --> Undefined variable: status
#0 /var/www/html/localfarm-master/app/Views/_panel/v_signup.php(41): CodeIgniter\Debug\Exceptions->errorHandler()
#1 /var/www/html/localfarm-master/vendor/codeigniter4/framework/system/View/View.php(246): include('/var/www/html/l...')
#2 /var/www/html/localfarm-master/vendor/codeigniter4/framework/system/Common.php(1119): CodeIgniter\View\View->render()
#3 /var/www/html/localfarm-master/app/Controllers/Panel.php(45): view()
#4 /var/www/html/localfarm-master/vendor/codeigniter4/framework/system/CodeIgniter.php(918): App\Controllers\Panel->signUp()
#5 /var/www/html/localfarm-master/vendor/codeigniter4/framework/system/CodeIgniter.php(404): CodeIgniter\CodeIgniter->runController()
#6 /var/www/html/localfarm-master/vendor/codeigniter4/framework/system/CodeIgniter.php(312): CodeIgniter\CodeIgniter->handleRequest()
#7 /var/www/html/localfarm-master/public/index.php(45): CodeIgniter\CodeIgniter->run()
#8 /var/www/html/localfarm-master/vendor/codeigniter4/framework/system/Commands/Server/rewrite.php(34): require_once('/var/www/html/l...')
#9 {main}
CRITICAL - 2020-12-14 02:06:00 --> Undefined variable: status
#0 /var/www/html/localfarm-master/app/Views/_panel/v_signup.php(41): CodeIgniter\Debug\Exceptions->errorHandler()
#1 /var/www/html/localfarm-master/vendor/codeigniter4/framework/system/View/View.php(246): include('/var/www/html/l...')
#2 /var/www/html/localfarm-master/vendor/codeigniter4/framework/system/Common.php(1119): CodeIgniter\View\View->render()
#3 /var/www/html/localfarm-master/app/Controllers/Panel.php(45): view()
#4 /var/www/html/localfarm-master/vendor/codeigniter4/framework/system/CodeIgniter.php(918): App\Controllers\Panel->signUp()
#5 /var/www/html/localfarm-master/vendor/codeigniter4/framework/system/CodeIgniter.php(404): CodeIgniter\CodeIgniter->runController()
#6 /var/www/html/localfarm-master/vendor/codeigniter4/framework/system/CodeIgniter.php(312): CodeIgniter\CodeIgniter->handleRequest()
#7 /var/www/html/localfarm-master/public/index.php(45): CodeIgniter\CodeIgniter->run()
#8 /var/www/html/localfarm-master/vendor/codeigniter4/framework/system/Commands/Server/rewrite.php(34): require_once('/var/www/html/l...')
#9 {main}
CRITICAL - 2020-12-14 02:06:01 --> Undefined variable: status
#0 /var/www/html/localfarm-master/app/Views/_panel/v_signup.php(41): CodeIgniter\Debug\Exceptions->errorHandler()
#1 /var/www/html/localfarm-master/vendor/codeigniter4/framework/system/View/View.php(246): include('/var/www/html/l...')
#2 /var/www/html/localfarm-master/vendor/codeigniter4/framework/system/Common.php(1119): CodeIgniter\View\View->render()
#3 /var/www/html/localfarm-master/app/Controllers/Panel.php(45): view()
#4 /var/www/html/localfarm-master/vendor/codeigniter4/framework/system/CodeIgniter.php(918): App\Controllers\Panel->signUp()
#5 /var/www/html/localfarm-master/vendor/codeigniter4/framework/system/CodeIgniter.php(404): CodeIgniter\CodeIgniter->runController()
#6 /var/www/html/localfarm-master/vendor/codeigniter4/framework/system/CodeIgniter.php(312): CodeIgniter\CodeIgniter->handleRequest()
#7 /var/www/html/localfarm-master/public/index.php(45): CodeIgniter\CodeIgniter->run()
#8 /var/www/html/localfarm-master/vendor/codeigniter4/framework/system/Commands/Server/rewrite.php(34): require_once('/var/www/html/l...')
#9 {main}
CRITICAL - 2020-12-14 02:06:02 --> Undefined variable: status
#0 /var/www/html/localfarm-master/app/Views/_panel/v_signup.php(41): CodeIgniter\Debug\Exceptions->errorHandler()
#1 /var/www/html/localfarm-master/vendor/codeigniter4/framework/system/View/View.php(246): include('/var/www/html/l...')
#2 /var/www/html/localfarm-master/vendor/codeigniter4/framework/system/Common.php(1119): CodeIgniter\View\View->render()
#3 /var/www/html/localfarm-master/app/Controllers/Panel.php(45): view()
#4 /var/www/html/localfarm-master/vendor/codeigniter4/framework/system/CodeIgniter.php(918): App\Controllers\Panel->signUp()
#5 /var/www/html/localfarm-master/vendor/codeigniter4/framework/system/CodeIgniter.php(404): CodeIgniter\CodeIgniter->runController()
#6 /var/www/html/localfarm-master/vendor/codeigniter4/framework/system/CodeIgniter.php(312): CodeIgniter\CodeIgniter->handleRequest()
#7 /var/www/html/localfarm-master/public/index.php(45): CodeIgniter\CodeIgniter->run()
#8 /var/www/html/localfarm-master/vendor/codeigniter4/framework/system/Commands/Server/rewrite.php(34): require_once('/var/www/html/l...')
#9 {main}
CRITICAL - 2020-12-14 02:43:37 --> Undefined variable: data
#0 /var/www/html/localfarm-master/app/Controllers/Panel.php(75): CodeIgniter\Debug\Exceptions->errorHandler()
#1 /var/www/html/localfarm-master/vendor/codeigniter4/framework/system/CodeIgniter.php(918): App\Controllers\Panel->signIn()
#2 /var/www/html/localfarm-master/vendor/codeigniter4/framework/system/CodeIgniter.php(404): CodeIgniter\CodeIgniter->runController()
#3 /var/www/html/localfarm-master/vendor/codeigniter4/framework/system/CodeIgniter.php(312): CodeIgniter\CodeIgniter->handleRequest()
#4 /var/www/html/localfarm-master/public/index.php(45): CodeIgniter\CodeIgniter->run()
#5 /var/www/html/localfarm-master/vendor/codeigniter4/framework/system/Commands/Server/rewrite.php(34): require_once('/var/www/html/l...')
#6 {main}
CRITICAL - 2020-12-14 02:43:39 --> Undefined variable: data
#0 /var/www/html/localfarm-master/app/Controllers/Panel.php(75): CodeIgniter\Debug\Exceptions->errorHandler()
#1 /var/www/html/localfarm-master/vendor/codeigniter4/framework/system/CodeIgniter.php(918): App\Controllers\Panel->signIn()
#2 /var/www/html/localfarm-master/vendor/codeigniter4/framework/system/CodeIgniter.php(404): CodeIgniter\CodeIgniter->runController()
#3 /var/www/html/localfarm-master/vendor/codeigniter4/framework/system/CodeIgniter.php(312): CodeIgniter\CodeIgniter->handleRequest()
#4 /var/www/html/localfarm-master/public/index.php(45): CodeIgniter\CodeIgniter->run()
#5 /var/www/html/localfarm-master/vendor/codeigniter4/framework/system/Commands/Server/rewrite.php(34): require_once('/var/www/html/l...')
#6 {main}
CRITICAL - 2020-12-14 02:43:50 --> Undefined variable: status
#0 /var/www/html/localfarm-master/app/Views/_panel/v_signin.php(37): CodeIgniter\Debug\Exceptions->errorHandler()
#1 /var/www/html/localfarm-master/vendor/codeigniter4/framework/system/View/View.php(246): include('/var/www/html/l...')
#2 /var/www/html/localfarm-master/vendor/codeigniter4/framework/system/Common.php(1119): CodeIgniter\View\View->render()
#3 /var/www/html/localfarm-master/app/Controllers/Panel.php(75): view()
#4 /var/www/html/localfarm-master/vendor/codeigniter4/framework/system/CodeIgniter.php(918): App\Controllers\Panel->signIn()
#5 /var/www/html/localfarm-master/vendor/codeigniter4/framework/system/CodeIgniter.php(404): CodeIgniter\CodeIgniter->runController()
#6 /var/www/html/localfarm-master/vendor/codeigniter4/framework/system/CodeIgniter.php(312): CodeIgniter\CodeIgniter->handleRequest()
#7 /var/www/html/localfarm-master/public/index.php(45): CodeIgniter\CodeIgniter->run()
#8 /var/www/html/localfarm-master/vendor/codeigniter4/framework/system/Commands/Server/rewrite.php(34): require_once('/var/www/html/l...')
#9 {main}
CRITICAL - 2020-12-14 02:43:50 --> Undefined variable: status
#0 /var/www/html/localfarm-master/app/Views/_panel/v_signin.php(37): CodeIgniter\Debug\Exceptions->errorHandler()
#1 /var/www/html/localfarm-master/vendor/codeigniter4/framework/system/View/View.php(246): include('/var/www/html/l...')
#2 /var/www/html/localfarm-master/vendor/codeigniter4/framework/system/Common.php(1119): CodeIgniter\View\View->render()
#3 /var/www/html/localfarm-master/app/Controllers/Panel.php(75): view()
#4 /var/www/html/localfarm-master/vendor/codeigniter4/framework/system/CodeIgniter.php(918): App\Controllers\Panel->signIn()
#5 /var/www/html/localfarm-master/vendor/codeigniter4/framework/system/CodeIgniter.php(404): CodeIgniter\CodeIgniter->runController()
#6 /var/www/html/localfarm-master/vendor/codeigniter4/framework/system/CodeIgniter.php(312): CodeIgniter\CodeIgniter->handleRequest()
#7 /var/www/html/localfarm-master/public/index.php(45): CodeIgniter\CodeIgniter->run()
#8 /var/www/html/localfarm-master/vendor/codeigniter4/framework/system/Commands/Server/rewrite.php(34): require_once('/var/www/html/l...')
#9 {main}
CRITICAL - 2020-12-14 02:43:51 --> Undefined variable: status
#0 /var/www/html/localfarm-master/app/Views/_panel/v_signin.php(37): CodeIgniter\Debug\Exceptions->errorHandler()
#1 /var/www/html/localfarm-master/vendor/codeigniter4/framework/system/View/View.php(246): include('/var/www/html/l...')
#2 /var/www/html/localfarm-master/vendor/codeigniter4/framework/system/Common.php(1119): CodeIgniter\View\View->render()
#3 /var/www/html/localfarm-master/app/Controllers/Panel.php(75): view()
#4 /var/www/html/localfarm-master/vendor/codeigniter4/framework/system/CodeIgniter.php(918): App\Controllers\Panel->signIn()
#5 /var/www/html/localfarm-master/vendor/codeigniter4/framework/system/CodeIgniter.php(404): CodeIgniter\CodeIgniter->runController()
#6 /var/www/html/localfarm-master/vendor/codeigniter4/framework/system/CodeIgniter.php(312): CodeIgniter\CodeIgniter->handleRequest()
#7 /var/www/html/localfarm-master/public/index.php(45): CodeIgniter\CodeIgniter->run()
#8 /var/www/html/localfarm-master/vendor/codeigniter4/framework/system/Commands/Server/rewrite.php(34): require_once('/var/www/html/l...')
#9 {main}
CRITICAL - 2020-12-14 02:43:51 --> Undefined variable: status
#0 /var/www/html/localfarm-master/app/Views/_panel/v_signin.php(37): CodeIgniter\Debug\Exceptions->errorHandler()
#1 /var/www/html/localfarm-master/vendor/codeigniter4/framework/system/View/View.php(246): include('/var/www/html/l...')
#2 /var/www/html/localfarm-master/vendor/codeigniter4/framework/system/Common.php(1119): CodeIgniter\View\View->render()
#3 /var/www/html/localfarm-master/app/Controllers/Panel.php(75): view()
#4 /var/www/html/localfarm-master/vendor/codeigniter4/framework/system/CodeIgniter.php(918): App\Controllers\Panel->signIn()
#5 /var/www/html/localfarm-master/vendor/codeigniter4/framework/system/CodeIgniter.php(404): CodeIgniter\CodeIgniter->runController()
#6 /var/www/html/localfarm-master/vendor/codeigniter4/framework/system/CodeIgniter.php(312): CodeIgniter\CodeIgniter->handleRequest()
#7 /var/www/html/localfarm-master/public/index.php(45): CodeIgniter\CodeIgniter->run()
#8 /var/www/html/localfarm-master/vendor/codeigniter4/framework/system/Commands/Server/rewrite.php(34): require_once('/var/www/html/l...')
#9 {main}
CRITICAL - 2020-12-14 02:44:16 --> Argument 2 passed to view() must be of the type array, int given, called in /var/www/html/localfarm-master/app/Controllers/Panel.php on line 76
#0 /var/www/html/localfarm-master/app/Controllers/Panel.php(76): view()
#1 /var/www/html/localfarm-master/vendor/codeigniter4/framework/system/CodeIgniter.php(918): App\Controllers\Panel->signIn()
#2 /var/www/html/localfarm-master/vendor/codeigniter4/framework/system/CodeIgniter.php(404): CodeIgniter\CodeIgniter->runController()
#3 /var/www/html/localfarm-master/vendor/codeigniter4/framework/system/CodeIgniter.php(312): CodeIgniter\CodeIgniter->handleRequest()
#4 /var/www/html/localfarm-master/public/index.php(45): CodeIgniter\CodeIgniter->run()
#5 /var/www/html/localfarm-master/vendor/codeigniter4/framework/system/Commands/Server/rewrite.php(34): require_once('/var/www/html/l...')
#6 {main}
CRITICAL - 2020-12-14 02:44:17 --> Argument 2 passed to view() must be of the type array, int given, called in /var/www/html/localfarm-master/app/Controllers/Panel.php on line 76
#0 /var/www/html/localfarm-master/app/Controllers/Panel.php(76): view()
#1 /var/www/html/localfarm-master/vendor/codeigniter4/framework/system/CodeIgniter.php(918): App\Controllers\Panel->signIn()
#2 /var/www/html/localfarm-master/vendor/codeigniter4/framework/system/CodeIgniter.php(404): CodeIgniter\CodeIgniter->runController()
#3 /var/www/html/localfarm-master/vendor/codeigniter4/framework/system/CodeIgniter.php(312): CodeIgniter\CodeIgniter->handleRequest()
#4 /var/www/html/localfarm-master/public/index.php(45): CodeIgniter\CodeIgniter->run()
#5 /var/www/html/localfarm-master/vendor/codeigniter4/framework/system/Commands/Server/rewrite.php(34): require_once('/var/www/html/l...')
#6 {main}
CRITICAL - 2020-12-14 02:44:18 --> Argument 2 passed to view() must be of the type array, int given, called in /var/www/html/localfarm-master/app/Controllers/Panel.php on line 76
#0 /var/www/html/localfarm-master/app/Controllers/Panel.php(76): view()
#1 /var/www/html/localfarm-master/vendor/codeigniter4/framework/system/CodeIgniter.php(918): App\Controllers\Panel->signIn()
#2 /var/www/html/localfarm-master/vendor/codeigniter4/framework/system/CodeIgniter.php(404): CodeIgniter\CodeIgniter->runController()
#3 /var/www/html/localfarm-master/vendor/codeigniter4/framework/system/CodeIgniter.php(312): CodeIgniter\CodeIgniter->handleRequest()
#4 /var/www/html/localfarm-master/public/index.php(45): CodeIgniter\CodeIgniter->run()
#5 /var/www/html/localfarm-master/vendor/codeigniter4/framework/system/Commands/Server/rewrite.php(34): require_once('/var/www/html/l...')
#6 {main}
CRITICAL - 2020-12-14 02:44:38 --> Cannot use object of type stdClass as array
#0 /var/www/html/localfarm-master/vendor/codeigniter4/framework/system/CodeIgniter.php(918): App\Controllers\Panel->account()
#1 /var/www/html/localfarm-master/vendor/codeigniter4/framework/system/CodeIgniter.php(404): CodeIgniter\CodeIgniter->runController()
#2 /var/www/html/localfarm-master/vendor/codeigniter4/framework/system/CodeIgniter.php(312): CodeIgniter\CodeIgniter->handleRequest()
#3 /var/www/html/localfarm-master/public/index.php(45): CodeIgniter\CodeIgniter->run()
#4 /var/www/html/localfarm-master/vendor/codeigniter4/framework/system/Commands/Server/rewrite.php(34): require_once('/var/www/html/l...')
#5 {main}
CRITICAL - 2020-12-14 02:46:30 --> Cannot use object of type stdClass as array
#0 /var/www/html/localfarm-master/vendor/codeigniter4/framework/system/CodeIgniter.php(918): App\Controllers\Panel->account()
#1 /var/www/html/localfarm-master/vendor/codeigniter4/framework/system/CodeIgniter.php(404): CodeIgniter\CodeIgniter->runController()
#2 /var/www/html/localfarm-master/vendor/codeigniter4/framework/system/CodeIgniter.php(312): CodeIgniter\CodeIgniter->handleRequest()
#3 /var/www/html/localfarm-master/public/index.php(45): CodeIgniter\CodeIgniter->run()
#4 /var/www/html/localfarm-master/vendor/codeigniter4/framework/system/Commands/Server/rewrite.php(34): require_once('/var/www/html/l...')
#5 {main}
CRITICAL - 2020-12-14 02:47:37 --> Undefined variable: data
#0 /var/www/html/localfarm-master/app/Views/_panel/redirect.php(11): CodeIgniter\Debug\Exceptions->errorHandler()
#1 /var/www/html/localfarm-master/vendor/codeigniter4/framework/system/View/View.php(246): include('/var/www/html/l...')
#2 /var/www/html/localfarm-master/vendor/codeigniter4/framework/system/Common.php(1119): CodeIgniter\View\View->render()
#3 /var/www/html/localfarm-master/app/Controllers/Panel.php(83): view()
#4 /var/www/html/localfarm-master/vendor/codeigniter4/framework/system/CodeIgniter.php(918): App\Controllers\Panel->account()
#5 /var/www/html/localfarm-master/vendor/codeigniter4/framework/system/CodeIgniter.php(404): CodeIgniter\CodeIgniter->runController()
#6 /var/www/html/localfarm-master/vendor/codeigniter4/framework/system/CodeIgniter.php(312): CodeIgniter\CodeIgniter->handleRequest()
#7 /var/www/html/localfarm-master/public/index.php(45): CodeIgniter\CodeIgniter->run()
#8 /var/www/html/localfarm-master/vendor/codeigniter4/framework/system/Commands/Server/rewrite.php(34): require_once('/var/www/html/l...')
#9 {main}
CRITICAL - 2020-12-14 02:48:56 --> syntax error, unexpected '}', expecting ';'
#0 /var/www/html/localfarm-master/vendor/codeigniter4/framework/system/Router/Router.php(195): CodeIgniter\Router\Router->autoRoute()
#1 /var/www/html/localfarm-master/vendor/codeigniter4/framework/system/CodeIgniter.php(793): CodeIgniter\Router\Router->handle()
#2 /var/www/html/localfarm-master/vendor/codeigniter4/framework/system/CodeIgniter.php(364): CodeIgniter\CodeIgniter->tryToRouteIt()
#3 /var/www/html/localfarm-master/vendor/codeigniter4/framework/system/CodeIgniter.php(312): CodeIgniter\CodeIgniter->handleRequest()
#4 /var/www/html/localfarm-master/public/index.php(45): CodeIgniter\CodeIgniter->run()
#5 /var/www/html/localfarm-master/vendor/codeigniter4/framework/system/Commands/Server/rewrite.php(34): require_once('/var/www/html/l...')
#6 {main}
CRITICAL - 2020-12-14 02:48:57 --> syntax error, unexpected '}', expecting ';'
#0 /var/www/html/localfarm-master/vendor/codeigniter4/framework/system/Router/Router.php(195): CodeIgniter\Router\Router->autoRoute()
#1 /var/www/html/localfarm-master/vendor/codeigniter4/framework/system/CodeIgniter.php(793): CodeIgniter\Router\Router->handle()
#2 /var/www/html/localfarm-master/vendor/codeigniter4/framework/system/CodeIgniter.php(364): CodeIgniter\CodeIgniter->tryToRouteIt()
#3 /var/www/html/localfarm-master/vendor/codeigniter4/framework/system/CodeIgniter.php(312): CodeIgniter\CodeIgniter->handleRequest()
#4 /var/www/html/localfarm-master/public/index.php(45): CodeIgniter\CodeIgniter->run()
#5 /var/www/html/localfarm-master/vendor/codeigniter4/framework/system/Commands/Server/rewrite.php(34): require_once('/var/www/html/l...')
#6 {main}
CRITICAL - 2020-12-14 02:48:58 --> syntax error, unexpected '}', expecting ';'
#0 /var/www/html/localfarm-master/vendor/codeigniter4/framework/system/Router/Router.php(195): CodeIgniter\Router\Router->autoRoute()
#1 /var/www/html/localfarm-master/vendor/codeigniter4/framework/system/CodeIgniter.php(793): CodeIgniter\Router\Router->handle()
#2 /var/www/html/localfarm-master/vendor/codeigniter4/framework/system/CodeIgniter.php(364): CodeIgniter\CodeIgniter->tryToRouteIt()
#3 /var/www/html/localfarm-master/vendor/codeigniter4/framework/system/CodeIgniter.php(312): CodeIgniter\CodeIgniter->handleRequest()
#4 /var/www/html/localfarm-master/public/index.php(45): CodeIgniter\CodeIgniter->run()
#5 /var/www/html/localfarm-master/vendor/codeigniter4/framework/system/Commands/Server/rewrite.php(34): require_once('/var/www/html/l...')
#6 {main}
CRITICAL - 2020-12-14 02:54:50 --> Undefined variable: pass
#0 /var/www/html/localfarm-master/app/Controllers/Panel.php(85): CodeIgniter\Debug\Exceptions->errorHandler()
#1 /var/www/html/localfarm-master/vendor/codeigniter4/framework/system/CodeIgniter.php(918): App\Controllers\Panel->account()
#2 /var/www/html/localfarm-master/vendor/codeigniter4/framework/system/CodeIgniter.php(404): CodeIgniter\CodeIgniter->runController()
#3 /var/www/html/localfarm-master/vendor/codeigniter4/framework/system/CodeIgniter.php(312): CodeIgniter\CodeIgniter->handleRequest()
#4 /var/www/html/localfarm-master/public/index.php(45): CodeIgniter\CodeIgniter->run()
#5 /var/www/html/localfarm-master/vendor/codeigniter4/framework/system/Commands/Server/rewrite.php(34): require_once('/var/www/html/l...')
#6 {main}
CRITICAL - 2020-12-14 02:55:06 --> Undefined variable: statur
#0 /var/www/html/localfarm-master/app/Views/_panel/redirect.php(11): CodeIgniter\Debug\Exceptions->errorHandler()
#1 /var/www/html/localfarm-master/vendor/codeigniter4/framework/system/View/View.php(246): include('/var/www/html/l...')
#2 /var/www/html/localfarm-master/vendor/codeigniter4/framework/system/Common.php(1119): CodeIgniter\View\View->render()
#3 /var/www/html/localfarm-master/app/Controllers/Panel.php(94): view()
#4 /var/www/html/localfarm-master/vendor/codeigniter4/framework/system/CodeIgniter.php(918): App\Controllers\Panel->account()
#5 /var/www/html/localfarm-master/vendor/codeigniter4/framework/system/CodeIgniter.php(404): CodeIgniter\CodeIgniter->runController()
#6 /var/www/html/localfarm-master/vendor/codeigniter4/framework/system/CodeIgniter.php(312): CodeIgniter\CodeIgniter->handleRequest()
#7 /var/www/html/localfarm-master/public/index.php(45): CodeIgniter\CodeIgniter->run()
#8 /var/www/html/localfarm-master/vendor/codeigniter4/framework/system/Commands/Server/rewrite.php(34): require_once('/var/www/html/l...')
#9 {main}
CRITICAL - 2020-12-14 04:15:42 --> Undefined variable: session
#0 /var/www/html/localfarm-master/app/Views/_panel/redirect.php(11): CodeIgniter\Debug\Exceptions->errorHandler()
#1 /var/www/html/localfarm-master/vendor/codeigniter4/framework/system/View/View.php(246): include('/var/www/html/l...')
#2 /var/www/html/localfarm-master/vendor/codeigniter4/framework/system/Common.php(1119): CodeIgniter\View\View->render()
#3 /var/www/html/localfarm-master/app/Controllers/Panel.php(95): view()
#4 /var/www/html/localfarm-master/vendor/codeigniter4/framework/system/CodeIgniter.php(918): App\Controllers\Panel->account()
#5 /var/www/html/localfarm-master/vendor/codeigniter4/framework/system/CodeIgniter.php(404): CodeIgniter\CodeIgniter->runController()
#6 /var/www/html/localfarm-master/vendor/codeigniter4/framework/system/CodeIgniter.php(312): CodeIgniter\CodeIgniter->handleRequest()
#7 /var/www/html/localfarm-master/public/index.php(45): CodeIgniter\CodeIgniter->run()
#8 /var/www/html/localfarm-master/vendor/codeigniter4/framework/system/Commands/Server/rewrite.php(34): require_once('/var/www/html/l...')
#9 {main}
CRITICAL - 2020-12-14 04:16:23 --> Undefined variable: session
#0 /var/www/html/localfarm-master/app/Controllers/Panel.php(94): CodeIgniter\Debug\Exceptions->errorHandler()
#1 /var/www/html/localfarm-master/vendor/codeigniter4/framework/system/CodeIgniter.php(918): App\Controllers\Panel->account()
#2 /var/www/html/localfarm-master/vendor/codeigniter4/framework/system/CodeIgniter.php(404): CodeIgniter\CodeIgniter->runController()
#3 /var/www/html/localfarm-master/vendor/codeigniter4/framework/system/CodeIgniter.php(312): CodeIgniter\CodeIgniter->handleRequest()
#4 /var/www/html/localfarm-master/public/index.php(45): CodeIgniter\CodeIgniter->run()
#5 /var/www/html/localfarm-master/vendor/codeigniter4/framework/system/Commands/Server/rewrite.php(34): require_once('/var/www/html/l...')
#6 {main}
CRITICAL - 2020-12-14 04:16:35 --> Undefined variable: session
#0 /var/www/html/localfarm-master/app/Controllers/Panel.php(94): CodeIgniter\Debug\Exceptions->errorHandler()
#1 /var/www/html/localfarm-master/vendor/codeigniter4/framework/system/CodeIgniter.php(918): App\Controllers\Panel->account()
#2 /var/www/html/localfarm-master/vendor/codeigniter4/framework/system/CodeIgniter.php(404): CodeIgniter\CodeIgniter->runController()
#3 /var/www/html/localfarm-master/vendor/codeigniter4/framework/system/CodeIgniter.php(312): CodeIgniter\CodeIgniter->handleRequest()
#4 /var/www/html/localfarm-master/public/index.php(45): CodeIgniter\CodeIgniter->run()
#5 /var/www/html/localfarm-master/vendor/codeigniter4/framework/system/Commands/Server/rewrite.php(34): require_once('/var/www/html/l...')
#6 {main}
CRITICAL - 2020-12-14 04:17:29 --> Undefined variable: session
#0 /var/www/html/localfarm-master/app/Controllers/Panel.php(94): CodeIgniter\Debug\Exceptions->errorHandler()
#1 /var/www/html/localfarm-master/vendor/codeigniter4/framework/system/CodeIgniter.php(918): App\Controllers\Panel->account()
#2 /var/www/html/localfarm-master/vendor/codeigniter4/framework/system/CodeIgniter.php(404): CodeIgniter\CodeIgniter->runController()
#3 /var/www/html/localfarm-master/vendor/codeigniter4/framework/system/CodeIgniter.php(312): CodeIgniter\CodeIgniter->handleRequest()
#4 /var/www/html/localfarm-master/public/index.php(45): CodeIgniter\CodeIgniter->run()
#5 /var/www/html/localfarm-master/vendor/codeigniter4/framework/system/Commands/Server/rewrite.php(34): require_once('/var/www/html/l...')
#6 {main}
CRITICAL - 2020-12-14 04:20:48 --> Undefined variable: session
#0 /var/www/html/localfarm-master/app/Controllers/Panel.php(101): CodeIgniter\Debug\Exceptions->errorHandler()
#1 /var/www/html/localfarm-master/vendor/codeigniter4/framework/system/CodeIgniter.php(918): App\Controllers\Panel->account()
#2 /var/www/html/localfarm-master/vendor/codeigniter4/framework/system/CodeIgniter.php(404): CodeIgniter\CodeIgniter->runController()
#3 /var/www/html/localfarm-master/vendor/codeigniter4/framework/system/CodeIgniter.php(312): CodeIgniter\CodeIgniter->handleRequest()
#4 /var/www/html/localfarm-master/public/index.php(45): CodeIgniter\CodeIgniter->run()
#5 /var/www/html/localfarm-master/vendor/codeigniter4/framework/system/Commands/Server/rewrite.php(34): require_once('/var/www/html/l...')
#6 {main}
CRITICAL - 2020-12-14 04:32:49 --> Use of undefined constant is_admin - assumed 'is_admin' (this will throw an Error in a future version of PHP)
#0 /var/www/html/localfarm-master/app/Views/_panel/v_signin.php(22): CodeIgniter\Debug\Exceptions->errorHandler()
#1 /var/www/html/localfarm-master/vendor/codeigniter4/framework/system/View/View.php(246): include('/var/www/html/l...')
#2 /var/www/html/localfarm-master/vendor/codeigniter4/framework/system/Common.php(1119): CodeIgniter\View\View->render()
#3 /var/www/html/localfarm-master/app/Controllers/Panel.php(91): view()
#4 /var/www/html/localfarm-master/vendor/codeigniter4/framework/system/CodeIgniter.php(918): App\Controllers\Panel->signIn()
#5 /var/www/html/localfarm-master/vendor/codeigniter4/framework/system/CodeIgniter.php(404): CodeIgniter\CodeIgniter->runController()
#6 /var/www/html/localfarm-master/vendor/codeigniter4/framework/system/CodeIgniter.php(312): CodeIgniter\CodeIgniter->handleRequest()
#7 /var/www/html/localfarm-master/public/index.php(45): CodeIgniter\CodeIgniter->run()
#8 /var/www/html/localfarm-master/vendor/codeigniter4/framework/system/Commands/Server/rewrite.php(34): require_once('/var/www/html/l...')
#9 {main}
CRITICAL - 2020-12-14 04:33:00 --> Use of undefined constant is_admin - assumed 'is_admin' (this will throw an Error in a future version of PHP)
#0 /var/www/html/localfarm-master/app/Views/_panel/v_signin.php(22): CodeIgniter\Debug\Exceptions->errorHandler()
#1 /var/www/html/localfarm-master/vendor/codeigniter4/framework/system/View/View.php(246): include('/var/www/html/l...')
#2 /var/www/html/localfarm-master/vendor/codeigniter4/framework/system/Common.php(1119): CodeIgniter\View\View->render()
#3 /var/www/html/localfarm-master/app/Controllers/Panel.php(91): view()
#4 /var/www/html/localfarm-master/vendor/codeigniter4/framework/system/CodeIgniter.php(918): App\Controllers\Panel->signIn()
#5 /var/www/html/localfarm-master/vendor/codeigniter4/framework/system/CodeIgniter.php(404): CodeIgniter\CodeIgniter->runController()
#6 /var/www/html/localfarm-master/vendor/codeigniter4/framework/system/CodeIgniter.php(312): CodeIgniter\CodeIgniter->handleRequest()
#7 /var/www/html/localfarm-master/public/index.php(45): CodeIgniter\CodeIgniter->run()
#8 /var/www/html/localfarm-master/vendor/codeigniter4/framework/system/Commands/Server/rewrite.php(34): require_once('/var/www/html/l...')
#9 {main}
CRITICAL - 2020-12-14 05:01:02 --> Column 'konten' cannot be null
#0 /var/www/html/localfarm-master/vendor/codeigniter4/framework/system/Database/MySQLi/Connection.php(331): mysqli->query()
#1 /var/www/html/localfarm-master/vendor/codeigniter4/framework/system/Database/BaseConnection.php(741): CodeIgniter\Database\MySQLi\Connection->execute()
#2 /var/www/html/localfarm-master/vendor/codeigniter4/framework/system/Database/BaseConnection.php(669): CodeIgniter\Database\BaseConnection->simpleQuery()
#3 /var/www/html/localfarm-master/vendor/codeigniter4/framework/system/Database/BaseBuilder.php(2249): CodeIgniter\Database\BaseConnection->query()
#4 /var/www/html/localfarm-master/vendor/codeigniter4/framework/system/Model.php(755): CodeIgniter\Database\BaseBuilder->insert()
#5 /var/www/html/localfarm-master/app/Controllers/Panel.php(228): CodeIgniter\Model->insert()
#6 /var/www/html/localfarm-master/vendor/codeigniter4/framework/system/CodeIgniter.php(918): App\Controllers\Panel->save()
#7 /var/www/html/localfarm-master/vendor/codeigniter4/framework/system/CodeIgniter.php(404): CodeIgniter\CodeIgniter->runController()
#8 /var/www/html/localfarm-master/vendor/codeigniter4/framework/system/CodeIgniter.php(312): CodeIgniter\CodeIgniter->handleRequest()
#9 /var/www/html/localfarm-master/public/index.php(45): CodeIgniter\CodeIgniter->run()
#10 /var/www/html/localfarm-master/vendor/codeigniter4/framework/system/Commands/Server/rewrite.php(34): require_once('/var/www/html/l...')
#11 {main}
CRITICAL - 2020-12-14 05:01:22 --> Undefined variable: is_admin
#0 /var/www/html/localfarm-master/app/Views/_panel/v_post.php(29): CodeIgniter\Debug\Exceptions->errorHandler()
#1 /var/www/html/localfarm-master/vendor/codeigniter4/framework/system/View/View.php(246): include('/var/www/html/l...')
#2 /var/www/html/localfarm-master/vendor/codeigniter4/framework/system/Common.php(1119): CodeIgniter\View\View->render()
#3 /var/www/html/localfarm-master/app/Controllers/Panel.php(161): view()
#4 /var/www/html/localfarm-master/vendor/codeigniter4/framework/system/CodeIgniter.php(918): App\Controllers\Panel->post()
#5 /var/www/html/localfarm-master/vendor/codeigniter4/framework/system/CodeIgniter.php(404): CodeIgniter\CodeIgniter->runController()
#6 /var/www/html/localfarm-master/vendor/codeigniter4/framework/system/CodeIgniter.php(312): CodeIgniter\CodeIgniter->handleRequest()
#7 /var/www/html/localfarm-master/public/index.php(45): CodeIgniter\CodeIgniter->run()
#8 /var/www/html/localfarm-master/vendor/codeigniter4/framework/system/Commands/Server/rewrite.php(34): require_once('/var/www/html/l...')
#9 {main}
CRITICAL - 2020-12-14 05:06:10 --> Undefined variable: is_admin
#0 /var/www/html/localfarm-master/app/Views/_panel/v_signin.php(22): CodeIgniter\Debug\Exceptions->errorHandler()
#1 /var/www/html/localfarm-master/vendor/codeigniter4/framework/system/View/View.php(246): include('/var/www/html/l...')
#2 /var/www/html/localfarm-master/vendor/codeigniter4/framework/system/Common.php(1119): CodeIgniter\View\View->render()
#3 /var/www/html/localfarm-master/app/Controllers/Panel.php(125): view()
#4 /var/www/html/localfarm-master/vendor/codeigniter4/framework/system/CodeIgniter.php(918): App\Controllers\Panel->account()
#5 /var/www/html/localfarm-master/vendor/codeigniter4/framework/system/CodeIgniter.php(404): CodeIgniter\CodeIgniter->runController()
#6 /var/www/html/localfarm-master/vendor/codeigniter4/framework/system/CodeIgniter.php(312): CodeIgniter\CodeIgniter->handleRequest()
#7 /var/www/html/localfarm-master/public/index.php(45): CodeIgniter\CodeIgniter->run()
#8 /var/www/html/localfarm-master/vendor/codeigniter4/framework/system/Commands/Server/rewrite.php(34): require_once('/var/www/html/l...')
#9 {main}
CRITICAL - 2020-12-14 05:06:35 --> Undefined variable: is_admin
#0 /var/www/html/localfarm-master/app/Views/_panel/v_signin.php(22): CodeIgniter\Debug\Exceptions->errorHandler()
#1 /var/www/html/localfarm-master/vendor/codeigniter4/framework/system/View/View.php(246): include('/var/www/html/l...')
#2 /var/www/html/localfarm-master/vendor/codeigniter4/framework/system/Common.php(1119): CodeIgniter\View\View->render()
#3 /var/www/html/localfarm-master/app/Controllers/Panel.php(125): view()
#4 /var/www/html/localfarm-master/vendor/codeigniter4/framework/system/CodeIgniter.php(918): App\Controllers\Panel->account()
#5 /var/www/html/localfarm-master/vendor/codeigniter4/framework/system/CodeIgniter.php(404): CodeIgniter\CodeIgniter->runController()
#6 /var/www/html/localfarm-master/vendor/codeigniter4/framework/system/CodeIgniter.php(312): CodeIgniter\CodeIgniter->handleRequest()
#7 /var/www/html/localfarm-master/public/index.php(45): CodeIgniter\CodeIgniter->run()
#8 /var/www/html/localfarm-master/vendor/codeigniter4/framework/system/Commands/Server/rewrite.php(34): require_once('/var/www/html/l...')
#9 {main}
CRITICAL - 2020-12-14 05:15:44 --> Call to undefined method CodeIgniter\Session\Session::unset()
#0 /var/www/html/localfarm-master/vendor/codeigniter4/framework/system/CodeIgniter.php(918): App\Controllers\Panel->signOut()
#1 /var/www/html/localfarm-master/vendor/codeigniter4/framework/system/CodeIgniter.php(404): CodeIgniter\CodeIgniter->runController()
#2 /var/www/html/localfarm-master/vendor/codeigniter4/framework/system/CodeIgniter.php(312): CodeIgniter\CodeIgniter->handleRequest()
#3 /var/www/html/localfarm-master/public/index.php(45): CodeIgniter\CodeIgniter->run()
#4 /var/www/html/localfarm-master/vendor/codeigniter4/framework/system/Commands/Server/rewrite.php(34): require_once('/var/www/html/l...')
#5 {main}
CRITICAL - 2020-12-14 05:17:47 --> Undefined variable: is_admin
#0 /var/www/html/localfarm-master/app/Views/_panel/v_editor.php(22): CodeIgniter\Debug\Exceptions->errorHandler()
#1 /var/www/html/localfarm-master/vendor/codeigniter4/framework/system/View/View.php(246): include('/var/www/html/l...')
#2 /var/www/html/localfarm-master/vendor/codeigniter4/framework/system/Common.php(1119): CodeIgniter\View\View->render()
#3 /var/www/html/localfarm-master/app/Controllers/Panel.php(191): view()
#4 /var/www/html/localfarm-master/vendor/codeigniter4/framework/system/CodeIgniter.php(918): App\Controllers\Panel->editor()
#5 /var/www/html/localfarm-master/vendor/codeigniter4/framework/system/CodeIgniter.php(404): CodeIgniter\CodeIgniter->runController()
#6 /var/www/html/localfarm-master/vendor/codeigniter4/framework/system/CodeIgniter.php(312): CodeIgniter\CodeIgniter->handleRequest()
#7 /var/www/html/localfarm-master/public/index.php(45): CodeIgniter\CodeIgniter->run()
#8 /var/www/html/localfarm-master/vendor/codeigniter4/framework/system/Commands/Server/rewrite.php(34): require_once('/var/www/html/l...')
#9 {main}
CRITICAL - 2020-12-14 05:18:39 --> Undefined variable: is_admin
#0 /var/www/html/localfarm-master/app/Views/_panel/v_editor.php(22): CodeIgniter\Debug\Exceptions->errorHandler()
#1 /var/www/html/localfarm-master/vendor/codeigniter4/framework/system/View/View.php(246): include('/var/www/html/l...')
#2 /var/www/html/localfarm-master/vendor/codeigniter4/framework/system/Common.php(1119): CodeIgniter\View\View->render()
#3 /var/www/html/localfarm-master/app/Controllers/Panel.php(191): view()
#4 /var/www/html/localfarm-master/vendor/codeigniter4/framework/system/CodeIgniter.php(918): App\Controllers\Panel->editor()
#5 /var/www/html/localfarm-master/vendor/codeigniter4/framework/system/CodeIgniter.php(404): CodeIgniter\CodeIgniter->runController()
#6 /var/www/html/localfarm-master/vendor/codeigniter4/framework/system/CodeIgniter.php(312): CodeIgniter\CodeIgniter->handleRequest()
#7 /var/www/html/localfarm-master/public/index.php(45): CodeIgniter\CodeIgniter->run()
#8 /var/www/html/localfarm-master/vendor/codeigniter4/framework/system/Commands/Server/rewrite.php(34): require_once('/var/www/html/l...')
#9 {main}
CRITICAL - 2020-12-14 05:20:44 --> Undefined variable: is_admin
#0 /var/www/html/localfarm-master/app/Views/_panel/v_editor.php(22): CodeIgniter\Debug\Exceptions->errorHandler()
#1 /var/www/html/localfarm-master/vendor/codeigniter4/framework/system/View/View.php(246): include('/var/www/html/l...')
#2 /var/www/html/localfarm-master/vendor/codeigniter4/framework/system/Common.php(1119): CodeIgniter\View\View->render()
#3 /var/www/html/localfarm-master/app/Controllers/Panel.php(191): view()
#4 /var/www/html/localfarm-master/vendor/codeigniter4/framework/system/CodeIgniter.php(918): App\Controllers\Panel->editor()
#5 /var/www/html/localfarm-master/vendor/codeigniter4/framework/system/CodeIgniter.php(404): CodeIgniter\CodeIgniter->runController()
#6 /var/www/html/localfarm-master/vendor/codeigniter4/framework/system/CodeIgniter.php(312): CodeIgniter\CodeIgniter->handleRequest()
#7 /var/www/html/localfarm-master/public/index.php(45): CodeIgniter\CodeIgniter->run()
#8 /var/www/html/localfarm-master/vendor/codeigniter4/framework/system/Commands/Server/rewrite.php(34): require_once('/var/www/html/l...')
#9 {main}
CRITICAL - 2020-12-14 05:20:44 --> Undefined variable: is_admin
#0 /var/www/html/localfarm-master/app/Views/_panel/v_editor.php(22): CodeIgniter\Debug\Exceptions->errorHandler()
#1 /var/www/html/localfarm-master/vendor/codeigniter4/framework/system/View/View.php(246): include('/var/www/html/l...')
#2 /var/www/html/localfarm-master/vendor/codeigniter4/framework/system/Common.php(1119): CodeIgniter\View\View->render()
#3 /var/www/html/localfarm-master/app/Controllers/Panel.php(191): view()
#4 /var/www/html/localfarm-master/vendor/codeigniter4/framework/system/CodeIgniter.php(918): App\Controllers\Panel->editor()
#5 /var/www/html/localfarm-master/vendor/codeigniter4/framework/system/CodeIgniter.php(404): CodeIgniter\CodeIgniter->runController()
#6 /var/www/html/localfarm-master/vendor/codeigniter4/framework/system/CodeIgniter.php(312): CodeIgniter\CodeIgniter->handleRequest()
#7 /var/www/html/localfarm-master/public/index.php(45): CodeIgniter\CodeIgniter->run()
#8 /var/www/html/localfarm-master/vendor/codeigniter4/framework/system/Commands/Server/rewrite.php(34): require_once('/var/www/html/l...')
#9 {main}
CRITICAL - 2020-12-14 05:20:45 --> Undefined variable: is_admin
#0 /var/www/html/localfarm-master/app/Views/_panel/v_editor.php(22): CodeIgniter\Debug\Exceptions->errorHandler()
#1 /var/www/html/localfarm-master/vendor/codeigniter4/framework/system/View/View.php(246): include('/var/www/html/l...')
#2 /var/www/html/localfarm-master/vendor/codeigniter4/framework/system/Common.php(1119): CodeIgniter\View\View->render()
#3 /var/www/html/localfarm-master/app/Controllers/Panel.php(191): view()
#4 /var/www/html/localfarm-master/vendor/codeigniter4/framework/system/CodeIgniter.php(918): App\Controllers\Panel->editor()
#5 /var/www/html/localfarm-master/vendor/codeigniter4/framework/system/CodeIgniter.php(404): CodeIgniter\CodeIgniter->runController()
#6 /var/www/html/localfarm-master/vendor/codeigniter4/framework/system/CodeIgniter.php(312): CodeIgniter\CodeIgniter->handleRequest()
#7 /var/www/html/localfarm-master/public/index.php(45): CodeIgniter\CodeIgniter->run()
#8 /var/www/html/localfarm-master/vendor/codeigniter4/framework/system/Commands/Server/rewrite.php(34): require_once('/var/www/html/l...')
#9 {main}
CRITICAL - 2020-12-14 05:20:46 --> Undefined variable: is_admin
#0 /var/www/html/localfarm-master/app/Views/_panel/v_editor.php(22): CodeIgniter\Debug\Exceptions->errorHandler()
#1 /var/www/html/localfarm-master/vendor/codeigniter4/framework/system/View/View.php(246): include('/var/www/html/l...')
#2 /var/www/html/localfarm-master/vendor/codeigniter4/framework/system/Common.php(1119): CodeIgniter\View\View->render()
#3 /var/www/html/localfarm-master/app/Controllers/Panel.php(191): view()
#4 /var/www/html/localfarm-master/vendor/codeigniter4/framework/system/CodeIgniter.php(918): App\Controllers\Panel->editor()
#5 /var/www/html/localfarm-master/vendor/codeigniter4/framework/system/CodeIgniter.php(404): CodeIgniter\CodeIgniter->runController()
#6 /var/www/html/localfarm-master/vendor/codeigniter4/framework/system/CodeIgniter.php(312): CodeIgniter\CodeIgniter->handleRequest()
#7 /var/www/html/localfarm-master/public/index.php(45): CodeIgniter\CodeIgniter->run()
#8 /var/www/html/localfarm-master/vendor/codeigniter4/framework/system/Commands/Server/rewrite.php(34): require_once('/var/www/html/l...')
#9 {main}
CRITICAL - 2020-12-14 05:20:47 --> Undefined variable: is_admin
#0 /var/www/html/localfarm-master/app/Views/_panel/v_editor.php(22): CodeIgniter\Debug\Exceptions->errorHandler()
#1 /var/www/html/localfarm-master/vendor/codeigniter4/framework/system/View/View.php(246): include('/var/www/html/l...')
#2 /var/www/html/localfarm-master/vendor/codeigniter4/framework/system/Common.php(1119): CodeIgniter\View\View->render()
#3 /var/www/html/localfarm-master/app/Controllers/Panel.php(191): view()
#4 /var/www/html/localfarm-master/vendor/codeigniter4/framework/system/CodeIgniter.php(918): App\Controllers\Panel->editor()
#5 /var/www/html/localfarm-master/vendor/codeigniter4/framework/system/CodeIgniter.php(404): CodeIgniter\CodeIgniter->runController()
#6 /var/www/html/localfarm-master/vendor/codeigniter4/framework/system/CodeIgniter.php(312): CodeIgniter\CodeIgniter->handleRequest()
#7 /var/www/html/localfarm-master/public/index.php(45): CodeIgniter\CodeIgniter->run()
#8 /var/www/html/localfarm-master/vendor/codeigniter4/framework/system/Commands/Server/rewrite.php(34): require_once('/var/www/html/l...')
#9 {main}
CRITICAL - 2020-12-14 05:20:47 --> Undefined variable: is_admin
#0 /var/www/html/localfarm-master/app/Views/_panel/v_editor.php(22): CodeIgniter\Debug\Exceptions->errorHandler()
#1 /var/www/html/localfarm-master/vendor/codeigniter4/framework/system/View/View.php(246): include('/var/www/html/l...')
#2 /var/www/html/localfarm-master/vendor/codeigniter4/framework/system/Common.php(1119): CodeIgniter\View\View->render()
#3 /var/www/html/localfarm-master/app/Controllers/Panel.php(191): view()
#4 /var/www/html/localfarm-master/vendor/codeigniter4/framework/system/CodeIgniter.php(918): App\Controllers\Panel->editor()
#5 /var/www/html/localfarm-master/vendor/codeigniter4/framework/system/CodeIgniter.php(404): CodeIgniter\CodeIgniter->runController()
#6 /var/www/html/localfarm-master/vendor/codeigniter4/framework/system/CodeIgniter.php(312): CodeIgniter\CodeIgniter->handleRequest()
#7 /var/www/html/localfarm-master/public/index.php(45): CodeIgniter\CodeIgniter->run()
#8 /var/www/html/localfarm-master/vendor/codeigniter4/framework/system/Commands/Server/rewrite.php(34): require_once('/var/www/html/l...')
#9 {main}
CRITICAL - 2020-12-14 05:20:48 --> Undefined variable: is_admin
#0 /var/www/html/localfarm-master/app/Views/_panel/v_editor.php(22): CodeIgniter\Debug\Exceptions->errorHandler()
#1 /var/www/html/localfarm-master/vendor/codeigniter4/framework/system/View/View.php(246): include('/var/www/html/l...')
#2 /var/www/html/localfarm-master/vendor/codeigniter4/framework/system/Common.php(1119): CodeIgniter\View\View->render()
#3 /var/www/html/localfarm-master/app/Controllers/Panel.php(191): view()
#4 /var/www/html/localfarm-master/vendor/codeigniter4/framework/system/CodeIgniter.php(918): App\Controllers\Panel->editor()
#5 /var/www/html/localfarm-master/vendor/codeigniter4/framework/system/CodeIgniter.php(404): CodeIgniter\CodeIgniter->runController()
#6 /var/www/html/localfarm-master/vendor/codeigniter4/framework/system/CodeIgniter.php(312): CodeIgniter\CodeIgniter->handleRequest()
#7 /var/www/html/localfarm-master/public/index.php(45): CodeIgniter\CodeIgniter->run()
#8 /var/www/html/localfarm-master/vendor/codeigniter4/framework/system/Commands/Server/rewrite.php(34): require_once('/var/www/html/l...')
#9 {main}
CRITICAL - 2020-12-14 05:20:48 --> Undefined variable: is_admin
#0 /var/www/html/localfarm-master/app/Views/_panel/v_editor.php(22): CodeIgniter\Debug\Exceptions->errorHandler()
#1 /var/www/html/localfarm-master/vendor/codeigniter4/framework/system/View/View.php(246): include('/var/www/html/l...')
#2 /var/www/html/localfarm-master/vendor/codeigniter4/framework/system/Common.php(1119): CodeIgniter\View\View->render()
#3 /var/www/html/localfarm-master/app/Controllers/Panel.php(191): view()
#4 /var/www/html/localfarm-master/vendor/codeigniter4/framework/system/CodeIgniter.php(918): App\Controllers\Panel->editor()
#5 /var/www/html/localfarm-master/vendor/codeigniter4/framework/system/CodeIgniter.php(404): CodeIgniter\CodeIgniter->runController()
#6 /var/www/html/localfarm-master/vendor/codeigniter4/framework/system/CodeIgniter.php(312): CodeIgniter\CodeIgniter->handleRequest()
#7 /var/www/html/localfarm-master/public/index.php(45): CodeIgniter\CodeIgniter->run()
#8 /var/www/html/localfarm-master/vendor/codeigniter4/framework/system/Commands/Server/rewrite.php(34): require_once('/var/www/html/l...')
#9 {main}
CRITICAL - 2020-12-14 05:20:48 --> Undefined variable: is_admin
#0 /var/www/html/localfarm-master/app/Views/_panel/v_editor.php(22): CodeIgniter\Debug\Exceptions->errorHandler()
#1 /var/www/html/localfarm-master/vendor/codeigniter4/framework/system/View/View.php(246): include('/var/www/html/l...')
#2 /var/www/html/localfarm-master/vendor/codeigniter4/framework/system/Common.php(1119): CodeIgniter\View\View->render()
#3 /var/www/html/localfarm-master/app/Controllers/Panel.php(191): view()
#4 /var/www/html/localfarm-master/vendor/codeigniter4/framework/system/CodeIgniter.php(918): App\Controllers\Panel->editor()
#5 /var/www/html/localfarm-master/vendor/codeigniter4/framework/system/CodeIgniter.php(404): CodeIgniter\CodeIgniter->runController()
#6 /var/www/html/localfarm-master/vendor/codeigniter4/framework/system/CodeIgniter.php(312): CodeIgniter\CodeIgniter->handleRequest()
#7 /var/www/html/localfarm-master/public/index.php(45): CodeIgniter\CodeIgniter->run()
#8 /var/www/html/localfarm-master/vendor/codeigniter4/framework/system/Commands/Server/rewrite.php(34): require_once('/var/www/html/l...')
#9 {main}
CRITICAL - 2020-12-14 05:21:44 --> Undefined variable: is_admin
#0 /var/www/html/localfarm-master/app/Views/_panel/v_editor.php(22): CodeIgniter\Debug\Exceptions->errorHandler()
#1 /var/www/html/localfarm-master/vendor/codeigniter4/framework/system/View/View.php(246): include('/var/www/html/l...')
#2 /var/www/html/localfarm-master/vendor/codeigniter4/framework/system/Common.php(1119): CodeIgniter\View\View->render()
#3 /var/www/html/localfarm-master/app/Controllers/Panel.php(191): view()
#4 /var/www/html/localfarm-master/vendor/codeigniter4/framework/system/CodeIgniter.php(918): App\Controllers\Panel->editor()
#5 /var/www/html/localfarm-master/vendor/codeigniter4/framework/system/CodeIgniter.php(404): CodeIgniter\CodeIgniter->runController()
#6 /var/www/html/localfarm-master/vendor/codeigniter4/framework/system/CodeIgniter.php(312): CodeIgniter\CodeIgniter->handleRequest()
#7 /var/www/html/localfarm-master/public/index.php(45): CodeIgniter\CodeIgniter->run()
#8 /var/www/html/localfarm-master/vendor/codeigniter4/framework/system/Commands/Server/rewrite.php(34): require_once('/var/www/html/l...')
#9 {main}
CRITICAL - 2020-12-14 05:22:26 --> Undefined variable: is_admin
#0 /var/www/html/localfarm-master/app/Views/_panel/v_editor.php(22): CodeIgniter\Debug\Exceptions->errorHandler()
#1 /var/www/html/localfarm-master/vendor/codeigniter4/framework/system/View/View.php(246): include('/var/www/html/l...')
#2 /var/www/html/localfarm-master/vendor/codeigniter4/framework/system/Common.php(1119): CodeIgniter\View\View->render()
#3 /var/www/html/localfarm-master/app/Controllers/Panel.php(192): view()
#4 /var/www/html/localfarm-master/vendor/codeigniter4/framework/system/CodeIgniter.php(918): App\Controllers\Panel->editor()
#5 /var/www/html/localfarm-master/vendor/codeigniter4/framework/system/CodeIgniter.php(404): CodeIgniter\CodeIgniter->runController()
#6 /var/www/html/localfarm-master/vendor/codeigniter4/framework/system/CodeIgniter.php(312): CodeIgniter\CodeIgniter->handleRequest()
#7 /var/www/html/localfarm-master/public/index.php(45): CodeIgniter\CodeIgniter->run()
#8 /var/www/html/localfarm-master/vendor/codeigniter4/framework/system/Commands/Server/rewrite.php(34): require_once('/var/www/html/l...')
#9 {main}
CRITICAL - 2020-12-14 05:22:27 --> Undefined variable: is_admin
#0 /var/www/html/localfarm-master/app/Views/_panel/v_editor.php(22): CodeIgniter\Debug\Exceptions->errorHandler()
#1 /var/www/html/localfarm-master/vendor/codeigniter4/framework/system/View/View.php(246): include('/var/www/html/l...')
#2 /var/www/html/localfarm-master/vendor/codeigniter4/framework/system/Common.php(1119): CodeIgniter\View\View->render()
#3 /var/www/html/localfarm-master/app/Controllers/Panel.php(192): view()
#4 /var/www/html/localfarm-master/vendor/codeigniter4/framework/system/CodeIgniter.php(918): App\Controllers\Panel->editor()
#5 /var/www/html/localfarm-master/vendor/codeigniter4/framework/system/CodeIgniter.php(404): CodeIgniter\CodeIgniter->runController()
#6 /var/www/html/localfarm-master/vendor/codeigniter4/framework/system/CodeIgniter.php(312): CodeIgniter\CodeIgniter->handleRequest()
#7 /var/www/html/localfarm-master/public/index.php(45): CodeIgniter\CodeIgniter->run()
#8 /var/www/html/localfarm-master/vendor/codeigniter4/framework/system/Commands/Server/rewrite.php(34): require_once('/var/www/html/l...')
#9 {main}
CRITICAL - 2020-12-14 05:22:27 --> Undefined variable: is_admin
#0 /var/www/html/localfarm-master/app/Views/_panel/v_editor.php(22): CodeIgniter\Debug\Exceptions->errorHandler()
#1 /var/www/html/localfarm-master/vendor/codeigniter4/framework/system/View/View.php(246): include('/var/www/html/l...')
#2 /var/www/html/localfarm-master/vendor/codeigniter4/framework/system/Common.php(1119): CodeIgniter\View\View->render()
#3 /var/www/html/localfarm-master/app/Controllers/Panel.php(192): view()
#4 /var/www/html/localfarm-master/vendor/codeigniter4/framework/system/CodeIgniter.php(918): App\Controllers\Panel->editor()
#5 /var/www/html/localfarm-master/vendor/codeigniter4/framework/system/CodeIgniter.php(404): CodeIgniter\CodeIgniter->runController()
#6 /var/www/html/localfarm-master/vendor/codeigniter4/framework/system/CodeIgniter.php(312): CodeIgniter\CodeIgniter->handleRequest()
#7 /var/www/html/localfarm-master/public/index.php(45): CodeIgniter\CodeIgniter->run()
#8 /var/www/html/localfarm-master/vendor/codeigniter4/framework/system/Commands/Server/rewrite.php(34): require_once('/var/www/html/l...')
#9 {main}
CRITICAL - 2020-12-14 05:22:27 --> Undefined variable: is_admin
#0 /var/www/html/localfarm-master/app/Views/_panel/v_editor.php(22): CodeIgniter\Debug\Exceptions->errorHandler()
#1 /var/www/html/localfarm-master/vendor/codeigniter4/framework/system/View/View.php(246): include('/var/www/html/l...')
#2 /var/www/html/localfarm-master/vendor/codeigniter4/framework/system/Common.php(1119): CodeIgniter\View\View->render()
#3 /var/www/html/localfarm-master/app/Controllers/Panel.php(192): view()
#4 /var/www/html/localfarm-master/vendor/codeigniter4/framework/system/CodeIgniter.php(918): App\Controllers\Panel->editor()
#5 /var/www/html/localfarm-master/vendor/codeigniter4/framework/system/CodeIgniter.php(404): CodeIgniter\CodeIgniter->runController()
#6 /var/www/html/localfarm-master/vendor/codeigniter4/framework/system/CodeIgniter.php(312): CodeIgniter\CodeIgniter->handleRequest()
#7 /var/www/html/localfarm-master/public/index.php(45): CodeIgniter\CodeIgniter->run()
#8 /var/www/html/localfarm-master/vendor/codeigniter4/framework/system/Commands/Server/rewrite.php(34): require_once('/var/www/html/l...')
#9 {main}
CRITICAL - 2020-12-14 05:22:28 --> Undefined variable: is_admin
#0 /var/www/html/localfarm-master/app/Views/_panel/v_editor.php(22): CodeIgniter\Debug\Exceptions->errorHandler()
#1 /var/www/html/localfarm-master/vendor/codeigniter4/framework/system/View/View.php(246): include('/var/www/html/l...')
#2 /var/www/html/localfarm-master/vendor/codeigniter4/framework/system/Common.php(1119): CodeIgniter\View\View->render()
#3 /var/www/html/localfarm-master/app/Controllers/Panel.php(192): view()
#4 /var/www/html/localfarm-master/vendor/codeigniter4/framework/system/CodeIgniter.php(918): App\Controllers\Panel->editor()
#5 /var/www/html/localfarm-master/vendor/codeigniter4/framework/system/CodeIgniter.php(404): CodeIgniter\CodeIgniter->runController()
#6 /var/www/html/localfarm-master/vendor/codeigniter4/framework/system/CodeIgniter.php(312): CodeIgniter\CodeIgniter->handleRequest()
#7 /var/www/html/localfarm-master/public/index.php(45): CodeIgniter\CodeIgniter->run()
#8 /var/www/html/localfarm-master/vendor/codeigniter4/framework/system/Commands/Server/rewrite.php(34): require_once('/var/www/html/l...')
#9 {main}
CRITICAL - 2020-12-14 05:22:28 --> Undefined variable: is_admin
#0 /var/www/html/localfarm-master/app/Views/_panel/v_editor.php(22): CodeIgniter\Debug\Exceptions->errorHandler()
#1 /var/www/html/localfarm-master/vendor/codeigniter4/framework/system/View/View.php(246): include('/var/www/html/l...')
#2 /var/www/html/localfarm-master/vendor/codeigniter4/framework/system/Common.php(1119): CodeIgniter\View\View->render()
#3 /var/www/html/localfarm-master/app/Controllers/Panel.php(192): view()
#4 /var/www/html/localfarm-master/vendor/codeigniter4/framework/system/CodeIgniter.php(918): App\Controllers\Panel->editor()
#5 /var/www/html/localfarm-master/vendor/codeigniter4/framework/system/CodeIgniter.php(404): CodeIgniter\CodeIgniter->runController()
#6 /var/www/html/localfarm-master/vendor/codeigniter4/framework/system/CodeIgniter.php(312): CodeIgniter\CodeIgniter->handleRequest()
#7 /var/www/html/localfarm-master/public/index.php(45): CodeIgniter\CodeIgniter->run()
#8 /var/www/html/localfarm-master/vendor/codeigniter4/framework/system/Commands/Server/rewrite.php(34): require_once('/var/www/html/l...')
#9 {main}
CRITICAL - 2020-12-14 10:43:37 --> Call to undefined method App\Controllers\Beranda::helper()
#0 /var/www/html/localfarm-master/vendor/codeigniter4/framework/system/CodeIgniter.php(890): App\Controllers\Beranda->__construct()
#1 /var/www/html/localfarm-master/vendor/codeigniter4/framework/system/CodeIgniter.php(399): CodeIgniter\CodeIgniter->createController()
#2 /var/www/html/localfarm-master/vendor/codeigniter4/framework/system/CodeIgniter.php(312): CodeIgniter\CodeIgniter->handleRequest()
#3 /var/www/html/localfarm-master/public/index.php(45): CodeIgniter\CodeIgniter->run()
#4 /var/www/html/localfarm-master/vendor/codeigniter4/framework/system/Commands/Server/rewrite.php(34): require_once('/var/www/html/l...')
#5 {main}
CRITICAL - 2020-12-14 10:43:47 --> Call to undefined method App\Controllers\Beranda::helper()
#0 /var/www/html/localfarm-master/vendor/codeigniter4/framework/system/CodeIgniter.php(890): App\Controllers\Beranda->__construct()
#1 /var/www/html/localfarm-master/vendor/codeigniter4/framework/system/CodeIgniter.php(399): CodeIgniter\CodeIgniter->createController()
#2 /var/www/html/localfarm-master/vendor/codeigniter4/framework/system/CodeIgniter.php(312): CodeIgniter\CodeIgniter->handleRequest()
#3 /var/www/html/localfarm-master/public/index.php(45): CodeIgniter\CodeIgniter->run()
#4 /var/www/html/localfarm-master/vendor/codeigniter4/framework/system/Commands/Server/rewrite.php(34): require_once('/var/www/html/l...')
#5 {main}
CRITICAL - 2020-12-14 10:44:09 --> Undefined variable: cookietest
#0 /var/www/html/localfarm-master/app/Views/v_beranda.php(1): CodeIgniter\Debug\Exceptions->errorHandler()
#1 /var/www/html/localfarm-master/vendor/codeigniter4/framework/system/View/View.php(246): include('/var/www/html/l...')
#2 /var/www/html/localfarm-master/vendor/codeigniter4/framework/system/Common.php(1119): CodeIgniter\View\View->render()
#3 /var/www/html/localfarm-master/app/Controllers/Beranda.php(52): view()
#4 /var/www/html/localfarm-master/vendor/codeigniter4/framework/system/CodeIgniter.php(918): App\Controllers\Beranda->index()
#5 /var/www/html/localfarm-master/vendor/codeigniter4/framework/system/CodeIgniter.php(404): CodeIgniter\CodeIgniter->runController()
#6 /var/www/html/localfarm-master/vendor/codeigniter4/framework/system/CodeIgniter.php(312): CodeIgniter\CodeIgniter->handleRequest()
#7 /var/www/html/localfarm-master/public/index.php(45): CodeIgniter\CodeIgniter->run()
#8 /var/www/html/localfarm-master/vendor/codeigniter4/framework/system/Commands/Server/rewrite.php(34): require_once('/var/www/html/l...')
#9 {main}
CRITICAL - 2020-12-14 10:53:14 --> Undefined variable: cookietest
#0 /var/www/html/localfarm-master/app/Views/v_beranda.php(1): CodeIgniter\Debug\Exceptions->errorHandler()
#1 /var/www/html/localfarm-master/vendor/codeigniter4/framework/system/View/View.php(246): include('/var/www/html/l...')
#2 /var/www/html/localfarm-master/vendor/codeigniter4/framework/system/Common.php(1119): CodeIgniter\View\View->render()
#3 /var/www/html/localfarm-master/app/Controllers/Beranda.php(56): view()
#4 /var/www/html/localfarm-master/vendor/codeigniter4/framework/system/CodeIgniter.php(918): App\Controllers\Beranda->index()
#5 /var/www/html/localfarm-master/vendor/codeigniter4/framework/system/CodeIgniter.php(404): CodeIgniter\CodeIgniter->runController()
#6 /var/www/html/localfarm-master/vendor/codeigniter4/framework/system/CodeIgniter.php(312): CodeIgniter\CodeIgniter->handleRequest()
#7 /var/www/html/localfarm-master/public/index.php(45): CodeIgniter\CodeIgniter->run()
#8 /var/www/html/localfarm-master/vendor/codeigniter4/framework/system/Commands/Server/rewrite.php(34): require_once('/var/www/html/l...')
#9 {main}
CRITICAL - 2020-12-14 10:54:32 --> Call to undefined function App\Controllers\get_cookie()
#0 /var/www/html/localfarm-master/vendor/codeigniter4/framework/system/CodeIgniter.php(918): App\Controllers\DaftarArtikel->index()
#1 /var/www/html/localfarm-master/vendor/codeigniter4/framework/system/CodeIgniter.php(404): CodeIgniter\CodeIgniter->runController()
#2 /var/www/html/localfarm-master/vendor/codeigniter4/framework/system/CodeIgniter.php(312): CodeIgniter\CodeIgniter->handleRequest()
#3 /var/www/html/localfarm-master/public/index.php(45): CodeIgniter\CodeIgniter->run()
#4 /var/www/html/localfarm-master/vendor/codeigniter4/framework/system/Commands/Server/rewrite.php(34): require_once('/var/www/html/l...')
#5 {main}
