CRITICAL - 2020-12-21 00:12:29 --> Undefined property: App\Controllers\Beranda::$artikelModel
#0 /var/www/html/localfarm-master/app/Controllers/Beranda.php(62): CodeIgniter\Debug\Exceptions->errorHandler()
#1 /var/www/html/localfarm-master/vendor/codeigniter4/framework/system/CodeIgniter.php(918): App\Controllers\Beranda->index()
#2 /var/www/html/localfarm-master/vendor/codeigniter4/framework/system/CodeIgniter.php(404): CodeIgniter\CodeIgniter->runController()
#3 /var/www/html/localfarm-master/vendor/codeigniter4/framework/system/CodeIgniter.php(312): CodeIgniter\CodeIgniter->handleRequest()
#4 /var/www/html/localfarm-master/public/index.php(45): CodeIgniter\CodeIgniter->run()
#5 /var/www/html/localfarm-master/vendor/codeigniter4/framework/system/Commands/Server/rewrite.php(34): require_once('/var/www/html/l...')
#6 {main}
CRITICAL - 2020-12-21 00:12:58 --> Class 'App\Controllers\Resep_Model' not found
#0 /var/www/html/localfarm-master/vendor/codeigniter4/framework/system/CodeIgniter.php(890): App\Controllers\Beranda->__construct()
#1 /var/www/html/localfarm-master/vendor/codeigniter4/framework/system/CodeIgniter.php(399): CodeIgniter\CodeIgniter->createController()
#2 /var/www/html/localfarm-master/vendor/codeigniter4/framework/system/CodeIgniter.php(312): CodeIgniter\CodeIgniter->handleRequest()
#3 /var/www/html/localfarm-master/public/index.php(45): CodeIgniter\CodeIgniter->run()
#4 /var/www/html/localfarm-master/vendor/codeigniter4/framework/system/Commands/Server/rewrite.php(34): require_once('/var/www/html/l...')
#5 {main}
CRITICAL - 2020-12-21 00:12:58 --> Class 'App\Controllers\Resep_Model' not found
#0 /var/www/html/localfarm-master/vendor/codeigniter4/framework/system/CodeIgniter.php(890): App\Controllers\Beranda->__construct()
#1 /var/www/html/localfarm-master/vendor/codeigniter4/framework/system/CodeIgniter.php(399): CodeIgniter\CodeIgniter->createController()
#2 /var/www/html/localfarm-master/vendor/codeigniter4/framework/system/CodeIgniter.php(312): CodeIgniter\CodeIgniter->handleRequest()
#3 /var/www/html/localfarm-master/public/index.php(45): CodeIgniter\CodeIgniter->run()
#4 /var/www/html/localfarm-master/vendor/codeigniter4/framework/system/Commands/Server/rewrite.php(34): require_once('/var/www/html/l...')
#5 {main}
CRITICAL - 2020-12-21 00:12:59 --> Class 'App\Controllers\Resep_Model' not found
#0 /var/www/html/localfarm-master/vendor/codeigniter4/framework/system/CodeIgniter.php(890): App\Controllers\Beranda->__construct()
#1 /var/www/html/localfarm-master/vendor/codeigniter4/framework/system/CodeIgniter.php(399): CodeIgniter\CodeIgniter->createController()
#2 /var/www/html/localfarm-master/vendor/codeigniter4/framework/system/CodeIgniter.php(312): CodeIgniter\CodeIgniter->handleRequest()
#3 /var/www/html/localfarm-master/public/index.php(45): CodeIgniter\CodeIgniter->run()
#4 /var/www/html/localfarm-master/vendor/codeigniter4/framework/system/Commands/Server/rewrite.php(34): require_once('/var/www/html/l...')
#5 {main}
CRITICAL - 2020-12-21 00:12:59 --> Class 'App\Controllers\Resep_Model' not found
#0 /var/www/html/localfarm-master/vendor/codeigniter4/framework/system/CodeIgniter.php(890): App\Controllers\Beranda->__construct()
#1 /var/www/html/localfarm-master/vendor/codeigniter4/framework/system/CodeIgniter.php(399): CodeIgniter\CodeIgniter->createController()
#2 /var/www/html/localfarm-master/vendor/codeigniter4/framework/system/CodeIgniter.php(312): CodeIgniter\CodeIgniter->handleRequest()
#3 /var/www/html/localfarm-master/public/index.php(45): CodeIgniter\CodeIgniter->run()
#4 /var/www/html/localfarm-master/vendor/codeigniter4/framework/system/Commands/Server/rewrite.php(34): require_once('/var/www/html/l...')
#5 {main}
CRITICAL - 2020-12-21 00:12:59 --> Class 'App\Controllers\Resep_Model' not found
#0 /var/www/html/localfarm-master/vendor/codeigniter4/framework/system/CodeIgniter.php(890): App\Controllers\Beranda->__construct()
#1 /var/www/html/localfarm-master/vendor/codeigniter4/framework/system/CodeIgniter.php(399): CodeIgniter\CodeIgniter->createController()
#2 /var/www/html/localfarm-master/vendor/codeigniter4/framework/system/CodeIgniter.php(312): CodeIgniter\CodeIgniter->handleRequest()
#3 /var/www/html/localfarm-master/public/index.php(45): CodeIgniter\CodeIgniter->run()
#4 /var/www/html/localfarm-master/vendor/codeigniter4/framework/system/Commands/Server/rewrite.php(34): require_once('/var/www/html/l...')
#5 {main}
CRITICAL - 2020-12-21 00:13:00 --> Class 'App\Controllers\Resep_Model' not found
#0 /var/www/html/localfarm-master/vendor/codeigniter4/framework/system/CodeIgniter.php(890): App\Controllers\Beranda->__construct()
#1 /var/www/html/localfarm-master/vendor/codeigniter4/framework/system/CodeIgniter.php(399): CodeIgniter\CodeIgniter->createController()
#2 /var/www/html/localfarm-master/vendor/codeigniter4/framework/system/CodeIgniter.php(312): CodeIgniter\CodeIgniter->handleRequest()
#3 /var/www/html/localfarm-master/public/index.php(45): CodeIgniter\CodeIgniter->run()
#4 /var/www/html/localfarm-master/vendor/codeigniter4/framework/system/Commands/Server/rewrite.php(34): require_once('/var/www/html/l...')
#5 {main}
CRITICAL - 2020-12-21 00:32:26 --> Trying to get property 'judul' of non-object
#0 /var/www/html/localfarm-master/app/Views/v_beranda.php(64): CodeIgniter\Debug\Exceptions->errorHandler()
#1 /var/www/html/localfarm-master/vendor/codeigniter4/framework/system/View/View.php(246): include('/var/www/html/l...')
#2 /var/www/html/localfarm-master/vendor/codeigniter4/framework/system/Common.php(1119): CodeIgniter\View\View->render()
#3 /var/www/html/localfarm-master/app/Controllers/Beranda.php(68): view()
#4 /var/www/html/localfarm-master/vendor/codeigniter4/framework/system/CodeIgniter.php(918): App\Controllers\Beranda->index()
#5 /var/www/html/localfarm-master/vendor/codeigniter4/framework/system/CodeIgniter.php(404): CodeIgniter\CodeIgniter->runController()
#6 /var/www/html/localfarm-master/vendor/codeigniter4/framework/system/CodeIgniter.php(312): CodeIgniter\CodeIgniter->handleRequest()
#7 /var/www/html/localfarm-master/public/index.php(45): CodeIgniter\CodeIgniter->run()
#8 /var/www/html/localfarm-master/vendor/codeigniter4/framework/system/Commands/Server/rewrite.php(34): require_once('/var/www/html/l...')
#9 {main}
CRITICAL - 2020-12-21 00:32:32 --> Trying to get property 'judul' of non-object
#0 /var/www/html/localfarm-master/app/Views/v_beranda.php(64): CodeIgniter\Debug\Exceptions->errorHandler()
#1 /var/www/html/localfarm-master/vendor/codeigniter4/framework/system/View/View.php(246): include('/var/www/html/l...')
#2 /var/www/html/localfarm-master/vendor/codeigniter4/framework/system/Common.php(1119): CodeIgniter\View\View->render()
#3 /var/www/html/localfarm-master/app/Controllers/Beranda.php(68): view()
#4 /var/www/html/localfarm-master/vendor/codeigniter4/framework/system/CodeIgniter.php(918): App\Controllers\Beranda->index()
#5 /var/www/html/localfarm-master/vendor/codeigniter4/framework/system/CodeIgniter.php(404): CodeIgniter\CodeIgniter->runController()
#6 /var/www/html/localfarm-master/vendor/codeigniter4/framework/system/CodeIgniter.php(312): CodeIgniter\CodeIgniter->handleRequest()
#7 /var/www/html/localfarm-master/public/index.php(45): CodeIgniter\CodeIgniter->run()
#8 /var/www/html/localfarm-master/vendor/codeigniter4/framework/system/Commands/Server/rewrite.php(34): require_once('/var/www/html/l...')
#9 {main}
CRITICAL - 2020-12-21 00:43:16 --> Undefined variable: dataRes
#0 /var/www/html/localfarm-master/app/Views/v_beranda.php(115): CodeIgniter\Debug\Exceptions->errorHandler()
#1 /var/www/html/localfarm-master/vendor/codeigniter4/framework/system/View/View.php(246): include('/var/www/html/l...')
#2 /var/www/html/localfarm-master/vendor/codeigniter4/framework/system/Common.php(1119): CodeIgniter\View\View->render()
#3 /var/www/html/localfarm-master/app/Controllers/Beranda.php(68): view()
#4 /var/www/html/localfarm-master/vendor/codeigniter4/framework/system/CodeIgniter.php(918): App\Controllers\Beranda->index()
#5 /var/www/html/localfarm-master/vendor/codeigniter4/framework/system/CodeIgniter.php(404): CodeIgniter\CodeIgniter->runController()
#6 /var/www/html/localfarm-master/vendor/codeigniter4/framework/system/CodeIgniter.php(312): CodeIgniter\CodeIgniter->handleRequest()
#7 /var/www/html/localfarm-master/public/index.php(45): CodeIgniter\CodeIgniter->run()
#8 /var/www/html/localfarm-master/vendor/codeigniter4/framework/system/Commands/Server/rewrite.php(34): require_once('/var/www/html/l...')
#9 {main}
CRITICAL - 2020-12-21 00:43:40 --> Undefined variable: dataResep
#0 /var/www/html/localfarm-master/app/Views/v_beranda.php(115): CodeIgniter\Debug\Exceptions->errorHandler()
#1 /var/www/html/localfarm-master/vendor/codeigniter4/framework/system/View/View.php(246): include('/var/www/html/l...')
#2 /var/www/html/localfarm-master/vendor/codeigniter4/framework/system/Common.php(1119): CodeIgniter\View\View->render()
#3 /var/www/html/localfarm-master/app/Controllers/Beranda.php(68): view()
#4 /var/www/html/localfarm-master/vendor/codeigniter4/framework/system/CodeIgniter.php(918): App\Controllers\Beranda->index()
#5 /var/www/html/localfarm-master/vendor/codeigniter4/framework/system/CodeIgniter.php(404): CodeIgniter\CodeIgniter->runController()
#6 /var/www/html/localfarm-master/vendor/codeigniter4/framework/system/CodeIgniter.php(312): CodeIgniter\CodeIgniter->handleRequest()
#7 /var/www/html/localfarm-master/public/index.php(45): CodeIgniter\CodeIgniter->run()
#8 /var/www/html/localfarm-master/vendor/codeigniter4/framework/system/Commands/Server/rewrite.php(34): require_once('/var/www/html/l...')
#9 {main}
CRITICAL - 2020-12-21 00:43:44 --> Undefined variable: dataResep
#0 /var/www/html/localfarm-master/app/Views/v_beranda.php(115): CodeIgniter\Debug\Exceptions->errorHandler()
#1 /var/www/html/localfarm-master/vendor/codeigniter4/framework/system/View/View.php(246): include('/var/www/html/l...')
#2 /var/www/html/localfarm-master/vendor/codeigniter4/framework/system/Common.php(1119): CodeIgniter\View\View->render()
#3 /var/www/html/localfarm-master/app/Controllers/Beranda.php(68): view()
#4 /var/www/html/localfarm-master/vendor/codeigniter4/framework/system/CodeIgniter.php(918): App\Controllers\Beranda->index()
#5 /var/www/html/localfarm-master/vendor/codeigniter4/framework/system/CodeIgniter.php(404): CodeIgniter\CodeIgniter->runController()
#6 /var/www/html/localfarm-master/vendor/codeigniter4/framework/system/CodeIgniter.php(312): CodeIgniter\CodeIgniter->handleRequest()
#7 /var/www/html/localfarm-master/public/index.php(45): CodeIgniter\CodeIgniter->run()
#8 /var/www/html/localfarm-master/vendor/codeigniter4/framework/system/Commands/Server/rewrite.php(34): require_once('/var/www/html/l...')
#9 {main}
CRITICAL - 2020-12-21 00:43:45 --> Undefined variable: dataResep
#0 /var/www/html/localfarm-master/app/Views/v_beranda.php(115): CodeIgniter\Debug\Exceptions->errorHandler()
#1 /var/www/html/localfarm-master/vendor/codeigniter4/framework/system/View/View.php(246): include('/var/www/html/l...')
#2 /var/www/html/localfarm-master/vendor/codeigniter4/framework/system/Common.php(1119): CodeIgniter\View\View->render()
#3 /var/www/html/localfarm-master/app/Controllers/Beranda.php(68): view()
#4 /var/www/html/localfarm-master/vendor/codeigniter4/framework/system/CodeIgniter.php(918): App\Controllers\Beranda->index()
#5 /var/www/html/localfarm-master/vendor/codeigniter4/framework/system/CodeIgniter.php(404): CodeIgniter\CodeIgniter->runController()
#6 /var/www/html/localfarm-master/vendor/codeigniter4/framework/system/CodeIgniter.php(312): CodeIgniter\CodeIgniter->handleRequest()
#7 /var/www/html/localfarm-master/public/index.php(45): CodeIgniter\CodeIgniter->run()
#8 /var/www/html/localfarm-master/vendor/codeigniter4/framework/system/Commands/Server/rewrite.php(34): require_once('/var/www/html/l...')
#9 {main}
CRITICAL - 2020-12-21 01:24:56 --> Undefined offset: 1
#0 /var/www/html/localfarm-master/app/Views/v_beranda.php(76): CodeIgniter\Debug\Exceptions->errorHandler()
#1 /var/www/html/localfarm-master/vendor/codeigniter4/framework/system/View/View.php(246): include('/var/www/html/l...')
#2 /var/www/html/localfarm-master/vendor/codeigniter4/framework/system/Common.php(1119): CodeIgniter\View\View->render()
#3 /var/www/html/localfarm-master/app/Controllers/Beranda.php(69): view()
#4 /var/www/html/localfarm-master/vendor/codeigniter4/framework/system/CodeIgniter.php(918): App\Controllers\Beranda->index()
#5 /var/www/html/localfarm-master/vendor/codeigniter4/framework/system/CodeIgniter.php(404): CodeIgniter\CodeIgniter->runController()
#6 /var/www/html/localfarm-master/vendor/codeigniter4/framework/system/CodeIgniter.php(312): CodeIgniter\CodeIgniter->handleRequest()
#7 /var/www/html/localfarm-master/public/index.php(45): CodeIgniter\CodeIgniter->run()
#8 /var/www/html/localfarm-master/vendor/codeigniter4/framework/system/Commands/Server/rewrite.php(34): require_once('/var/www/html/l...')
#9 {main}
