CRITICAL - 2020-12-23 02:56:36 --> Unable to connect to the database.
#0 /var/www/html/localfarm-master/vendor/codeigniter4/framework/system/Database/BaseConnection.php(646): CodeIgniter\Database\BaseConnection->initialize()
#1 /var/www/html/localfarm-master/vendor/codeigniter4/framework/system/Database/BaseBuilder.php(1860): CodeIgniter\Database\BaseConnection->query()
#2 /var/www/html/localfarm-master/vendor/codeigniter4/framework/system/Model.php(398): CodeIgniter\Database\BaseBuilder->get()
#3 /var/www/html/localfarm-master/app/Controllers/Beranda.php(59): CodeIgniter\Model->find()
#4 /var/www/html/localfarm-master/vendor/codeigniter4/framework/system/CodeIgniter.php(918): App\Controllers\Beranda->index()
#5 /var/www/html/localfarm-master/vendor/codeigniter4/framework/system/CodeIgniter.php(404): CodeIgniter\CodeIgniter->runController()
#6 /var/www/html/localfarm-master/vendor/codeigniter4/framework/system/CodeIgniter.php(312): CodeIgniter\CodeIgniter->handleRequest()
#7 /var/www/html/localfarm-master/public/index.php(45): CodeIgniter\CodeIgniter->run()
#8 /var/www/html/localfarm-master/vendor/codeigniter4/framework/system/Commands/Server/rewrite.php(34): require_once('/var/www/html/l...')
#9 {main}
CRITICAL - 2020-12-23 02:56:57 --> Trying to get property 'judul' of non-object
#0 /var/www/html/localfarm-master/app/Views/v_beranda.php(99): CodeIgniter\Debug\Exceptions->errorHandler()
#1 /var/www/html/localfarm-master/vendor/codeigniter4/framework/system/View/View.php(246): include('/var/www/html/l...')
#2 /var/www/html/localfarm-master/vendor/codeigniter4/framework/system/Common.php(1119): CodeIgniter\View\View->render()
#3 /var/www/html/localfarm-master/app/Controllers/Beranda.php(69): view()
#4 /var/www/html/localfarm-master/vendor/codeigniter4/framework/system/CodeIgniter.php(918): App\Controllers\Beranda->index()
#5 /var/www/html/localfarm-master/vendor/codeigniter4/framework/system/CodeIgniter.php(404): CodeIgniter\CodeIgniter->runController()
#6 /var/www/html/localfarm-master/vendor/codeigniter4/framework/system/CodeIgniter.php(312): CodeIgniter\CodeIgniter->handleRequest()
#7 /var/www/html/localfarm-master/public/index.php(45): CodeIgniter\CodeIgniter->run()
#8 /var/www/html/localfarm-master/vendor/codeigniter4/framework/system/Commands/Server/rewrite.php(34): require_once('/var/www/html/l...')
#9 {main}
CRITICAL - 2020-12-23 02:57:00 --> Trying to get property 'judul' of non-object
#0 /var/www/html/localfarm-master/app/Views/v_beranda.php(99): CodeIgniter\Debug\Exceptions->errorHandler()
#1 /var/www/html/localfarm-master/vendor/codeigniter4/framework/system/View/View.php(246): include('/var/www/html/l...')
#2 /var/www/html/localfarm-master/vendor/codeigniter4/framework/system/Common.php(1119): CodeIgniter\View\View->render()
#3 /var/www/html/localfarm-master/app/Controllers/Beranda.php(69): view()
#4 /var/www/html/localfarm-master/vendor/codeigniter4/framework/system/CodeIgniter.php(918): App\Controllers\Beranda->index()
#5 /var/www/html/localfarm-master/vendor/codeigniter4/framework/system/CodeIgniter.php(404): CodeIgniter\CodeIgniter->runController()
#6 /var/www/html/localfarm-master/vendor/codeigniter4/framework/system/CodeIgniter.php(312): CodeIgniter\CodeIgniter->handleRequest()
#7 /var/www/html/localfarm-master/public/index.php(45): CodeIgniter\CodeIgniter->run()
#8 /var/www/html/localfarm-master/vendor/codeigniter4/framework/system/Commands/Server/rewrite.php(34): require_once('/var/www/html/l...')
#9 {main}
CRITICAL - 2020-12-23 03:02:48 --> Undefined offset: 0
#0 /var/www/html/localfarm-master/app/Views/v_DetailResep.php(3): CodeIgniter\Debug\Exceptions->errorHandler()
#1 /var/www/html/localfarm-master/vendor/codeigniter4/framework/system/View/View.php(246): include('/var/www/html/l...')
#2 /var/www/html/localfarm-master/vendor/codeigniter4/framework/system/Common.php(1119): CodeIgniter\View\View->render()
#3 /var/www/html/localfarm-master/app/Controllers/Resep.php(95): view()
#4 /var/www/html/localfarm-master/vendor/codeigniter4/framework/system/CodeIgniter.php(918): App\Controllers\Resep->read()
#5 /var/www/html/localfarm-master/vendor/codeigniter4/framework/system/CodeIgniter.php(404): CodeIgniter\CodeIgniter->runController()
#6 /var/www/html/localfarm-master/vendor/codeigniter4/framework/system/CodeIgniter.php(312): CodeIgniter\CodeIgniter->handleRequest()
#7 /var/www/html/localfarm-master/public/index.php(45): CodeIgniter\CodeIgniter->run()
#8 /var/www/html/localfarm-master/vendor/codeigniter4/framework/system/Commands/Server/rewrite.php(34): require_once('/var/www/html/l...')
#9 {main}
CRITICAL - 2020-12-23 03:05:34 --> Undefined offset: 0
#0 /var/www/html/localfarm-master/app/Views/v_DetailResep.php(3): CodeIgniter\Debug\Exceptions->errorHandler()
#1 /var/www/html/localfarm-master/vendor/codeigniter4/framework/system/View/View.php(246): include('/var/www/html/l...')
#2 /var/www/html/localfarm-master/vendor/codeigniter4/framework/system/Common.php(1119): CodeIgniter\View\View->render()
#3 /var/www/html/localfarm-master/app/Controllers/Resep.php(95): view()
#4 /var/www/html/localfarm-master/vendor/codeigniter4/framework/system/CodeIgniter.php(918): App\Controllers\Resep->read()
#5 /var/www/html/localfarm-master/vendor/codeigniter4/framework/system/CodeIgniter.php(404): CodeIgniter\CodeIgniter->runController()
#6 /var/www/html/localfarm-master/vendor/codeigniter4/framework/system/CodeIgniter.php(312): CodeIgniter\CodeIgniter->handleRequest()
#7 /var/www/html/localfarm-master/public/index.php(45): CodeIgniter\CodeIgniter->run()
#8 /var/www/html/localfarm-master/vendor/codeigniter4/framework/system/Commands/Server/rewrite.php(34): require_once('/var/www/html/l...')
#9 {main}
CRITICAL - 2020-12-23 03:05:57 --> Undefined variable: obj_thumb
#0 /var/www/html/localfarm-master/app/Views/v_DetailResep.php(14): CodeIgniter\Debug\Exceptions->errorHandler()
#1 /var/www/html/localfarm-master/vendor/codeigniter4/framework/system/View/View.php(246): include('/var/www/html/l...')
#2 /var/www/html/localfarm-master/vendor/codeigniter4/framework/system/Common.php(1119): CodeIgniter\View\View->render()
#3 /var/www/html/localfarm-master/app/Controllers/Resep.php(95): view()
#4 /var/www/html/localfarm-master/vendor/codeigniter4/framework/system/CodeIgniter.php(918): App\Controllers\Resep->read()
#5 /var/www/html/localfarm-master/vendor/codeigniter4/framework/system/CodeIgniter.php(404): CodeIgniter\CodeIgniter->runController()
#6 /var/www/html/localfarm-master/vendor/codeigniter4/framework/system/CodeIgniter.php(312): CodeIgniter\CodeIgniter->handleRequest()
#7 /var/www/html/localfarm-master/public/index.php(45): CodeIgniter\CodeIgniter->run()
#8 /var/www/html/localfarm-master/vendor/codeigniter4/framework/system/Commands/Server/rewrite.php(34): require_once('/var/www/html/l...')
#9 {main}
CRITICAL - 2020-12-23 03:05:58 --> Undefined variable: obj_thumb
#0 /var/www/html/localfarm-master/app/Views/v_DetailResep.php(14): CodeIgniter\Debug\Exceptions->errorHandler()
#1 /var/www/html/localfarm-master/vendor/codeigniter4/framework/system/View/View.php(246): include('/var/www/html/l...')
#2 /var/www/html/localfarm-master/vendor/codeigniter4/framework/system/Common.php(1119): CodeIgniter\View\View->render()
#3 /var/www/html/localfarm-master/app/Controllers/Resep.php(95): view()
#4 /var/www/html/localfarm-master/vendor/codeigniter4/framework/system/CodeIgniter.php(918): App\Controllers\Resep->read()
#5 /var/www/html/localfarm-master/vendor/codeigniter4/framework/system/CodeIgniter.php(404): CodeIgniter\CodeIgniter->runController()
#6 /var/www/html/localfarm-master/vendor/codeigniter4/framework/system/CodeIgniter.php(312): CodeIgniter\CodeIgniter->handleRequest()
#7 /var/www/html/localfarm-master/public/index.php(45): CodeIgniter\CodeIgniter->run()
#8 /var/www/html/localfarm-master/vendor/codeigniter4/framework/system/Commands/Server/rewrite.php(34): require_once('/var/www/html/l...')
#9 {main}
CRITICAL - 2020-12-23 03:05:59 --> Undefined variable: obj_thumb
#0 /var/www/html/localfarm-master/app/Views/v_DetailResep.php(14): CodeIgniter\Debug\Exceptions->errorHandler()
#1 /var/www/html/localfarm-master/vendor/codeigniter4/framework/system/View/View.php(246): include('/var/www/html/l...')
#2 /var/www/html/localfarm-master/vendor/codeigniter4/framework/system/Common.php(1119): CodeIgniter\View\View->render()
#3 /var/www/html/localfarm-master/app/Controllers/Resep.php(95): view()
#4 /var/www/html/localfarm-master/vendor/codeigniter4/framework/system/CodeIgniter.php(918): App\Controllers\Resep->read()
#5 /var/www/html/localfarm-master/vendor/codeigniter4/framework/system/CodeIgniter.php(404): CodeIgniter\CodeIgniter->runController()
#6 /var/www/html/localfarm-master/vendor/codeigniter4/framework/system/CodeIgniter.php(312): CodeIgniter\CodeIgniter->handleRequest()
#7 /var/www/html/localfarm-master/public/index.php(45): CodeIgniter\CodeIgniter->run()
#8 /var/www/html/localfarm-master/vendor/codeigniter4/framework/system/Commands/Server/rewrite.php(34): require_once('/var/www/html/l...')
#9 {main}
CRITICAL - 2020-12-23 03:06:01 --> Undefined variable: obj_thumb
#0 /var/www/html/localfarm-master/app/Views/v_DetailResep.php(14): CodeIgniter\Debug\Exceptions->errorHandler()
#1 /var/www/html/localfarm-master/vendor/codeigniter4/framework/system/View/View.php(246): include('/var/www/html/l...')
#2 /var/www/html/localfarm-master/vendor/codeigniter4/framework/system/Common.php(1119): CodeIgniter\View\View->render()
#3 /var/www/html/localfarm-master/app/Controllers/Resep.php(95): view()
#4 /var/www/html/localfarm-master/vendor/codeigniter4/framework/system/CodeIgniter.php(918): App\Controllers\Resep->read()
#5 /var/www/html/localfarm-master/vendor/codeigniter4/framework/system/CodeIgniter.php(404): CodeIgniter\CodeIgniter->runController()
#6 /var/www/html/localfarm-master/vendor/codeigniter4/framework/system/CodeIgniter.php(312): CodeIgniter\CodeIgniter->handleRequest()
#7 /var/www/html/localfarm-master/public/index.php(45): CodeIgniter\CodeIgniter->run()
#8 /var/www/html/localfarm-master/vendor/codeigniter4/framework/system/Commands/Server/rewrite.php(34): require_once('/var/www/html/l...')
#9 {main}
CRITICAL - 2020-12-23 03:06:08 --> Undefined variable: obj_thumb
#0 /var/www/html/localfarm-master/app/Views/v_DetailResep.php(14): CodeIgniter\Debug\Exceptions->errorHandler()
#1 /var/www/html/localfarm-master/vendor/codeigniter4/framework/system/View/View.php(246): include('/var/www/html/l...')
#2 /var/www/html/localfarm-master/vendor/codeigniter4/framework/system/Common.php(1119): CodeIgniter\View\View->render()
#3 /var/www/html/localfarm-master/app/Controllers/Resep.php(95): view()
#4 /var/www/html/localfarm-master/vendor/codeigniter4/framework/system/CodeIgniter.php(918): App\Controllers\Resep->read()
#5 /var/www/html/localfarm-master/vendor/codeigniter4/framework/system/CodeIgniter.php(404): CodeIgniter\CodeIgniter->runController()
#6 /var/www/html/localfarm-master/vendor/codeigniter4/framework/system/CodeIgniter.php(312): CodeIgniter\CodeIgniter->handleRequest()
#7 /var/www/html/localfarm-master/public/index.php(45): CodeIgniter\CodeIgniter->run()
#8 /var/www/html/localfarm-master/vendor/codeigniter4/framework/system/Commands/Server/rewrite.php(34): require_once('/var/www/html/l...')
#9 {main}
CRITICAL - 2020-12-23 03:06:09 --> Undefined variable: obj_thumb
#0 /var/www/html/localfarm-master/app/Views/v_DetailResep.php(14): CodeIgniter\Debug\Exceptions->errorHandler()
#1 /var/www/html/localfarm-master/vendor/codeigniter4/framework/system/View/View.php(246): include('/var/www/html/l...')
#2 /var/www/html/localfarm-master/vendor/codeigniter4/framework/system/Common.php(1119): CodeIgniter\View\View->render()
#3 /var/www/html/localfarm-master/app/Controllers/Resep.php(95): view()
#4 /var/www/html/localfarm-master/vendor/codeigniter4/framework/system/CodeIgniter.php(918): App\Controllers\Resep->read()
#5 /var/www/html/localfarm-master/vendor/codeigniter4/framework/system/CodeIgniter.php(404): CodeIgniter\CodeIgniter->runController()
#6 /var/www/html/localfarm-master/vendor/codeigniter4/framework/system/CodeIgniter.php(312): CodeIgniter\CodeIgniter->handleRequest()
#7 /var/www/html/localfarm-master/public/index.php(45): CodeIgniter\CodeIgniter->run()
#8 /var/www/html/localfarm-master/vendor/codeigniter4/framework/system/Commands/Server/rewrite.php(34): require_once('/var/www/html/l...')
#9 {main}
CRITICAL - 2020-12-23 03:06:10 --> Undefined variable: obj_thumb
#0 /var/www/html/localfarm-master/app/Views/v_DetailResep.php(14): CodeIgniter\Debug\Exceptions->errorHandler()
#1 /var/www/html/localfarm-master/vendor/codeigniter4/framework/system/View/View.php(246): include('/var/www/html/l...')
#2 /var/www/html/localfarm-master/vendor/codeigniter4/framework/system/Common.php(1119): CodeIgniter\View\View->render()
#3 /var/www/html/localfarm-master/app/Controllers/Resep.php(95): view()
#4 /var/www/html/localfarm-master/vendor/codeigniter4/framework/system/CodeIgniter.php(918): App\Controllers\Resep->read()
#5 /var/www/html/localfarm-master/vendor/codeigniter4/framework/system/CodeIgniter.php(404): CodeIgniter\CodeIgniter->runController()
#6 /var/www/html/localfarm-master/vendor/codeigniter4/framework/system/CodeIgniter.php(312): CodeIgniter\CodeIgniter->handleRequest()
#7 /var/www/html/localfarm-master/public/index.php(45): CodeIgniter\CodeIgniter->run()
#8 /var/www/html/localfarm-master/vendor/codeigniter4/framework/system/Commands/Server/rewrite.php(34): require_once('/var/www/html/l...')
#9 {main}
CRITICAL - 2020-12-23 03:06:11 --> Undefined variable: obj_thumb
#0 /var/www/html/localfarm-master/app/Views/v_DetailResep.php(14): CodeIgniter\Debug\Exceptions->errorHandler()
#1 /var/www/html/localfarm-master/vendor/codeigniter4/framework/system/View/View.php(246): include('/var/www/html/l...')
#2 /var/www/html/localfarm-master/vendor/codeigniter4/framework/system/Common.php(1119): CodeIgniter\View\View->render()
#3 /var/www/html/localfarm-master/app/Controllers/Resep.php(95): view()
#4 /var/www/html/localfarm-master/vendor/codeigniter4/framework/system/CodeIgniter.php(918): App\Controllers\Resep->read()
#5 /var/www/html/localfarm-master/vendor/codeigniter4/framework/system/CodeIgniter.php(404): CodeIgniter\CodeIgniter->runController()
#6 /var/www/html/localfarm-master/vendor/codeigniter4/framework/system/CodeIgniter.php(312): CodeIgniter\CodeIgniter->handleRequest()
#7 /var/www/html/localfarm-master/public/index.php(45): CodeIgniter\CodeIgniter->run()
#8 /var/www/html/localfarm-master/vendor/codeigniter4/framework/system/Commands/Server/rewrite.php(34): require_once('/var/www/html/l...')
#9 {main}
CRITICAL - 2020-12-23 03:08:56 --> Undefined offset: 0
#0 /var/www/html/localfarm-master/app/Views/v_DetailResep.php(3): CodeIgniter\Debug\Exceptions->errorHandler()
#1 /var/www/html/localfarm-master/vendor/codeigniter4/framework/system/View/View.php(246): include('/var/www/html/l...')
#2 /var/www/html/localfarm-master/vendor/codeigniter4/framework/system/Common.php(1119): CodeIgniter\View\View->render()
#3 /var/www/html/localfarm-master/app/Controllers/Resep.php(95): view()
#4 /var/www/html/localfarm-master/vendor/codeigniter4/framework/system/CodeIgniter.php(918): App\Controllers\Resep->read()
#5 /var/www/html/localfarm-master/vendor/codeigniter4/framework/system/CodeIgniter.php(404): CodeIgniter\CodeIgniter->runController()
#6 /var/www/html/localfarm-master/vendor/codeigniter4/framework/system/CodeIgniter.php(312): CodeIgniter\CodeIgniter->handleRequest()
#7 /var/www/html/localfarm-master/public/index.php(45): CodeIgniter\CodeIgniter->run()
#8 /var/www/html/localfarm-master/vendor/codeigniter4/framework/system/Commands/Server/rewrite.php(34): require_once('/var/www/html/l...')
#9 {main}
CRITICAL - 2020-12-23 03:33:45 --> Undefined variable: pageTitle
#0 /var/www/html/localfarm-master/app/Views/_parts/header.php(27): CodeIgniter\Debug\Exceptions->errorHandler()
#1 /var/www/html/localfarm-master/vendor/codeigniter4/framework/system/View/View.php(246): include('/var/www/html/l...')
#2 /var/www/html/localfarm-master/vendor/codeigniter4/framework/system/Common.php(1119): CodeIgniter\View\View->render()
#3 /var/www/html/localfarm-master/app/Controllers/DaftarArtikel.php(59): view()
#4 /var/www/html/localfarm-master/vendor/codeigniter4/framework/system/CodeIgniter.php(918): App\Controllers\DaftarArtikel->index()
#5 /var/www/html/localfarm-master/vendor/codeigniter4/framework/system/CodeIgniter.php(404): CodeIgniter\CodeIgniter->runController()
#6 /var/www/html/localfarm-master/vendor/codeigniter4/framework/system/CodeIgniter.php(312): CodeIgniter\CodeIgniter->handleRequest()
#7 /var/www/html/localfarm-master/public/index.php(45): CodeIgniter\CodeIgniter->run()
#8 /var/www/html/localfarm-master/vendor/codeigniter4/framework/system/Commands/Server/rewrite.php(34): require_once('/var/www/html/l...')
#9 {main}
CRITICAL - 2020-12-23 03:33:46 --> Undefined variable: pageTitle
#0 /var/www/html/localfarm-master/app/Views/_parts/header.php(27): CodeIgniter\Debug\Exceptions->errorHandler()
#1 /var/www/html/localfarm-master/vendor/codeigniter4/framework/system/View/View.php(246): include('/var/www/html/l...')
#2 /var/www/html/localfarm-master/vendor/codeigniter4/framework/system/Common.php(1119): CodeIgniter\View\View->render()
#3 /var/www/html/localfarm-master/app/Controllers/DaftarArtikel.php(59): view()
#4 /var/www/html/localfarm-master/vendor/codeigniter4/framework/system/CodeIgniter.php(918): App\Controllers\DaftarArtikel->index()
#5 /var/www/html/localfarm-master/vendor/codeigniter4/framework/system/CodeIgniter.php(404): CodeIgniter\CodeIgniter->runController()
#6 /var/www/html/localfarm-master/vendor/codeigniter4/framework/system/CodeIgniter.php(312): CodeIgniter\CodeIgniter->handleRequest()
#7 /var/www/html/localfarm-master/public/index.php(45): CodeIgniter\CodeIgniter->run()
#8 /var/www/html/localfarm-master/vendor/codeigniter4/framework/system/Commands/Server/rewrite.php(34): require_once('/var/www/html/l...')
#9 {main}
CRITICAL - 2020-12-23 03:34:08 --> Undefined variable: judulPage
#0 /var/www/html/localfarm-master/app/Views/_parts/header.php(27): CodeIgniter\Debug\Exceptions->errorHandler()
#1 /var/www/html/localfarm-master/vendor/codeigniter4/framework/system/View/View.php(246): include('/var/www/html/l...')
#2 /var/www/html/localfarm-master/vendor/codeigniter4/framework/system/Common.php(1119): CodeIgniter\View\View->render()
#3 /var/www/html/localfarm-master/app/Controllers/DaftarArtikel.php(59): view()
#4 /var/www/html/localfarm-master/vendor/codeigniter4/framework/system/CodeIgniter.php(918): App\Controllers\DaftarArtikel->index()
#5 /var/www/html/localfarm-master/vendor/codeigniter4/framework/system/CodeIgniter.php(404): CodeIgniter\CodeIgniter->runController()
#6 /var/www/html/localfarm-master/vendor/codeigniter4/framework/system/CodeIgniter.php(312): CodeIgniter\CodeIgniter->handleRequest()
#7 /var/www/html/localfarm-master/public/index.php(45): CodeIgniter\CodeIgniter->run()
#8 /var/www/html/localfarm-master/vendor/codeigniter4/framework/system/Commands/Server/rewrite.php(34): require_once('/var/www/html/l...')
#9 {main}
CRITICAL - 2020-12-23 03:34:09 --> Undefined variable: judulPage
#0 /var/www/html/localfarm-master/app/Views/_parts/header.php(27): CodeIgniter\Debug\Exceptions->errorHandler()
#1 /var/www/html/localfarm-master/vendor/codeigniter4/framework/system/View/View.php(246): include('/var/www/html/l...')
#2 /var/www/html/localfarm-master/vendor/codeigniter4/framework/system/Common.php(1119): CodeIgniter\View\View->render()
#3 /var/www/html/localfarm-master/app/Controllers/DaftarArtikel.php(59): view()
#4 /var/www/html/localfarm-master/vendor/codeigniter4/framework/system/CodeIgniter.php(918): App\Controllers\DaftarArtikel->index()
#5 /var/www/html/localfarm-master/vendor/codeigniter4/framework/system/CodeIgniter.php(404): CodeIgniter\CodeIgniter->runController()
#6 /var/www/html/localfarm-master/vendor/codeigniter4/framework/system/CodeIgniter.php(312): CodeIgniter\CodeIgniter->handleRequest()
#7 /var/www/html/localfarm-master/public/index.php(45): CodeIgniter\CodeIgniter->run()
#8 /var/www/html/localfarm-master/vendor/codeigniter4/framework/system/Commands/Server/rewrite.php(34): require_once('/var/www/html/l...')
#9 {main}
CRITICAL - 2020-12-23 03:34:09 --> Undefined variable: judulPage
#0 /var/www/html/localfarm-master/app/Views/_parts/header.php(27): CodeIgniter\Debug\Exceptions->errorHandler()
#1 /var/www/html/localfarm-master/vendor/codeigniter4/framework/system/View/View.php(246): include('/var/www/html/l...')
#2 /var/www/html/localfarm-master/vendor/codeigniter4/framework/system/Common.php(1119): CodeIgniter\View\View->render()
#3 /var/www/html/localfarm-master/app/Controllers/DaftarArtikel.php(59): view()
#4 /var/www/html/localfarm-master/vendor/codeigniter4/framework/system/CodeIgniter.php(918): App\Controllers\DaftarArtikel->index()
#5 /var/www/html/localfarm-master/vendor/codeigniter4/framework/system/CodeIgniter.php(404): CodeIgniter\CodeIgniter->runController()
#6 /var/www/html/localfarm-master/vendor/codeigniter4/framework/system/CodeIgniter.php(312): CodeIgniter\CodeIgniter->handleRequest()
#7 /var/www/html/localfarm-master/public/index.php(45): CodeIgniter\CodeIgniter->run()
#8 /var/www/html/localfarm-master/vendor/codeigniter4/framework/system/Commands/Server/rewrite.php(34): require_once('/var/www/html/l...')
#9 {main}
CRITICAL - 2020-12-23 03:34:10 --> Undefined variable: judulPage
#0 /var/www/html/localfarm-master/app/Views/_parts/header.php(27): CodeIgniter\Debug\Exceptions->errorHandler()
#1 /var/www/html/localfarm-master/vendor/codeigniter4/framework/system/View/View.php(246): include('/var/www/html/l...')
#2 /var/www/html/localfarm-master/vendor/codeigniter4/framework/system/Common.php(1119): CodeIgniter\View\View->render()
#3 /var/www/html/localfarm-master/app/Controllers/DaftarArtikel.php(59): view()
#4 /var/www/html/localfarm-master/vendor/codeigniter4/framework/system/CodeIgniter.php(918): App\Controllers\DaftarArtikel->index()
#5 /var/www/html/localfarm-master/vendor/codeigniter4/framework/system/CodeIgniter.php(404): CodeIgniter\CodeIgniter->runController()
#6 /var/www/html/localfarm-master/vendor/codeigniter4/framework/system/CodeIgniter.php(312): CodeIgniter\CodeIgniter->handleRequest()
#7 /var/www/html/localfarm-master/public/index.php(45): CodeIgniter\CodeIgniter->run()
#8 /var/www/html/localfarm-master/vendor/codeigniter4/framework/system/Commands/Server/rewrite.php(34): require_once('/var/www/html/l...')
#9 {main}
CRITICAL - 2020-12-23 03:34:10 --> Undefined variable: judulPage
#0 /var/www/html/localfarm-master/app/Views/_parts/header.php(27): CodeIgniter\Debug\Exceptions->errorHandler()
#1 /var/www/html/localfarm-master/vendor/codeigniter4/framework/system/View/View.php(246): include('/var/www/html/l...')
#2 /var/www/html/localfarm-master/vendor/codeigniter4/framework/system/Common.php(1119): CodeIgniter\View\View->render()
#3 /var/www/html/localfarm-master/app/Controllers/DaftarArtikel.php(59): view()
#4 /var/www/html/localfarm-master/vendor/codeigniter4/framework/system/CodeIgniter.php(918): App\Controllers\DaftarArtikel->index()
#5 /var/www/html/localfarm-master/vendor/codeigniter4/framework/system/CodeIgniter.php(404): CodeIgniter\CodeIgniter->runController()
#6 /var/www/html/localfarm-master/vendor/codeigniter4/framework/system/CodeIgniter.php(312): CodeIgniter\CodeIgniter->handleRequest()
#7 /var/www/html/localfarm-master/public/index.php(45): CodeIgniter\CodeIgniter->run()
#8 /var/www/html/localfarm-master/vendor/codeigniter4/framework/system/Commands/Server/rewrite.php(34): require_once('/var/www/html/l...')
#9 {main}
CRITICAL - 2020-12-23 03:34:15 --> Undefined variable: judulPage
#0 /var/www/html/localfarm-master/app/Views/_parts/header.php(27): CodeIgniter\Debug\Exceptions->errorHandler()
#1 /var/www/html/localfarm-master/vendor/codeigniter4/framework/system/View/View.php(246): include('/var/www/html/l...')
#2 /var/www/html/localfarm-master/vendor/codeigniter4/framework/system/Common.php(1119): CodeIgniter\View\View->render()
#3 /var/www/html/localfarm-master/app/Controllers/DaftarArtikel.php(59): view()
#4 /var/www/html/localfarm-master/vendor/codeigniter4/framework/system/CodeIgniter.php(918): App\Controllers\DaftarArtikel->index()
#5 /var/www/html/localfarm-master/vendor/codeigniter4/framework/system/CodeIgniter.php(404): CodeIgniter\CodeIgniter->runController()
#6 /var/www/html/localfarm-master/vendor/codeigniter4/framework/system/CodeIgniter.php(312): CodeIgniter\CodeIgniter->handleRequest()
#7 /var/www/html/localfarm-master/public/index.php(45): CodeIgniter\CodeIgniter->run()
#8 /var/www/html/localfarm-master/vendor/codeigniter4/framework/system/Commands/Server/rewrite.php(34): require_once('/var/www/html/l...')
#9 {main}
CRITICAL - 2020-12-23 03:34:16 --> Undefined variable: judulPage
#0 /var/www/html/localfarm-master/app/Views/_parts/header.php(27): CodeIgniter\Debug\Exceptions->errorHandler()
#1 /var/www/html/localfarm-master/vendor/codeigniter4/framework/system/View/View.php(246): include('/var/www/html/l...')
#2 /var/www/html/localfarm-master/vendor/codeigniter4/framework/system/Common.php(1119): CodeIgniter\View\View->render()
#3 /var/www/html/localfarm-master/app/Controllers/DaftarArtikel.php(59): view()
#4 /var/www/html/localfarm-master/vendor/codeigniter4/framework/system/CodeIgniter.php(918): App\Controllers\DaftarArtikel->index()
#5 /var/www/html/localfarm-master/vendor/codeigniter4/framework/system/CodeIgniter.php(404): CodeIgniter\CodeIgniter->runController()
#6 /var/www/html/localfarm-master/vendor/codeigniter4/framework/system/CodeIgniter.php(312): CodeIgniter\CodeIgniter->handleRequest()
#7 /var/www/html/localfarm-master/public/index.php(45): CodeIgniter\CodeIgniter->run()
#8 /var/www/html/localfarm-master/vendor/codeigniter4/framework/system/Commands/Server/rewrite.php(34): require_once('/var/www/html/l...')
#9 {main}
CRITICAL - 2020-12-23 03:34:19 --> Undefined variable: judulPage
#0 /var/www/html/localfarm-master/app/Views/_parts/header.php(27): CodeIgniter\Debug\Exceptions->errorHandler()
#1 /var/www/html/localfarm-master/vendor/codeigniter4/framework/system/View/View.php(246): include('/var/www/html/l...')
#2 /var/www/html/localfarm-master/vendor/codeigniter4/framework/system/Common.php(1119): CodeIgniter\View\View->render()
#3 /var/www/html/localfarm-master/app/Controllers/DaftarArtikel.php(59): view()
#4 /var/www/html/localfarm-master/vendor/codeigniter4/framework/system/CodeIgniter.php(918): App\Controllers\DaftarArtikel->index()
#5 /var/www/html/localfarm-master/vendor/codeigniter4/framework/system/CodeIgniter.php(404): CodeIgniter\CodeIgniter->runController()
#6 /var/www/html/localfarm-master/vendor/codeigniter4/framework/system/CodeIgniter.php(312): CodeIgniter\CodeIgniter->handleRequest()
#7 /var/www/html/localfarm-master/public/index.php(45): CodeIgniter\CodeIgniter->run()
#8 /var/www/html/localfarm-master/vendor/codeigniter4/framework/system/Commands/Server/rewrite.php(34): require_once('/var/www/html/l...')
#9 {main}
CRITICAL - 2020-12-23 03:34:20 --> Undefined variable: judulPage
#0 /var/www/html/localfarm-master/app/Views/_parts/header.php(27): CodeIgniter\Debug\Exceptions->errorHandler()
#1 /var/www/html/localfarm-master/vendor/codeigniter4/framework/system/View/View.php(246): include('/var/www/html/l...')
#2 /var/www/html/localfarm-master/vendor/codeigniter4/framework/system/Common.php(1119): CodeIgniter\View\View->render()
#3 /var/www/html/localfarm-master/app/Controllers/DaftarArtikel.php(59): view()
#4 /var/www/html/localfarm-master/vendor/codeigniter4/framework/system/CodeIgniter.php(918): App\Controllers\DaftarArtikel->index()
#5 /var/www/html/localfarm-master/vendor/codeigniter4/framework/system/CodeIgniter.php(404): CodeIgniter\CodeIgniter->runController()
#6 /var/www/html/localfarm-master/vendor/codeigniter4/framework/system/CodeIgniter.php(312): CodeIgniter\CodeIgniter->handleRequest()
#7 /var/www/html/localfarm-master/public/index.php(45): CodeIgniter\CodeIgniter->run()
#8 /var/www/html/localfarm-master/vendor/codeigniter4/framework/system/Commands/Server/rewrite.php(34): require_once('/var/www/html/l...')
#9 {main}
CRITICAL - 2020-12-23 03:34:21 --> Undefined variable: judulPage
#0 /var/www/html/localfarm-master/app/Views/_parts/header.php(27): CodeIgniter\Debug\Exceptions->errorHandler()
#1 /var/www/html/localfarm-master/vendor/codeigniter4/framework/system/View/View.php(246): include('/var/www/html/l...')
#2 /var/www/html/localfarm-master/vendor/codeigniter4/framework/system/Common.php(1119): CodeIgniter\View\View->render()
#3 /var/www/html/localfarm-master/app/Controllers/DaftarArtikel.php(59): view()
#4 /var/www/html/localfarm-master/vendor/codeigniter4/framework/system/CodeIgniter.php(918): App\Controllers\DaftarArtikel->index()
#5 /var/www/html/localfarm-master/vendor/codeigniter4/framework/system/CodeIgniter.php(404): CodeIgniter\CodeIgniter->runController()
#6 /var/www/html/localfarm-master/vendor/codeigniter4/framework/system/CodeIgniter.php(312): CodeIgniter\CodeIgniter->handleRequest()
#7 /var/www/html/localfarm-master/public/index.php(45): CodeIgniter\CodeIgniter->run()
#8 /var/www/html/localfarm-master/vendor/codeigniter4/framework/system/Commands/Server/rewrite.php(34): require_once('/var/www/html/l...')
#9 {main}
CRITICAL - 2020-12-23 03:34:22 --> Undefined variable: judulPage
#0 /var/www/html/localfarm-master/app/Views/_parts/header.php(27): CodeIgniter\Debug\Exceptions->errorHandler()
#1 /var/www/html/localfarm-master/vendor/codeigniter4/framework/system/View/View.php(246): include('/var/www/html/l...')
#2 /var/www/html/localfarm-master/vendor/codeigniter4/framework/system/Common.php(1119): CodeIgniter\View\View->render()
#3 /var/www/html/localfarm-master/app/Controllers/Beranda.php(68): view()
#4 /var/www/html/localfarm-master/vendor/codeigniter4/framework/system/CodeIgniter.php(918): App\Controllers\Beranda->index()
#5 /var/www/html/localfarm-master/vendor/codeigniter4/framework/system/CodeIgniter.php(404): CodeIgniter\CodeIgniter->runController()
#6 /var/www/html/localfarm-master/vendor/codeigniter4/framework/system/CodeIgniter.php(312): CodeIgniter\CodeIgniter->handleRequest()
#7 /var/www/html/localfarm-master/public/index.php(45): CodeIgniter\CodeIgniter->run()
#8 /var/www/html/localfarm-master/vendor/codeigniter4/framework/system/Commands/Server/rewrite.php(34): require_once('/var/www/html/l...')
#9 {main}
CRITICAL - 2020-12-23 03:34:24 --> Undefined variable: judulPage
#0 /var/www/html/localfarm-master/app/Views/_parts/header.php(27): CodeIgniter\Debug\Exceptions->errorHandler()
#1 /var/www/html/localfarm-master/vendor/codeigniter4/framework/system/View/View.php(246): include('/var/www/html/l...')
#2 /var/www/html/localfarm-master/vendor/codeigniter4/framework/system/Common.php(1119): CodeIgniter\View\View->render()
#3 /var/www/html/localfarm-master/app/Controllers/DaftarArtikel.php(59): view()
#4 /var/www/html/localfarm-master/vendor/codeigniter4/framework/system/CodeIgniter.php(918): App\Controllers\DaftarArtikel->index()
#5 /var/www/html/localfarm-master/vendor/codeigniter4/framework/system/CodeIgniter.php(404): CodeIgniter\CodeIgniter->runController()
#6 /var/www/html/localfarm-master/vendor/codeigniter4/framework/system/CodeIgniter.php(312): CodeIgniter\CodeIgniter->handleRequest()
#7 /var/www/html/localfarm-master/public/index.php(45): CodeIgniter\CodeIgniter->run()
#8 /var/www/html/localfarm-master/vendor/codeigniter4/framework/system/Commands/Server/rewrite.php(34): require_once('/var/www/html/l...')
#9 {main}
CRITICAL - 2020-12-23 03:34:25 --> Undefined variable: judulPage
#0 /var/www/html/localfarm-master/app/Views/_parts/header.php(27): CodeIgniter\Debug\Exceptions->errorHandler()
#1 /var/www/html/localfarm-master/vendor/codeigniter4/framework/system/View/View.php(246): include('/var/www/html/l...')
#2 /var/www/html/localfarm-master/vendor/codeigniter4/framework/system/Common.php(1119): CodeIgniter\View\View->render()
#3 /var/www/html/localfarm-master/app/Controllers/DaftarArtikel.php(59): view()
#4 /var/www/html/localfarm-master/vendor/codeigniter4/framework/system/CodeIgniter.php(918): App\Controllers\DaftarArtikel->index()
#5 /var/www/html/localfarm-master/vendor/codeigniter4/framework/system/CodeIgniter.php(404): CodeIgniter\CodeIgniter->runController()
#6 /var/www/html/localfarm-master/vendor/codeigniter4/framework/system/CodeIgniter.php(312): CodeIgniter\CodeIgniter->handleRequest()
#7 /var/www/html/localfarm-master/public/index.php(45): CodeIgniter\CodeIgniter->run()
#8 /var/www/html/localfarm-master/vendor/codeigniter4/framework/system/Commands/Server/rewrite.php(34): require_once('/var/www/html/l...')
#9 {main}
CRITICAL - 2020-12-23 03:34:25 --> Undefined variable: judulPage
#0 /var/www/html/localfarm-master/app/Views/_parts/header.php(27): CodeIgniter\Debug\Exceptions->errorHandler()
#1 /var/www/html/localfarm-master/vendor/codeigniter4/framework/system/View/View.php(246): include('/var/www/html/l...')
#2 /var/www/html/localfarm-master/vendor/codeigniter4/framework/system/Common.php(1119): CodeIgniter\View\View->render()
#3 /var/www/html/localfarm-master/app/Controllers/DaftarArtikel.php(59): view()
#4 /var/www/html/localfarm-master/vendor/codeigniter4/framework/system/CodeIgniter.php(918): App\Controllers\DaftarArtikel->index()
#5 /var/www/html/localfarm-master/vendor/codeigniter4/framework/system/CodeIgniter.php(404): CodeIgniter\CodeIgniter->runController()
#6 /var/www/html/localfarm-master/vendor/codeigniter4/framework/system/CodeIgniter.php(312): CodeIgniter\CodeIgniter->handleRequest()
#7 /var/www/html/localfarm-master/public/index.php(45): CodeIgniter\CodeIgniter->run()
#8 /var/www/html/localfarm-master/vendor/codeigniter4/framework/system/Commands/Server/rewrite.php(34): require_once('/var/www/html/l...')
#9 {main}
CRITICAL - 2020-12-23 03:34:25 --> Undefined variable: judulPage
#0 /var/www/html/localfarm-master/app/Views/_parts/header.php(27): CodeIgniter\Debug\Exceptions->errorHandler()
#1 /var/www/html/localfarm-master/vendor/codeigniter4/framework/system/View/View.php(246): include('/var/www/html/l...')
#2 /var/www/html/localfarm-master/vendor/codeigniter4/framework/system/Common.php(1119): CodeIgniter\View\View->render()
#3 /var/www/html/localfarm-master/app/Controllers/DaftarArtikel.php(59): view()
#4 /var/www/html/localfarm-master/vendor/codeigniter4/framework/system/CodeIgniter.php(918): App\Controllers\DaftarArtikel->index()
#5 /var/www/html/localfarm-master/vendor/codeigniter4/framework/system/CodeIgniter.php(404): CodeIgniter\CodeIgniter->runController()
#6 /var/www/html/localfarm-master/vendor/codeigniter4/framework/system/CodeIgniter.php(312): CodeIgniter\CodeIgniter->handleRequest()
#7 /var/www/html/localfarm-master/public/index.php(45): CodeIgniter\CodeIgniter->run()
#8 /var/www/html/localfarm-master/vendor/codeigniter4/framework/system/Commands/Server/rewrite.php(34): require_once('/var/www/html/l...')
#9 {main}
CRITICAL - 2020-12-23 03:35:13 --> Undefined variable: judulPage
#0 /var/www/html/localfarm-master/app/Views/_parts/header.php(27): CodeIgniter\Debug\Exceptions->errorHandler()
#1 /var/www/html/localfarm-master/vendor/codeigniter4/framework/system/View/View.php(246): include('/var/www/html/l...')
#2 /var/www/html/localfarm-master/vendor/codeigniter4/framework/system/Common.php(1119): CodeIgniter\View\View->render()
#3 /var/www/html/localfarm-master/app/Controllers/Artikel.php(86): view()
#4 /var/www/html/localfarm-master/vendor/codeigniter4/framework/system/CodeIgniter.php(918): App\Controllers\Artikel->read()
#5 /var/www/html/localfarm-master/vendor/codeigniter4/framework/system/CodeIgniter.php(404): CodeIgniter\CodeIgniter->runController()
#6 /var/www/html/localfarm-master/vendor/codeigniter4/framework/system/CodeIgniter.php(312): CodeIgniter\CodeIgniter->handleRequest()
#7 /var/www/html/localfarm-master/public/index.php(45): CodeIgniter\CodeIgniter->run()
#8 /var/www/html/localfarm-master/vendor/codeigniter4/framework/system/Commands/Server/rewrite.php(34): require_once('/var/www/html/l...')
#9 {main}
CRITICAL - 2020-12-23 03:37:53 --> Undefined variable: judulPage
#0 /var/www/html/localfarm-master/app/Views/_parts/header.php(27): CodeIgniter\Debug\Exceptions->errorHandler()
#1 /var/www/html/localfarm-master/vendor/codeigniter4/framework/system/View/View.php(246): include('/var/www/html/l...')
#2 /var/www/html/localfarm-master/vendor/codeigniter4/framework/system/Common.php(1119): CodeIgniter\View\View->render()
#3 /var/www/html/localfarm-master/app/Controllers/Beranda.php(68): view()
#4 /var/www/html/localfarm-master/vendor/codeigniter4/framework/system/CodeIgniter.php(918): App\Controllers\Beranda->index()
#5 /var/www/html/localfarm-master/vendor/codeigniter4/framework/system/CodeIgniter.php(404): CodeIgniter\CodeIgniter->runController()
#6 /var/www/html/localfarm-master/vendor/codeigniter4/framework/system/CodeIgniter.php(312): CodeIgniter\CodeIgniter->handleRequest()
#7 /var/www/html/localfarm-master/public/index.php(45): CodeIgniter\CodeIgniter->run()
#8 /var/www/html/localfarm-master/vendor/codeigniter4/framework/system/Commands/Server/rewrite.php(34): require_once('/var/www/html/l...')
#9 {main}
CRITICAL - 2020-12-23 03:37:56 --> Undefined variable: judulPage
#0 /var/www/html/localfarm-master/app/Views/_parts/header.php(27): CodeIgniter\Debug\Exceptions->errorHandler()
#1 /var/www/html/localfarm-master/vendor/codeigniter4/framework/system/View/View.php(246): include('/var/www/html/l...')
#2 /var/www/html/localfarm-master/vendor/codeigniter4/framework/system/Common.php(1119): CodeIgniter\View\View->render()
#3 /var/www/html/localfarm-master/app/Controllers/Beranda.php(68): view()
#4 /var/www/html/localfarm-master/vendor/codeigniter4/framework/system/CodeIgniter.php(918): App\Controllers\Beranda->index()
#5 /var/www/html/localfarm-master/vendor/codeigniter4/framework/system/CodeIgniter.php(404): CodeIgniter\CodeIgniter->runController()
#6 /var/www/html/localfarm-master/vendor/codeigniter4/framework/system/CodeIgniter.php(312): CodeIgniter\CodeIgniter->handleRequest()
#7 /var/www/html/localfarm-master/public/index.php(45): CodeIgniter\CodeIgniter->run()
#8 /var/www/html/localfarm-master/vendor/codeigniter4/framework/system/Commands/Server/rewrite.php(34): require_once('/var/www/html/l...')
#9 {main}
CRITICAL - 2020-12-23 03:42:41 --> Undefined variable: judulPage
#0 /var/www/html/localfarm-master/app/Views/_parts/header.php(27): CodeIgniter\Debug\Exceptions->errorHandler()
#1 /var/www/html/localfarm-master/vendor/codeigniter4/framework/system/View/View.php(246): include('/var/www/html/l...')
#2 /var/www/html/localfarm-master/vendor/codeigniter4/framework/system/Common.php(1119): CodeIgniter\View\View->render()
#3 /var/www/html/localfarm-master/app/Controllers/Artikel.php(87): view()
#4 /var/www/html/localfarm-master/vendor/codeigniter4/framework/system/CodeIgniter.php(918): App\Controllers\Artikel->read()
#5 /var/www/html/localfarm-master/vendor/codeigniter4/framework/system/CodeIgniter.php(404): CodeIgniter\CodeIgniter->runController()
#6 /var/www/html/localfarm-master/vendor/codeigniter4/framework/system/CodeIgniter.php(312): CodeIgniter\CodeIgniter->handleRequest()
#7 /var/www/html/localfarm-master/public/index.php(45): CodeIgniter\CodeIgniter->run()
#8 /var/www/html/localfarm-master/vendor/codeigniter4/framework/system/Commands/Server/rewrite.php(34): require_once('/var/www/html/l...')
#9 {main}
CRITICAL - 2020-12-23 03:43:02 --> Undefined variable: judulPage
#0 /var/www/html/localfarm-master/app/Views/_parts/header.php(27): CodeIgniter\Debug\Exceptions->errorHandler()
#1 /var/www/html/localfarm-master/vendor/codeigniter4/framework/system/View/View.php(246): include('/var/www/html/l...')
#2 /var/www/html/localfarm-master/vendor/codeigniter4/framework/system/Common.php(1119): CodeIgniter\View\View->render()
#3 /var/www/html/localfarm-master/app/Controllers/Artikel.php(87): view()
#4 /var/www/html/localfarm-master/vendor/codeigniter4/framework/system/CodeIgniter.php(918): App\Controllers\Artikel->read()
#5 /var/www/html/localfarm-master/vendor/codeigniter4/framework/system/CodeIgniter.php(404): CodeIgniter\CodeIgniter->runController()
#6 /var/www/html/localfarm-master/vendor/codeigniter4/framework/system/CodeIgniter.php(312): CodeIgniter\CodeIgniter->handleRequest()
#7 /var/www/html/localfarm-master/public/index.php(45): CodeIgniter\CodeIgniter->run()
#8 /var/www/html/localfarm-master/vendor/codeigniter4/framework/system/Commands/Server/rewrite.php(34): require_once('/var/www/html/l...')
#9 {main}
CRITICAL - 2020-12-23 03:43:03 --> Undefined variable: judulPage
#0 /var/www/html/localfarm-master/app/Views/_parts/header.php(27): CodeIgniter\Debug\Exceptions->errorHandler()
#1 /var/www/html/localfarm-master/vendor/codeigniter4/framework/system/View/View.php(246): include('/var/www/html/l...')
#2 /var/www/html/localfarm-master/vendor/codeigniter4/framework/system/Common.php(1119): CodeIgniter\View\View->render()
#3 /var/www/html/localfarm-master/app/Controllers/Artikel.php(87): view()
#4 /var/www/html/localfarm-master/vendor/codeigniter4/framework/system/CodeIgniter.php(918): App\Controllers\Artikel->read()
#5 /var/www/html/localfarm-master/vendor/codeigniter4/framework/system/CodeIgniter.php(404): CodeIgniter\CodeIgniter->runController()
#6 /var/www/html/localfarm-master/vendor/codeigniter4/framework/system/CodeIgniter.php(312): CodeIgniter\CodeIgniter->handleRequest()
#7 /var/www/html/localfarm-master/public/index.php(45): CodeIgniter\CodeIgniter->run()
#8 /var/www/html/localfarm-master/vendor/codeigniter4/framework/system/Commands/Server/rewrite.php(34): require_once('/var/www/html/l...')
#9 {main}
CRITICAL - 2020-12-23 03:43:05 --> Undefined variable: judulPage
#0 /var/www/html/localfarm-master/app/Views/_parts/header.php(27): CodeIgniter\Debug\Exceptions->errorHandler()
#1 /var/www/html/localfarm-master/vendor/codeigniter4/framework/system/View/View.php(246): include('/var/www/html/l...')
#2 /var/www/html/localfarm-master/vendor/codeigniter4/framework/system/Common.php(1119): CodeIgniter\View\View->render()
#3 /var/www/html/localfarm-master/app/Controllers/Artikel.php(87): view()
#4 /var/www/html/localfarm-master/vendor/codeigniter4/framework/system/CodeIgniter.php(918): App\Controllers\Artikel->read()
#5 /var/www/html/localfarm-master/vendor/codeigniter4/framework/system/CodeIgniter.php(404): CodeIgniter\CodeIgniter->runController()
#6 /var/www/html/localfarm-master/vendor/codeigniter4/framework/system/CodeIgniter.php(312): CodeIgniter\CodeIgniter->handleRequest()
#7 /var/www/html/localfarm-master/public/index.php(45): CodeIgniter\CodeIgniter->run()
#8 /var/www/html/localfarm-master/vendor/codeigniter4/framework/system/Commands/Server/rewrite.php(34): require_once('/var/www/html/l...')
#9 {main}
CRITICAL - 2020-12-23 03:43:09 --> Undefined variable: judulPage
#0 /var/www/html/localfarm-master/app/Views/_parts/header.php(27): CodeIgniter\Debug\Exceptions->errorHandler()
#1 /var/www/html/localfarm-master/vendor/codeigniter4/framework/system/View/View.php(246): include('/var/www/html/l...')
#2 /var/www/html/localfarm-master/vendor/codeigniter4/framework/system/Common.php(1119): CodeIgniter\View\View->render()
#3 /var/www/html/localfarm-master/app/Controllers/Artikel.php(87): view()
#4 /var/www/html/localfarm-master/vendor/codeigniter4/framework/system/CodeIgniter.php(918): App\Controllers\Artikel->read()
#5 /var/www/html/localfarm-master/vendor/codeigniter4/framework/system/CodeIgniter.php(404): CodeIgniter\CodeIgniter->runController()
#6 /var/www/html/localfarm-master/vendor/codeigniter4/framework/system/CodeIgniter.php(312): CodeIgniter\CodeIgniter->handleRequest()
#7 /var/www/html/localfarm-master/public/index.php(45): CodeIgniter\CodeIgniter->run()
#8 /var/www/html/localfarm-master/vendor/codeigniter4/framework/system/Commands/Server/rewrite.php(34): require_once('/var/www/html/l...')
#9 {main}
CRITICAL - 2020-12-23 03:45:37 --> Undefined variable: judulPage
#0 /var/www/html/localfarm-master/app/Views/_parts/header.php(27): CodeIgniter\Debug\Exceptions->errorHandler()
#1 /var/www/html/localfarm-master/vendor/codeigniter4/framework/system/View/View.php(246): include('/var/www/html/l...')
#2 /var/www/html/localfarm-master/vendor/codeigniter4/framework/system/Common.php(1119): CodeIgniter\View\View->render()
#3 /var/www/html/localfarm-master/app/Controllers/DaftarResep.php(59): view()
#4 /var/www/html/localfarm-master/vendor/codeigniter4/framework/system/CodeIgniter.php(918): App\Controllers\DaftarResep->index()
#5 /var/www/html/localfarm-master/vendor/codeigniter4/framework/system/CodeIgniter.php(404): CodeIgniter\CodeIgniter->runController()
#6 /var/www/html/localfarm-master/vendor/codeigniter4/framework/system/CodeIgniter.php(312): CodeIgniter\CodeIgniter->handleRequest()
#7 /var/www/html/localfarm-master/public/index.php(45): CodeIgniter\CodeIgniter->run()
#8 /var/www/html/localfarm-master/vendor/codeigniter4/framework/system/Commands/Server/rewrite.php(34): require_once('/var/www/html/l...')
#9 {main}
CRITICAL - 2020-12-23 03:45:40 --> Undefined variable: judulPage
#0 /var/www/html/localfarm-master/app/Views/_parts/header.php(27): CodeIgniter\Debug\Exceptions->errorHandler()
#1 /var/www/html/localfarm-master/vendor/codeigniter4/framework/system/View/View.php(246): include('/var/www/html/l...')
#2 /var/www/html/localfarm-master/vendor/codeigniter4/framework/system/Common.php(1119): CodeIgniter\View\View->render()
#3 /var/www/html/localfarm-master/app/Controllers/DaftarResep.php(59): view()
#4 /var/www/html/localfarm-master/vendor/codeigniter4/framework/system/CodeIgniter.php(918): App\Controllers\DaftarResep->index()
#5 /var/www/html/localfarm-master/vendor/codeigniter4/framework/system/CodeIgniter.php(404): CodeIgniter\CodeIgniter->runController()
#6 /var/www/html/localfarm-master/vendor/codeigniter4/framework/system/CodeIgniter.php(312): CodeIgniter\CodeIgniter->handleRequest()
#7 /var/www/html/localfarm-master/public/index.php(45): CodeIgniter\CodeIgniter->run()
#8 /var/www/html/localfarm-master/vendor/codeigniter4/framework/system/Commands/Server/rewrite.php(34): require_once('/var/www/html/l...')
#9 {main}
CRITICAL - 2020-12-23 03:46:22 --> Undefined variable: judulPage
#0 /var/www/html/localfarm-master/app/Views/_parts/header.php(27): CodeIgniter\Debug\Exceptions->errorHandler()
#1 /var/www/html/localfarm-master/vendor/codeigniter4/framework/system/View/View.php(246): include('/var/www/html/l...')
#2 /var/www/html/localfarm-master/vendor/codeigniter4/framework/system/Common.php(1119): CodeIgniter\View\View->render()
#3 /var/www/html/localfarm-master/app/Controllers/Tentang.php(54): view()
#4 /var/www/html/localfarm-master/vendor/codeigniter4/framework/system/CodeIgniter.php(918): App\Controllers\Tentang->index()
#5 /var/www/html/localfarm-master/vendor/codeigniter4/framework/system/CodeIgniter.php(404): CodeIgniter\CodeIgniter->runController()
#6 /var/www/html/localfarm-master/vendor/codeigniter4/framework/system/CodeIgniter.php(312): CodeIgniter\CodeIgniter->handleRequest()
#7 /var/www/html/localfarm-master/public/index.php(45): CodeIgniter\CodeIgniter->run()
#8 /var/www/html/localfarm-master/vendor/codeigniter4/framework/system/Commands/Server/rewrite.php(34): require_once('/var/www/html/l...')
#9 {main}
CRITICAL - 2020-12-23 03:48:10 --> Undefined variable: judulPage
#0 /var/www/html/localfarm-master/app/Views/_parts/header.php(27): CodeIgniter\Debug\Exceptions->errorHandler()
#1 /var/www/html/localfarm-master/vendor/codeigniter4/framework/system/View/View.php(246): include('/var/www/html/l...')
#2 /var/www/html/localfarm-master/vendor/codeigniter4/framework/system/Common.php(1119): CodeIgniter\View\View->render()
#3 /var/www/html/localfarm-master/app/Controllers/Tentang.php(54): view()
#4 /var/www/html/localfarm-master/vendor/codeigniter4/framework/system/CodeIgniter.php(918): App\Controllers\Tentang->index()
#5 /var/www/html/localfarm-master/vendor/codeigniter4/framework/system/CodeIgniter.php(404): CodeIgniter\CodeIgniter->runController()
#6 /var/www/html/localfarm-master/vendor/codeigniter4/framework/system/CodeIgniter.php(312): CodeIgniter\CodeIgniter->handleRequest()
#7 /var/www/html/localfarm-master/public/index.php(45): CodeIgniter\CodeIgniter->run()
#8 /var/www/html/localfarm-master/vendor/codeigniter4/framework/system/Commands/Server/rewrite.php(34): require_once('/var/www/html/l...')
#9 {main}
CRITICAL - 2020-12-23 03:48:11 --> Undefined variable: judulPage
#0 /var/www/html/localfarm-master/app/Views/_parts/header.php(27): CodeIgniter\Debug\Exceptions->errorHandler()
#1 /var/www/html/localfarm-master/vendor/codeigniter4/framework/system/View/View.php(246): include('/var/www/html/l...')
#2 /var/www/html/localfarm-master/vendor/codeigniter4/framework/system/Common.php(1119): CodeIgniter\View\View->render()
#3 /var/www/html/localfarm-master/app/Controllers/Tentang.php(54): view()
#4 /var/www/html/localfarm-master/vendor/codeigniter4/framework/system/CodeIgniter.php(918): App\Controllers\Tentang->index()
#5 /var/www/html/localfarm-master/vendor/codeigniter4/framework/system/CodeIgniter.php(404): CodeIgniter\CodeIgniter->runController()
#6 /var/www/html/localfarm-master/vendor/codeigniter4/framework/system/CodeIgniter.php(312): CodeIgniter\CodeIgniter->handleRequest()
#7 /var/www/html/localfarm-master/public/index.php(45): CodeIgniter\CodeIgniter->run()
#8 /var/www/html/localfarm-master/vendor/codeigniter4/framework/system/Commands/Server/rewrite.php(34): require_once('/var/www/html/l...')
#9 {main}
CRITICAL - 2020-12-23 03:51:14 --> Undefined variable: judulPage
#0 /var/www/html/localfarm-master/app/Views/_panel/v_dash.php(20): CodeIgniter\Debug\Exceptions->errorHandler()
#1 /var/www/html/localfarm-master/vendor/codeigniter4/framework/system/View/View.php(246): include('/var/www/html/l...')
#2 /var/www/html/localfarm-master/vendor/codeigniter4/framework/system/Common.php(1119): CodeIgniter\View\View->render()
#3 /var/www/html/localfarm-master/app/Controllers/Panel.php(75): view()
#4 /var/www/html/localfarm-master/app/Controllers/Panel.php(47): App\Controllers\Panel->dash()
#5 /var/www/html/localfarm-master/vendor/codeigniter4/framework/system/CodeIgniter.php(918): App\Controllers\Panel->index()
#6 /var/www/html/localfarm-master/vendor/codeigniter4/framework/system/CodeIgniter.php(404): CodeIgniter\CodeIgniter->runController()
#7 /var/www/html/localfarm-master/vendor/codeigniter4/framework/system/CodeIgniter.php(312): CodeIgniter\CodeIgniter->handleRequest()
#8 /var/www/html/localfarm-master/public/index.php(45): CodeIgniter\CodeIgniter->run()
#9 /var/www/html/localfarm-master/vendor/codeigniter4/framework/system/Commands/Server/rewrite.php(34): require_once('/var/www/html/l...')
#10 {main}
CRITICAL - 2020-12-23 03:52:31 --> Undefined variable: judulPage
#0 /var/www/html/localfarm-master/app/Views/_panel/v_dash.php(20): CodeIgniter\Debug\Exceptions->errorHandler()
#1 /var/www/html/localfarm-master/vendor/codeigniter4/framework/system/View/View.php(246): include('/var/www/html/l...')
#2 /var/www/html/localfarm-master/vendor/codeigniter4/framework/system/Common.php(1119): CodeIgniter\View\View->render()
#3 /var/www/html/localfarm-master/app/Controllers/Panel.php(75): view()
#4 /var/www/html/localfarm-master/vendor/codeigniter4/framework/system/CodeIgniter.php(918): App\Controllers\Panel->dash()
#5 /var/www/html/localfarm-master/vendor/codeigniter4/framework/system/CodeIgniter.php(404): CodeIgniter\CodeIgniter->runController()
#6 /var/www/html/localfarm-master/vendor/codeigniter4/framework/system/CodeIgniter.php(312): CodeIgniter\CodeIgniter->handleRequest()
#7 /var/www/html/localfarm-master/public/index.php(45): CodeIgniter\CodeIgniter->run()
#8 /var/www/html/localfarm-master/vendor/codeigniter4/framework/system/Commands/Server/rewrite.php(34): require_once('/var/www/html/l...')
#9 {main}
CRITICAL - 2020-12-23 03:52:31 --> Undefined variable: judulPage
#0 /var/www/html/localfarm-master/app/Views/_panel/v_dash.php(20): CodeIgniter\Debug\Exceptions->errorHandler()
#1 /var/www/html/localfarm-master/vendor/codeigniter4/framework/system/View/View.php(246): include('/var/www/html/l...')
#2 /var/www/html/localfarm-master/vendor/codeigniter4/framework/system/Common.php(1119): CodeIgniter\View\View->render()
#3 /var/www/html/localfarm-master/app/Controllers/Panel.php(75): view()
#4 /var/www/html/localfarm-master/vendor/codeigniter4/framework/system/CodeIgniter.php(918): App\Controllers\Panel->dash()
#5 /var/www/html/localfarm-master/vendor/codeigniter4/framework/system/CodeIgniter.php(404): CodeIgniter\CodeIgniter->runController()
#6 /var/www/html/localfarm-master/vendor/codeigniter4/framework/system/CodeIgniter.php(312): CodeIgniter\CodeIgniter->handleRequest()
#7 /var/www/html/localfarm-master/public/index.php(45): CodeIgniter\CodeIgniter->run()
#8 /var/www/html/localfarm-master/vendor/codeigniter4/framework/system/Commands/Server/rewrite.php(34): require_once('/var/www/html/l...')
#9 {main}
CRITICAL - 2020-12-23 03:56:28 --> Undefined variable: judulPage
#0 /var/www/html/localfarm-master/app/Views/_panel/v_form.php(21): CodeIgniter\Debug\Exceptions->errorHandler()
#1 /var/www/html/localfarm-master/vendor/codeigniter4/framework/system/View/View.php(246): include('/var/www/html/l...')
#2 /var/www/html/localfarm-master/vendor/codeigniter4/framework/system/Common.php(1119): CodeIgniter\View\View->render()
#3 /var/www/html/localfarm-master/app/Controllers/Panel.php(188): view()
#4 /var/www/html/localfarm-master/vendor/codeigniter4/framework/system/CodeIgniter.php(918): App\Controllers\Panel->form()
#5 /var/www/html/localfarm-master/vendor/codeigniter4/framework/system/CodeIgniter.php(404): CodeIgniter\CodeIgniter->runController()
#6 /var/www/html/localfarm-master/vendor/codeigniter4/framework/system/CodeIgniter.php(312): CodeIgniter\CodeIgniter->handleRequest()
#7 /var/www/html/localfarm-master/public/index.php(45): CodeIgniter\CodeIgniter->run()
#8 /var/www/html/localfarm-master/vendor/codeigniter4/framework/system/Commands/Server/rewrite.php(34): require_once('/var/www/html/l...')
#9 {main}
CRITICAL - 2020-12-23 03:56:59 --> Undefined variable: judulPage
#0 /var/www/html/localfarm-master/app/Views/_panel/v_signin.php(17): CodeIgniter\Debug\Exceptions->errorHandler()
#1 /var/www/html/localfarm-master/vendor/codeigniter4/framework/system/View/View.php(246): include('/var/www/html/l...')
#2 /var/www/html/localfarm-master/vendor/codeigniter4/framework/system/Common.php(1119): CodeIgniter\View\View->render()
#3 /var/www/html/localfarm-master/app/Controllers/Panel.php(123): view()
#4 /var/www/html/localfarm-master/vendor/codeigniter4/framework/system/CodeIgniter.php(918): App\Controllers\Panel->signIn()
#5 /var/www/html/localfarm-master/vendor/codeigniter4/framework/system/CodeIgniter.php(404): CodeIgniter\CodeIgniter->runController()
#6 /var/www/html/localfarm-master/vendor/codeigniter4/framework/system/CodeIgniter.php(312): CodeIgniter\CodeIgniter->handleRequest()
#7 /var/www/html/localfarm-master/public/index.php(45): CodeIgniter\CodeIgniter->run()
#8 /var/www/html/localfarm-master/vendor/codeigniter4/framework/system/Commands/Server/rewrite.php(34): require_once('/var/www/html/l...')
#9 {main}
