CRITICAL - 2020-12-10 02:15:19 --> Undefined index: REMOTE_USER
#0 /var/www/html/localfarm-master/app/Views/v_beranda.php(2): CodeIgniter\Debug\Exceptions->errorHandler()
#1 /var/www/html/localfarm-master/vendor/codeigniter4/framework/system/View/View.php(246): include('/var/www/html/l...')
#2 /var/www/html/localfarm-master/vendor/codeigniter4/framework/system/Common.php(1119): CodeIgniter\View\View->render()
#3 /var/www/html/localfarm-master/app/Controllers/Beranda.php(8): view()
#4 /var/www/html/localfarm-master/vendor/codeigniter4/framework/system/CodeIgniter.php(918): App\Controllers\Beranda->index()
#5 /var/www/html/localfarm-master/vendor/codeigniter4/framework/system/CodeIgniter.php(404): CodeIgniter\CodeIgniter->runController()
#6 /var/www/html/localfarm-master/vendor/codeigniter4/framework/system/CodeIgniter.php(312): CodeIgniter\CodeIgniter->handleRequest()
#7 /var/www/html/localfarm-master/public/index.php(45): CodeIgniter\CodeIgniter->run()
#8 /var/www/html/localfarm-master/vendor/codeigniter4/framework/system/Commands/Server/rewrite.php(34): require_once('/var/www/html/l...')
#9 {main}
CRITICAL - 2020-12-10 02:16:12 --> Undefined index: REMOTE_USER
#0 /var/www/html/localfarm-master/app/Views/v_beranda.php(2): CodeIgniter\Debug\Exceptions->errorHandler()
#1 /var/www/html/localfarm-master/vendor/codeigniter4/framework/system/View/View.php(246): include('/var/www/html/l...')
#2 /var/www/html/localfarm-master/vendor/codeigniter4/framework/system/Common.php(1119): CodeIgniter\View\View->render()
#3 /var/www/html/localfarm-master/app/Controllers/Beranda.php(8): view()
#4 /var/www/html/localfarm-master/vendor/codeigniter4/framework/system/CodeIgniter.php(918): App\Controllers\Beranda->index()
#5 /var/www/html/localfarm-master/vendor/codeigniter4/framework/system/CodeIgniter.php(404): CodeIgniter\CodeIgniter->runController()
#6 /var/www/html/localfarm-master/vendor/codeigniter4/framework/system/CodeIgniter.php(312): CodeIgniter\CodeIgniter->handleRequest()
#7 /var/www/html/localfarm-master/public/index.php(45): CodeIgniter\CodeIgniter->run()
#8 /var/www/html/localfarm-master/vendor/codeigniter4/framework/system/Commands/Server/rewrite.php(34): require_once('/var/www/html/l...')
#9 {main}
CRITICAL - 2020-12-10 02:16:13 --> Undefined index: REMOTE_USER
#0 /var/www/html/localfarm-master/app/Views/v_beranda.php(2): CodeIgniter\Debug\Exceptions->errorHandler()
#1 /var/www/html/localfarm-master/vendor/codeigniter4/framework/system/View/View.php(246): include('/var/www/html/l...')
#2 /var/www/html/localfarm-master/vendor/codeigniter4/framework/system/Common.php(1119): CodeIgniter\View\View->render()
#3 /var/www/html/localfarm-master/app/Controllers/Beranda.php(8): view()
#4 /var/www/html/localfarm-master/vendor/codeigniter4/framework/system/CodeIgniter.php(918): App\Controllers\Beranda->index()
#5 /var/www/html/localfarm-master/vendor/codeigniter4/framework/system/CodeIgniter.php(404): CodeIgniter\CodeIgniter->runController()
#6 /var/www/html/localfarm-master/vendor/codeigniter4/framework/system/CodeIgniter.php(312): CodeIgniter\CodeIgniter->handleRequest()
#7 /var/www/html/localfarm-master/public/index.php(45): CodeIgniter\CodeIgniter->run()
#8 /var/www/html/localfarm-master/vendor/codeigniter4/framework/system/Commands/Server/rewrite.php(34): require_once('/var/www/html/l...')
#9 {main}
CRITICAL - 2020-12-10 03:15:11 --> Undefined index: REMOTE_USER
#0 /var/www/html/localfarm-master/app/Views/v_beranda.php(2): CodeIgniter\Debug\Exceptions->errorHandler()
#1 /var/www/html/localfarm-master/vendor/codeigniter4/framework/system/View/View.php(246): include('/var/www/html/l...')
#2 /var/www/html/localfarm-master/vendor/codeigniter4/framework/system/Common.php(1119): CodeIgniter\View\View->render()
#3 /var/www/html/localfarm-master/app/Controllers/Beranda.php(8): view()
#4 /var/www/html/localfarm-master/vendor/codeigniter4/framework/system/CodeIgniter.php(918): App\Controllers\Beranda->index()
#5 /var/www/html/localfarm-master/vendor/codeigniter4/framework/system/CodeIgniter.php(404): CodeIgniter\CodeIgniter->runController()
#6 /var/www/html/localfarm-master/vendor/codeigniter4/framework/system/CodeIgniter.php(312): CodeIgniter\CodeIgniter->handleRequest()
#7 /var/www/html/localfarm-master/public/index.php(45): CodeIgniter\CodeIgniter->run()
#8 /var/www/html/localfarm-master/vendor/codeigniter4/framework/system/Commands/Server/rewrite.php(34): require_once('/var/www/html/l...')
#9 {main}
CRITICAL - 2020-12-10 03:18:41 --> Undefined index: REMOTE_USER
#0 /var/www/html/localfarm-master/app/Views/v_beranda.php(2): CodeIgniter\Debug\Exceptions->errorHandler()
#1 /var/www/html/localfarm-master/vendor/codeigniter4/framework/system/View/View.php(246): include('/var/www/html/l...')
#2 /var/www/html/localfarm-master/vendor/codeigniter4/framework/system/Common.php(1119): CodeIgniter\View\View->render()
#3 /var/www/html/localfarm-master/app/Controllers/Beranda.php(8): view()
#4 /var/www/html/localfarm-master/vendor/codeigniter4/framework/system/CodeIgniter.php(918): App\Controllers\Beranda->index()
#5 /var/www/html/localfarm-master/vendor/codeigniter4/framework/system/CodeIgniter.php(404): CodeIgniter\CodeIgniter->runController()
#6 /var/www/html/localfarm-master/vendor/codeigniter4/framework/system/CodeIgniter.php(312): CodeIgniter\CodeIgniter->handleRequest()
#7 /var/www/html/localfarm-master/public/index.php(45): CodeIgniter\CodeIgniter->run()
#8 /var/www/html/localfarm-master/vendor/codeigniter4/framework/system/Commands/Server/rewrite.php(34): require_once('/var/www/html/l...')
#9 {main}
CRITICAL - 2020-12-10 03:18:43 --> Undefined index: REMOTE_USER
#0 /var/www/html/localfarm-master/app/Views/v_beranda.php(2): CodeIgniter\Debug\Exceptions->errorHandler()
#1 /var/www/html/localfarm-master/vendor/codeigniter4/framework/system/View/View.php(246): include('/var/www/html/l...')
#2 /var/www/html/localfarm-master/vendor/codeigniter4/framework/system/Common.php(1119): CodeIgniter\View\View->render()
#3 /var/www/html/localfarm-master/app/Controllers/Beranda.php(8): view()
#4 /var/www/html/localfarm-master/vendor/codeigniter4/framework/system/CodeIgniter.php(918): App\Controllers\Beranda->index()
#5 /var/www/html/localfarm-master/vendor/codeigniter4/framework/system/CodeIgniter.php(404): CodeIgniter\CodeIgniter->runController()
#6 /var/www/html/localfarm-master/vendor/codeigniter4/framework/system/CodeIgniter.php(312): CodeIgniter\CodeIgniter->handleRequest()
#7 /var/www/html/localfarm-master/public/index.php(45): CodeIgniter\CodeIgniter->run()
#8 /var/www/html/localfarm-master/vendor/codeigniter4/framework/system/Commands/Server/rewrite.php(34): require_once('/var/www/html/l...')
#9 {main}
CRITICAL - 2020-12-10 07:32:46 --> Undefined index: REMOTE_USER
#0 /var/www/html/localfarm-master/app/Views/v_beranda.php(2): CodeIgniter\Debug\Exceptions->errorHandler()
#1 /var/www/html/localfarm-master/vendor/codeigniter4/framework/system/View/View.php(246): include('/var/www/html/l...')
#2 /var/www/html/localfarm-master/vendor/codeigniter4/framework/system/Common.php(1119): CodeIgniter\View\View->render()
#3 /var/www/html/localfarm-master/app/Controllers/Beranda.php(8): view()
#4 /var/www/html/localfarm-master/vendor/codeigniter4/framework/system/CodeIgniter.php(918): App\Controllers\Beranda->index()
#5 /var/www/html/localfarm-master/vendor/codeigniter4/framework/system/CodeIgniter.php(404): CodeIgniter\CodeIgniter->runController()
#6 /var/www/html/localfarm-master/vendor/codeigniter4/framework/system/CodeIgniter.php(312): CodeIgniter\CodeIgniter->handleRequest()
#7 /var/www/html/localfarm-master/public/index.php(45): CodeIgniter\CodeIgniter->run()
#8 /var/www/html/localfarm-master/vendor/codeigniter4/framework/system/Commands/Server/rewrite.php(34): require_once('/var/www/html/l...')
#9 {main}
CRITICAL - 2020-12-10 10:03:25 --> Unable to connect to the database.
#0 /var/www/html/localfarm-master/vendor/codeigniter4/framework/system/Database/Database.php(109): CodeIgniter\Database\BaseConnection->initialize()
#1 /var/www/html/localfarm-master/vendor/codeigniter4/framework/system/Database/Config.php(148): CodeIgniter\Database\Database->loadForge()
#2 /var/www/html/localfarm-master/vendor/codeigniter4/framework/system/Database/Migration.php(78): CodeIgniter\Database\Config::forge()
#3 /var/www/html/localfarm-master/vendor/codeigniter4/framework/system/Database/MigrationRunner.php(1026): CodeIgniter\Database\Migration->__construct()
#4 /var/www/html/localfarm-master/vendor/codeigniter4/framework/system/Database/MigrationRunner.php(223): CodeIgniter\Database\MigrationRunner->migrate()
#5 /var/www/html/localfarm-master/vendor/codeigniter4/framework/system/Commands/Database/Migrate.php(128): CodeIgniter\Database\MigrationRunner->latest()
#6 /var/www/html/localfarm-master/vendor/codeigniter4/framework/system/CLI/Commands.php(100): CodeIgniter\Commands\Database\Migrate->run()
#7 /var/www/html/localfarm-master/vendor/codeigniter4/framework/system/CLI/BaseCommand.php(155): CodeIgniter\CLI\Commands->run()
#8 /var/www/html/localfarm-master/vendor/codeigniter4/framework/system/Commands/Database/MigrateRefresh.php(124): CodeIgniter\CLI\BaseCommand->call()
#9 /var/www/html/localfarm-master/vendor/codeigniter4/framework/system/CLI/Commands.php(100): CodeIgniter\Commands\Database\MigrateRefresh->run()
#10 /var/www/html/localfarm-master/vendor/codeigniter4/framework/system/CLI/CommandRunner.php(107): CodeIgniter\CLI\Commands->run()
#11 /var/www/html/localfarm-master/vendor/codeigniter4/framework/system/CLI/CommandRunner.php(85): CodeIgniter\CLI\CommandRunner->index()
#12 /var/www/html/localfarm-master/vendor/codeigniter4/framework/system/CodeIgniter.php(914): CodeIgniter\CLI\CommandRunner->_remap()
#13 /var/www/html/localfarm-master/vendor/codeigniter4/framework/system/CodeIgniter.php(404): CodeIgniter\CodeIgniter->runController()
#14 /var/www/html/localfarm-master/vendor/codeigniter4/framework/system/CodeIgniter.php(312): CodeIgniter\CodeIgniter->handleRequest()
#15 /var/www/html/localfarm-master/vendor/codeigniter4/framework/system/CLI/Console.php(86): CodeIgniter\CodeIgniter->run()
#16 /var/www/html/localfarm-master/spark(57): CodeIgniter\CLI\Console->run()
#17 {main}
